{"logTime": "0608/145456", "correlationVector":"++tGRnfPn+6PwKE0zH91Ab.1","action":"SyncServerConnectionManagerRequest", "result":"SYNC_SERVER_OK", "context":{"environment":"Prod_brazilsouth_prod-s01-034-sam-brazilsouth", "migrationStage":"NotStarted", "server":"akswtt101000003"}}
{"logTime": "0608/145456", "correlationVector":"++tGRnfPn+6PwKE0zH91Ab.2","action":"ProcessGetUpdates", "result":"Done", "context":{"dataType":"Encryption Keys", "deleted":"0", "process_failed_to_decrypt":"0", "process_pending_decryption":"0", "process_success":"1", "total":"1"}}
{"logTime": "0608/145457", "correlationVector":"f4REL8JwZrRnR4AI6XT0Cj","action":"SyncServerConnectionManagerRequest", "result":"SYNC_SERVER_OK", "context":{"environment":"", "migrationStage":"", "server":""}}
{"logTime": "0608/145457", "correlationVector":"f4REL8JwZrRnR4AI6XT0Cj.0","action":"EncryptionKeysFetcher.DownloadKeys:", "result":"Success", "context":Key count: 9, Last key timestamp: 2026-01-13T01:02:39Z}
{"logTime": "0608/145457", "correlationVector":"f4REL8JwZrRnR4AI6XT0Cj.1","action":"EncryptionKeysManager::SetEncryptionKeys:", "result":"Success", "context":Key names[9]:[sXZOF0YXUBMS3Q7aC2XdR9MkseRkZ6TZPfUoIOR8AVq5DSuO644o4rBajSpTEoYCC9+0QwWb4cTfMq/KSi2WvQ==][7LfXeVoUoCOn65I6qtzBh7sw8DSTfbPRLNTHzhDLHL2U51gcTR4XZ25kVL9mM/XTKz+6okpLmd7fZBdjxOD/Xg==][sLE+qxoviNwxp6HN/l7K/EDiKDT58Wt35fpjpsUhhUeURCWDdhOcJQ0snxBSLzDciNdQX6QMcD1b0I9U/8IYdA==][w6rPscZoktBM6yDmjuH3wbxhuIuLs4Yjw7gHuwWECtmPurVTujknCIvmI04gyaUhNfp3A7wrcnJJzBdzwWRfqw==][EY1GXdTQqfddqNDWPGiqzFbnDEmTSMsKghX2ljx0cLSkpoQJTYsn/4+OHZBjXEjZo9o7xS0mzfTxcJTgDI4QKQ==][CBIRhkziLil9EOR3fg4m181m/OvEhlkaAZ99KX55M3u3Xw+hAoQ9tm89OYXoF4LIov8xjvVXcaCkuwz+Kn9NWw==][nWEIkxXHogTrB+AmmEbxOr2eKGyl9iLv3eCaSJqPwbIwIKKTBWUxS6UPMG5gxPXc/20/bFEEf0Htdu5N6A7MaQ==][A7AkVEpVljx5jEsbAist/mZgufXtJQRzRkQJuCaUprkkCtmr2pCdUwpMdDYKc3YPN9jvxtBQSCDPdTr+Tizuvw==][rTZbJaCFsaIXlINo9nXF8Kl+vlrTDNA7rYpASIsF457OXdkW94BhBO/yrER182v0S4zLKou96fgu28ImpZ/DZw==]}
{"logTime": "0608/145457", "correlationVector":"f4REL8JwZrRnR4AI6XT0Cj.2","action":"EncryptionKeysManager::SetEncryptionKeysWithTimestamps:", "result":"Success", "context":Key timestamps[9]:[2022-01-03T20:25:40Z][2022-07-19T22:11:41Z][2023-01-24T16:33:01Z][2023-07-10T14:29:02Z][2024-01-13T05:36:02Z][2024-07-12T14:23:30Z][2025-01-08T15:15:01Z][2025-07-08T14:04:14Z][2026-01-13T01:02:39Z]}
{"logTime": "0608/145457", "correlationVector":"++tGRnfPn+6PwKE0zH91Ab","action":"Initial GetUpdates", "result":"", "context":Reason: NEW_CLIENT. cV=++tGRnfPn+6PwKE0zH91Ab}
{"logTime": "0608/145457", "correlationVector":"++tGRnfPn+6PwKE0zH91Ab.3","action":"GetUpdates Response", "result":"Success", "context":Received 1 update(s). cV=++tGRnfPn+6PwKE0zH91Ab.0;server=akswtt101000003;cloudType=Consumer;environment=Prod_brazilsouth_prod-s01-034-sam-brazilsouth;migrationStage=NotStarted}
{"logTime": "0608/145457", "correlationVector":"eGFkeAgGTvCqjsFrYxVtfI","action":"Initial GetUpdates", "result":"", "context":Reason: NEWLY_SUPPORTED_DATATYPE. cV=eGFkeAgGTvCqjsFrYxVtfI}
{"logTime": "0608/145458", "correlationVector":"eGFkeAgGTvCqjsFrYxVtfI.1","action":"SyncServerConnectionManagerRequest", "result":"SYNC_SERVER_OK", "context":{"environment":"Prod_brazilsouth_prod-s01-034-sam-brazilsouth", "migrationStage":"NotStarted", "server":"akswtt10100000s"}}
{"logTime": "0608/145458", "correlationVector":"eGFkeAgGTvCqjsFrYxVtfI.2","action":"ProcessGetUpdates", "result":"Done", "context":{"dataType":"Preferences", "deleted":"0", "process_failed_to_decrypt":"0", "process_pending_decryption":"0", "process_success":"64", "total":"64"}}
{"logTime": "0608/145458", "correlationVector":"eGFkeAgGTvCqjsFrYxVtfI.3","action":"ProcessGetUpdates", "result":"Done", "context":{"dataType":"Passwords", "deleted":"0", "process_failed_to_decrypt":"0", "process_pending_decryption":"0", "process_success":"176", "total":"176"}}
{"logTime": "0608/145458", "correlationVector":"eGFkeAgGTvCqjsFrYxVtfI.4","action":"ProcessGetUpdates", "result":"Done", "context":{"dataType":"Device Info", "deleted":"0", "process_failed_to_decrypt":"0", "process_pending_decryption":"0", "process_success":"10", "total":"10"}}
{"logTime": "0608/145458", "correlationVector":"eGFkeAgGTvCqjsFrYxVtfI.5","action":"GetUpdates Response", "result":"Success", "context":Received 250 update(s). cV=eGFkeAgGTvCqjsFrYxVtfI.0;server=akswtt10100000s;cloudType=Consumer;environment=Prod_brazilsouth_prod-s01-034-sam-brazilsouth;migrationStage=NotStarted Some updates remain.}
{"logTime": "0608/145458", "correlationVector":"IrMOPpg1i0jvC01k/mSMwb","action":"Initial GetUpdates", "result":"", "context":Reason: NEWLY_SUPPORTED_DATATYPE. cV=IrMOPpg1i0jvC01k/mSMwb}
{"logTime": "0608/145458", "correlationVector":"IrMOPpg1i0jvC01k/mSMwb.1","action":"SyncServerConnectionManagerRequest", "result":"SYNC_SERVER_OK", "context":{"environment":"Prod_brazilsouth_prod-s01-034-sam-brazilsouth", "migrationStage":"NotStarted", "server":"akswtt10100000v"}}
{"logTime": "0608/145458", "correlationVector":"IrMOPpg1i0jvC01k/mSMwb.2","action":"ProcessGetUpdates", "result":"Done", "context":{"dataType":"Preferences", "deleted":"0", "process_failed_to_decrypt":"0", "process_pending_decryption":"0", "process_success":"8", "total":"8"}}
{"logTime": "0608/145458", "correlationVector":"IrMOPpg1i0jvC01k/mSMwb.3","action":"ProcessGetUpdates", "result":"Done", "context":{"dataType":"Passwords", "deleted":"0", "process_failed_to_decrypt":"0", "process_pending_decryption":"0", "process_success":"86", "total":"86"}}
{"logTime": "0608/145458", "correlationVector":"IrMOPpg1i0jvC01k/mSMwb.4","action":"ProcessGetUpdates", "result":"Done", "context":{"dataType":"Device Info", "deleted":"0", "process_failed_to_decrypt":"0", "process_pending_decryption":"0", "process_success":"4", "total":"4"}}
{"logTime": "0608/145458", "correlationVector":"IrMOPpg1i0jvC01k/mSMwb.5","action":"GetUpdates Response", "result":"Success", "context":Received 98 update(s). cV=IrMOPpg1i0jvC01k/mSMwb.0;server=akswtt10100000v;cloudType=Consumer;environment=Prod_brazilsouth_prod-s01-034-sam-brazilsouth;migrationStage=NotStarted}
{"logTime": "0608/145458", "correlationVector":"rcUJQrPOKm/dpgfPVKYZXn","action":"Initial GetUpdates", "result":"", "context":Reason: NEWLY_SUPPORTED_DATATYPE. cV=rcUJQrPOKm/dpgfPVKYZXn}
{"logTime": "0608/145459", "correlationVector":"rcUJQrPOKm/dpgfPVKYZXn.1","action":"SyncServerConnectionManagerRequest", "result":"SYNC_SERVER_OK", "context":{"environment":"Prod_brazilsouth_prod-s01-034-sam-brazilsouth", "migrationStage":"NotStarted", "server":"akswtt10100000q"}}
{"logTime": "0608/145459", "correlationVector":"rcUJQrPOKm/dpgfPVKYZXn.2","action":"ProcessGetUpdates", "result":"Done", "context":{"dataType":"Bookmarks", "deleted":"0", "process_failed_to_decrypt":"0", "process_pending_decryption":"0", "process_success":"54", "total":"54"}}
{"logTime": "0608/145459", "correlationVector":"rcUJQrPOKm/dpgfPVKYZXn.3","action":"GetUpdates Response", "result":"Success", "context":Received 54 update(s). cV=rcUJQrPOKm/dpgfPVKYZXn.0;server=akswtt10100000q;cloudType=Consumer;environment=Prod_brazilsouth_prod-s01-034-sam-brazilsouth;migrationStage=NotStarted}
{"logTime": "0608/145459", "correlationVector":"htozeyTOKeCCq1IjtLOHVH","action":"Initial GetUpdates", "result":"", "context":Reason: NEWLY_SUPPORTED_DATATYPE. cV=htozeyTOKeCCq1IjtLOHVH}
{"logTime": "0608/145459", "correlationVector":"htozeyTOKeCCq1IjtLOHVH.1","action":"SyncServerConnectionManagerRequest", "result":"SYNC_SERVER_OK", "context":{"environment":"Prod_brazilsouth_prod-s01-034-sam-brazilsouth", "migrationStage":"NotStarted", "server":"akswtt10100000x"}}
{"logTime": "0608/145459", "correlationVector":"htozeyTOKeCCq1IjtLOHVH.2","action":"ProcessGetUpdates", "result":"Done", "context":{"dataType":"Autofill", "deleted":"0", "process_failed_to_decrypt":"0", "process_pending_decryption":"0", "process_success":"1", "total":"1"}}
{"logTime": "0608/145459", "correlationVector":"htozeyTOKeCCq1IjtLOHVH.3","action":"ProcessGetUpdates", "result":"Done", "context":{"dataType":"Sessions", "deleted":"2", "process_failed_to_decrypt":"0", "process_pending_decryption":"0", "process_success":"8", "total":"8"}}
{"logTime": "0608/145459", "correlationVector":"htozeyTOKeCCq1IjtLOHVH.4","action":"ProcessGetUpdates", "result":"Done", "context":{"dataType":"Edge Hub App Usage", "deleted":"1", "process_failed_to_decrypt":"0", "process_pending_decryption":"0", "process_success":"4", "total":"4"}}
{"logTime": "0608/145459", "correlationVector":"htozeyTOKeCCq1IjtLOHVH.5","action":"GetUpdates Response", "result":"Success", "context":Received 13 update(s). cV=htozeyTOKeCCq1IjtLOHVH.0;server=akswtt10100000x;cloudType=Consumer;environment=Prod_brazilsouth_prod-s01-034-sam-brazilsouth;migrationStage=NotStarted}
{"logTime": "0608/145459", "correlationVector":"BIpfcmRlPWCOLhFlVXWIKK","action":"Initial GetUpdates", "result":"", "context":Reason: NEWLY_SUPPORTED_DATATYPE. cV=BIpfcmRlPWCOLhFlVXWIKK}
{"logTime": "0608/145500", "correlationVector":"BIpfcmRlPWCOLhFlVXWIKK.1","action":"SyncServerConnectionManagerRequest", "result":"SYNC_SERVER_OK", "context":{"environment":"Prod_brazilsouth_prod-s01-034-sam-brazilsouth", "migrationStage":"NotStarted", "server":"akswtt10100000w"}}
{"logTime": "0608/145500", "correlationVector":"BIpfcmRlPWCOLhFlVXWIKK.2","action":"ProcessGetUpdates", "result":"Done", "context":{"dataType":"History", "deleted":"0", "process_failed_to_decrypt":"0", "process_pending_decryption":"0", "process_success":"2", "total":"2"}}
{"logTime": "0608/145500", "correlationVector":"BIpfcmRlPWCOLhFlVXWIKK.3","action":"GetUpdates Response", "result":"Success", "context":Received 2 update(s). cV=BIpfcmRlPWCOLhFlVXWIKK.0;server=akswtt10100000w;cloudType=Consumer;environment=Prod_brazilsouth_prod-s01-034-sam-brazilsouth;migrationStage=NotStarted}
{"logTime": "0608/145500", "correlationVector":"UFK+tGOU/nF4SGlwMdAEfd","action":"Normal GetUpdate request", "result":"", "context":cV=UFK+tGOU/nF4SGlwMdAEfd
Nudged types: Sessions, Device Info, User Consents
Refresh requested types: Bookmarks, Preferences, Passwords, Autofill Profiles, Autofill, Extensions, Sessions, Extension settings, History Delete Directives, Device Info, User Consents, Send Tab To Self, Web Apps, History, Saved Tab Group, WebAuthn Credentials, Edge E Drop, Edge Hub App Usage, Edge Wallet, Edge Workspace, Encryption Keys}
{"logTime": "0608/145501", "correlationVector":"UFK+tGOU/nF4SGlwMdAEfd.1","action":"SyncServerConnectionManagerRequest", "result":"SYNC_SERVER_OK", "context":{"environment":"Prod_brazilsouth_prod-s01-034-sam-brazilsouth", "migrationStage":"NotStarted", "server":"akswtt10100000z"}}
{"logTime": "0608/145501", "correlationVector":"UFK+tGOU/nF4SGlwMdAEfd.2","action":"GetUpdates Response", "result":"Success", "context":Received 0 update(s). cV=UFK+tGOU/nF4SGlwMdAEfd.0;server=akswtt10100000z;cloudType=Consumer;environment=Prod_brazilsouth_prod-s01-034-sam-brazilsouth;migrationStage=NotStarted}
{"logTime": "0608/145501", "correlationVector":"J45OoyENevB1n0Inn5bna6","action":"DoCompareDataConsistency requsted types: ", "result":"Bookmarks, Preferences, Passwords, Extensions, Extension settings, History Delete Directives, Send Tab To Self, Web Apps, History, Saved Tab Group, WebAuthn Credentials, Edge E Drop, Edge Wallet, Edge Workspace, Encryption Keys"}
{"logTime": "0608/145501", "correlationVector":"J45OoyENevB1n0Inn5bna6.0","action":"CompareDataConsistency result: ", "result":"Compare result: Encryption Keys is consistent. local entities count is: 1 local entities hash is: i8y/lJ8tlmA/TCCAddVtz7lHhX0="}
{"logTime": "0608/145501", "correlationVector":"J45OoyENevB1n0Inn5bna6.1","action":"CompareDataConsistency result: ", "result":"Compare result: Bookmarks is consistent. local entities count is: 48 local entities hash is: TCVZYe/vXeXxdKpeHOTH6hatNAA="}
{"logTime": "0608/145501", "correlationVector":"J45OoyENevB1n0Inn5bna6.2","action":"CompareDataConsistency result: ", "result":"Compare result: Preferences is consistent. local entities count is: 72 local entities hash is: 3GqjSH2r0TwPoRewXHuy6vy8ZHs="}
{"logTime": "0608/145501", "correlationVector":"J45OoyENevB1n0Inn5bna6.3","action":"CompareDataConsistency result: ", "result":"Compare result: Extensions is consistent. local entities count is: 0 local entities hash is: "}
{"logTime": "0608/145501", "correlationVector":"J45OoyENevB1n0Inn5bna6.4","action":"CompareDataConsistency result: ", "result":"Compare result: Extension settings is consistent. local entities count is: 0 local entities hash is: "}
{"logTime": "0608/145501", "correlationVector":"J45OoyENevB1n0Inn5bna6.5","action":"CompareDataConsistency result: ", "result":"Compare result: History Delete Directives is consistent. local entities count is: 0 local entities hash is: "}
{"logTime": "0608/145501", "correlationVector":"J45OoyENevB1n0Inn5bna6.6","action":"CompareDataConsistency result: ", "result":"Server did not send this Send Tab To Self local entities count is: 0 local entities hash is: "}
{"logTime": "0608/145501", "correlationVector":"J45OoyENevB1n0Inn5bna6.7","action":"CompareDataConsistency result: ", "result":"Compare result: Web Apps is consistent. local entities count is: 0 local entities hash is: "}
{"logTime": "0608/145501", "correlationVector":"J45OoyENevB1n0Inn5bna6.8","action":"CompareDataConsistency result: ", "result":"Server did not send this History local entities count is: 0 local entities hash is: "}
{"logTime": "0608/145501", "correlationVector":"J45OoyENevB1n0Inn5bna6.9","action":"CompareDataConsistency result: ", "result":"Compare result: Saved Tab Group is consistent. local entities count is: 0 local entities hash is: "}
{"logTime": "0608/145501", "correlationVector":"J45OoyENevB1n0Inn5bna6.10","action":"CompareDataConsistency result: ", "result":"Server did not send this WebAuthn Credentials local entities count is: 0 local entities hash is: "}
{"logTime": "0608/145501", "correlationVector":"J45OoyENevB1n0Inn5bna6.11","action":"CompareDataConsistency result: ", "result":"Compare result: Edge E Drop is consistent. local entities count is: 0 local entities hash is: "}
{"logTime": "0608/145501", "correlationVector":"J45OoyENevB1n0Inn5bna6.12","action":"CompareDataConsistency result: ", "result":"Compare result: Edge Wallet is consistent. local entities count is: 0 local entities hash is: "}
{"logTime": "0608/145501", "correlationVector":"J45OoyENevB1n0Inn5bna6.13","action":"CompareDataConsistency result: ", "result":"Server did not send this Edge Workspace local entities count is: 0 local entities hash is: "}
{"logTime": "0608/145501", "correlationVector":"J45OoyENevB1n0Inn5bna6.14","action":"CompareDataConsistency result: ", "result":"Compare result: Passwords is consistent. local entities count is: 262 local entities hash is: joutU05vosVqnOCkJp5Obo/gX8M="}
{"logTime": "0608/145501", "correlationVector":"jqWsMy9J0BEDz8ggCPmgKc","action":"Commit Request", "result":"", "context":Item count: 4
Contributing types: Sessions, Device Info, User Consents}
{"logTime": "0608/145501", "correlationVector":"jqWsMy9J0BEDz8ggCPmgKc","action":"SyncServerConnectionManagerRequest", "result":"CONNECTION_UNAVAILABLE", "context":{"error_type":"net_error_code", "error_value":"-3"}}
