{"logTime": "0608/145436", "correlationVector":"DFR/SjEG/dERBgs15TBD+C.1","action":"SyncServerConnectionManagerRequest", "result":"SYNC_SERVER_OK", "context":{"environment":"Prod_brazilsouth_prod-s01-034-sam-brazilsouth", "migrationStage":"NotStarted", "server":"akswtt10100000u"}}
{"logTime": "0608/145436", "correlationVector":"DFR/SjEG/dERBgs15TBD+C.2","action":"ProcessGetUpdates", "result":"Done", "context":{"dataType":"Encryption Keys", "deleted":"0", "process_failed_to_decrypt":"0", "process_pending_decryption":"0", "process_success":"1", "total":"1"}}
{"logTime": "0608/145436", "correlationVector":"D0O0crtZjEYNsmBMrbnSfw","action":"SyncServerConnectionManagerRequest", "result":"SYNC_SERVER_ERROR", "context":{"environment":"", "error_type":"http_status_code", "error_value":"400", "migrationStage":"", "server":""}}
{"logTime": "0608/145436", "correlationVector":"DFR/SjEG/dERBgs15TBD+C","action":"Initial GetUpdates", "result":"", "context":Reason: NEW_CLIENT. cV=DFR/SjEG/dERBgs15TBD+C}
{"logTime": "0608/145436", "correlationVector":"DFR/SjEG/dERBgs15TBD+C.3","action":"GetUpdates Response", "result":"Success", "context":Received 1 update(s). cV=DFR/SjEG/dERBgs15TBD+C.0;server=akswtt10100000u;cloudType=Consumer;environment=Prod_brazilsouth_prod-s01-034-sam-brazilsouth;migrationStage=NotStarted}
{"logTime": "0608/145436", "correlationVector":"2dqr6clIszo0lnxwSY8+zl","action":"Initial GetUpdates", "result":"", "context":Reason: NEW_CLIENT. cV=2dqr6clIszo0lnxwSY8+zl}
{"logTime": "0608/145437", "correlationVector":"2dqr6clIszo0lnxwSY8+zl.1","action":"SyncServerConnectionManagerRequest", "result":"SYNC_SERVER_OK", "context":{"environment":"Prod_brazilsouth_prod-s01-034-sam-brazilsouth", "migrationStage":"NotStarted", "server":"akswtt10100000m"}}
{"logTime": "0608/145437", "correlationVector":"2dqr6clIszo0lnxwSY8+zl.2","action":"ProcessGetUpdates", "result":"Done", "context":{"dataType":"Preferences", "deleted":"0", "process_failed_to_decrypt":"0", "process_pending_decryption":"0", "process_success":"72", "total":"72"}}
{"logTime": "0608/145437", "correlationVector":"2dqr6clIszo0lnxwSY8+zl.3","action":"ProcessGetUpdates", "result":"Done", "context":{"dataType":"Device Info", "deleted":"0", "process_failed_to_decrypt":"0", "process_pending_decryption":"0", "process_success":"13", "total":"13"}}
{"logTime": "0608/145437", "correlationVector":"2dqr6clIszo0lnxwSY8+zl.4","action":"GetUpdates Response", "result":"Success", "context":Received 85 update(s). cV=2dqr6clIszo0lnxwSY8+zl.0;server=akswtt10100000m;cloudType=Consumer;environment=Prod_brazilsouth_prod-s01-034-sam-brazilsouth;migrationStage=NotStarted}
{"logTime": "0608/145437", "correlationVector":"SyXi3Z417j/1u8TKGbIjlB","action":"SyncServerConnectionManagerRequest", "result":"SYNC_SERVER_ERROR", "context":{"environment":"", "error_type":"http_status_code", "error_value":"400", "migrationStage":"", "server":""}}
{"logTime": "0608/145437", "correlationVector":"ImudKRoQfSCfbb+zrQsuWe","action":"Initial GetUpdates", "result":"", "context":Reason: NEW_CLIENT. cV=ImudKRoQfSCfbb+zrQsuWe}
{"logTime": "0608/145437", "correlationVector":"ImudKRoQfSCfbb+zrQsuWe.1","action":"SyncServerConnectionManagerRequest", "result":"SYNC_SERVER_OK", "context":{"environment":"Prod_brazilsouth_prod-s01-001-sam-brazilsouth", "migrationStage":"NotStarted", "server":"akswtt00500000f"}}
{"logTime": "0608/145437", "correlationVector":"ImudKRoQfSCfbb+zrQsuWe.2","action":"ProcessGetUpdates", "result":"Done", "context":{"dataType":"Bookmarks", "deleted":"0", "process_failed_to_decrypt":"0", "process_pending_decryption":"0", "process_success":"54", "total":"54"}}
{"logTime": "0608/145437", "correlationVector":"ImudKRoQfSCfbb+zrQsuWe.3","action":"GetUpdates Response", "result":"Success", "context":Received 54 update(s). cV=ImudKRoQfSCfbb+zrQsuWe.0;server=akswtt00500000f;cloudType=Consumer;environment=Prod_brazilsouth_prod-s01-001-sam-brazilsouth;migrationStage=NotStarted}
{"logTime": "0608/145438", "correlationVector":"yoIRQHlaueLuIazr/J170R","action":"SyncServerConnectionManagerRequest", "result":"SYNC_SERVER_ERROR", "context":{"environment":"", "error_type":"http_status_code", "error_value":"400", "migrationStage":"", "server":""}}
{"logTime": "0608/145438", "correlationVector":"xUad540SRTuLAP/GFM9yzF","action":"Initial GetUpdates", "result":"", "context":Reason: NEW_CLIENT. cV=xUad540SRTuLAP/GFM9yzF}
{"logTime": "0608/145438", "correlationVector":"xUad540SRTuLAP/GFM9yzF.1","action":"SyncServerConnectionManagerRequest", "result":"SYNC_SERVER_OK", "context":{"environment":"Prod_brazilsouth_prod-s01-001-sam-brazilsouth", "migrationStage":"NotStarted", "server":"akswtt00500001b"}}
{"logTime": "0608/145438", "correlationVector":"xUad540SRTuLAP/GFM9yzF.2","action":"ProcessGetUpdates", "result":"Done", "context":{"dataType":"Sessions", "deleted":"0", "process_failed_to_decrypt":"0", "process_pending_decryption":"0", "process_success":"4", "total":"4"}}
{"logTime": "0608/145438", "correlationVector":"xUad540SRTuLAP/GFM9yzF.3","action":"ProcessGetUpdates", "result":"Done", "context":{"dataType":"Edge Hub App Usage", "deleted":"0", "process_failed_to_decrypt":"0", "process_pending_decryption":"0", "process_success":"3", "total":"3"}}
{"logTime": "0608/145438", "correlationVector":"xUad540SRTuLAP/GFM9yzF.4","action":"GetUpdates Response", "result":"Success", "context":Received 7 update(s). cV=xUad540SRTuLAP/GFM9yzF.0;server=akswtt00500001b;cloudType=Consumer;environment=Prod_brazilsouth_prod-s01-001-sam-brazilsouth;migrationStage=NotStarted}
{"logTime": "0608/145439", "correlationVector":"oHSnVT36Lkxv9BlvpvCbQ0","action":"SyncServerConnectionManagerRequest", "result":"SYNC_SERVER_ERROR", "context":{"environment":"", "error_type":"http_status_code", "error_value":"400", "migrationStage":"", "server":""}}
{"logTime": "0608/145439", "correlationVector":"OCE2EVqB0A62PvUd8eBKZv","action":"Initial GetUpdates", "result":"", "context":Reason: NEW_CLIENT. cV=OCE2EVqB0A62PvUd8eBKZv}
{"logTime": "0608/145439", "correlationVector":"OCE2EVqB0A62PvUd8eBKZv.1","action":"SyncServerConnectionManagerRequest", "result":"SYNC_SERVER_OK", "context":{"environment":"Prod_brazilsouth_prod-s01-001-sam-brazilsouth", "migrationStage":"NotStarted", "server":"akswtt00500000q"}}
{"logTime": "0608/145439", "correlationVector":"OCE2EVqB0A62PvUd8eBKZv.2","action":"ProcessGetUpdates", "result":"Done", "context":{"dataType":"History", "deleted":"0", "process_failed_to_decrypt":"0", "process_pending_decryption":"0", "process_success":"2", "total":"2"}}
{"logTime": "0608/145439", "correlationVector":"OCE2EVqB0A62PvUd8eBKZv.3","action":"GetUpdates Response", "result":"Success", "context":Received 2 update(s). cV=OCE2EVqB0A62PvUd8eBKZv.0;server=akswtt00500000q;cloudType=Consumer;environment=Prod_brazilsouth_prod-s01-001-sam-brazilsouth;migrationStage=NotStarted}
{"logTime": "0608/145439", "correlationVector":"8q6CLdgzsPvDDyOCoe7VSJ","action":"SyncServerConnectionManagerRequest", "result":"SYNC_SERVER_ERROR", "context":{"environment":"", "error_type":"http_status_code", "error_value":"400", "migrationStage":"", "server":""}}
{"logTime": "0608/145439", "correlationVector":"vh1p/Wh9g3C9bjJkPo9lc4","action":"Normal GetUpdate request", "result":"", "context":cV=vh1p/Wh9g3C9bjJkPo9lc4
Nudged types: Sessions, Device Info, User Consents
Refresh requested types: Bookmarks, Preferences, Extensions, Sessions, Extension settings, History Delete Directives, Device Info, User Consents, Send Tab To Self, Web Apps, History, Saved Tab Group, WebAuthn Credentials, Edge E Drop, Edge Hub App Usage, Edge Wallet, Edge Workspace, Encryption Keys}
{"logTime": "0608/145440", "correlationVector":"vh1p/Wh9g3C9bjJkPo9lc4.1","action":"SyncServerConnectionManagerRequest", "result":"SYNC_SERVER_OK", "context":{"environment":"Prod_brazilsouth_prod-s01-001-sam-brazilsouth", "migrationStage":"NotStarted", "server":"akswtt005000015"}}
{"logTime": "0608/145440", "correlationVector":"vh1p/Wh9g3C9bjJkPo9lc4.2","action":"GetUpdates Response", "result":"Success", "context":Received 0 update(s). cV=vh1p/Wh9g3C9bjJkPo9lc4.0;server=akswtt005000015;cloudType=Consumer;environment=Prod_brazilsouth_prod-s01-001-sam-brazilsouth;migrationStage=NotStarted}
{"logTime": "0608/145440", "correlationVector":"fFO1JwcTwpo83MWeNCqyzP","action":"DoCompareDataConsistency requsted types: ", "result":"Bookmarks, Preferences, Extensions, Extension settings, History Delete Directives, Send Tab To Self, Web Apps, History, Saved Tab Group, WebAuthn Credentials, Edge E Drop, Edge Wallet, Edge Workspace, Encryption Keys"}
{"logTime": "0608/145440", "correlationVector":"fFO1JwcTwpo83MWeNCqyzP.0","action":"CompareDataConsistency result: ", "result":"Compare result: Encryption Keys is consistent. local entities count is: 1 local entities hash is: i8y/lJ8tlmA/TCCAddVtz7lHhX0="}
{"logTime": "0608/145440", "correlationVector":"fFO1JwcTwpo83MWeNCqyzP.1","action":"CompareDataConsistency result: ", "result":"Compare result: Bookmarks is consistent. local entities count is: 48 local entities hash is: TCVZYe/vXeXxdKpeHOTH6hatNAA="}
{"logTime": "0608/145440", "correlationVector":"fFO1JwcTwpo83MWeNCqyzP.2","action":"CompareDataConsistency result: ", "result":"Compare result: Preferences is consistent. local entities count is: 72 local entities hash is: 3GqjSH2r0TwPoRewXHuy6vy8ZHs="}
{"logTime": "0608/145440", "correlationVector":"fFO1JwcTwpo83MWeNCqyzP.3","action":"CompareDataConsistency result: ", "result":"Compare result: Extensions is consistent. local entities count is: 0 local entities hash is: "}
{"logTime": "0608/145440", "correlationVector":"fFO1JwcTwpo83MWeNCqyzP.4","action":"CompareDataConsistency result: ", "result":"Compare result: Extension settings is consistent. local entities count is: 0 local entities hash is: "}
{"logTime": "0608/145440", "correlationVector":"fFO1JwcTwpo83MWeNCqyzP.5","action":"CompareDataConsistency result: ", "result":"Compare result: History Delete Directives is consistent. local entities count is: 0 local entities hash is: "}
{"logTime": "0608/145440", "correlationVector":"fFO1JwcTwpo83MWeNCqyzP.6","action":"CompareDataConsistency result: ", "result":"Server did not send this Send Tab To Self local entities count is: 0 local entities hash is: "}
{"logTime": "0608/145440", "correlationVector":"fFO1JwcTwpo83MWeNCqyzP.7","action":"CompareDataConsistency result: ", "result":"Compare result: Web Apps is consistent. local entities count is: 0 local entities hash is: "}
{"logTime": "0608/145440", "correlationVector":"fFO1JwcTwpo83MWeNCqyzP.8","action":"CompareDataConsistency result: ", "result":"Server did not send this History local entities count is: 0 local entities hash is: "}
{"logTime": "0608/145440", "correlationVector":"fFO1JwcTwpo83MWeNCqyzP.9","action":"CompareDataConsistency result: ", "result":"Compare result: Saved Tab Group is consistent. local entities count is: 0 local entities hash is: "}
{"logTime": "0608/145440", "correlationVector":"fFO1JwcTwpo83MWeNCqyzP.10","action":"CompareDataConsistency result: ", "result":"Server did not send this WebAuthn Credentials local entities count is: 0 local entities hash is: "}
{"logTime": "0608/145440", "correlationVector":"fFO1JwcTwpo83MWeNCqyzP.11","action":"CompareDataConsistency result: ", "result":"Compare result: Edge E Drop is consistent. local entities count is: 0 local entities hash is: "}
{"logTime": "0608/145440", "correlationVector":"fFO1JwcTwpo83MWeNCqyzP.12","action":"CompareDataConsistency result: ", "result":"Compare result: Edge Wallet is consistent. local entities count is: 0 local entities hash is: "}
{"logTime": "0608/145440", "correlationVector":"fFO1JwcTwpo83MWeNCqyzP.13","action":"CompareDataConsistency result: ", "result":"Server did not send this Edge Workspace local entities count is: 0 local entities hash is: "}
{"logTime": "0608/145440", "correlationVector":"Z87k9GBE17xP9+sDjdKtz3","action":"Commit Request", "result":"", "context":Item count: 4
Contributing types: Sessions, Device Info, User Consents}
{"logTime": "0608/145440", "correlationVector":"Z87k9GBE17xP9+sDjdKtz3","action":"SyncServerConnectionManagerRequest", "result":"CONNECTION_UNAVAILABLE", "context":{"error_type":"net_error_code", "error_value":"-3"}}
