{"logTime": "0608/145422", "correlationVector":"iDTSQEIldWcrV/sRtf61zT.1","action":"SyncServerConnectionManagerRequest", "result":"SYNC_SERVER_OK", "context":{"environment":"Prod_brazilsouth_prod-s01-001-sam-brazilsouth", "migrationStage":"NotStarted", "server":"akswtt005000017"}}
{"logTime": "0608/145422", "correlationVector":"iDTSQEIldWcrV/sRtf61zT.2","action":"ProcessGetUpdates", "result":"Done", "context":{"dataType":"Encryption Keys", "deleted":"0", "process_failed_to_decrypt":"0", "process_pending_decryption":"0", "process_success":"1", "total":"1"}}
{"logTime": "0608/145423", "correlationVector":"u3eDPyE116t3cjb3qUGH67","action":"SyncServerConnectionManagerRequest", "result":"SYNC_SERVER_ERROR", "context":{"environment":"", "error_type":"http_status_code", "error_value":"400", "migrationStage":"", "server":""}}
{"logTime": "0608/145423", "correlationVector":"iDTSQEIldWcrV/sRtf61zT","action":"Initial GetUpdates", "result":"", "context":Reason: NEW_CLIENT. cV=iDTSQEIldWcrV/sRtf61zT}
{"logTime": "0608/145423", "correlationVector":"iDTSQEIldWcrV/sRtf61zT.3","action":"GetUpdates Response", "result":"Success", "context":Received 1 update(s). cV=iDTSQEIldWcrV/sRtf61zT.0;server=akswtt005000017;cloudType=Consumer;environment=Prod_brazilsouth_prod-s01-001-sam-brazilsouth;migrationStage=NotStarted}
{"logTime": "0608/145423", "correlationVector":"3yyNIeas4rXg9ceVVj1QUY","action":"Initial GetUpdates", "result":"", "context":Reason: NEW_CLIENT. cV=3yyNIeas4rXg9ceVVj1QUY}
{"logTime": "0608/145424", "correlationVector":"3yyNIeas4rXg9ceVVj1QUY.1","action":"SyncServerConnectionManagerRequest", "result":"SYNC_SERVER_OK", "context":{"environment":"Prod_brazilsouth_prod-s01-034-sam-brazilsouth", "migrationStage":"NotStarted", "server":"akswtt10100000a"}}
{"logTime": "0608/145424", "correlationVector":"3yyNIeas4rXg9ceVVj1QUY.2","action":"ProcessGetUpdates", "result":"Done", "context":{"dataType":"Preferences", "deleted":"0", "process_failed_to_decrypt":"0", "process_pending_decryption":"0", "process_success":"72", "total":"72"}}
{"logTime": "0608/145424", "correlationVector":"3yyNIeas4rXg9ceVVj1QUY.3","action":"ProcessGetUpdates", "result":"Done", "context":{"dataType":"Device Info", "deleted":"0", "process_failed_to_decrypt":"0", "process_pending_decryption":"0", "process_success":"13", "total":"13"}}
{"logTime": "0608/145424", "correlationVector":"3yyNIeas4rXg9ceVVj1QUY.4","action":"GetUpdates Response", "result":"Success", "context":Received 85 update(s). cV=3yyNIeas4rXg9ceVVj1QUY.0;server=akswtt10100000a;cloudType=Consumer;environment=Prod_brazilsouth_prod-s01-034-sam-brazilsouth;migrationStage=NotStarted}
{"logTime": "0608/145424", "correlationVector":"7A01v8laK0nifj4qPpoj6A","action":"SyncServerConnectionManagerRequest", "result":"SYNC_SERVER_ERROR", "context":{"environment":"", "error_type":"http_status_code", "error_value":"400", "migrationStage":"", "server":""}}
{"logTime": "0608/145424", "correlationVector":"E2a0QzP6b7BS8YiYQdTp9Q","action":"Initial GetUpdates", "result":"", "context":Reason: NEW_CLIENT. cV=E2a0QzP6b7BS8YiYQdTp9Q}
{"logTime": "0608/145424", "correlationVector":"E2a0QzP6b7BS8YiYQdTp9Q.1","action":"SyncServerConnectionManagerRequest", "result":"SYNC_SERVER_OK", "context":{"environment":"Prod_brazilsouth_prod-s01-034-sam-brazilsouth", "migrationStage":"NotStarted", "server":"akswtt10100000x"}}
{"logTime": "0608/145424", "correlationVector":"E2a0QzP6b7BS8YiYQdTp9Q.2","action":"ProcessGetUpdates", "result":"Done", "context":{"dataType":"Bookmarks", "deleted":"0", "process_failed_to_decrypt":"0", "process_pending_decryption":"0", "process_success":"54", "total":"54"}}
{"logTime": "0608/145424", "correlationVector":"E2a0QzP6b7BS8YiYQdTp9Q.3","action":"GetUpdates Response", "result":"Success", "context":Received 54 update(s). cV=E2a0QzP6b7BS8YiYQdTp9Q.0;server=akswtt10100000x;cloudType=Consumer;environment=Prod_brazilsouth_prod-s01-034-sam-brazilsouth;migrationStage=NotStarted}
{"logTime": "0608/145425", "correlationVector":"TCBqtuHha0s2QpexhXtqJP","action":"SyncServerConnectionManagerRequest", "result":"SYNC_SERVER_ERROR", "context":{"environment":"", "error_type":"http_status_code", "error_value":"400", "migrationStage":"", "server":""}}
{"logTime": "0608/145425", "correlationVector":"5UZiVU3rCxFdalU2/AccTP","action":"Initial GetUpdates", "result":"", "context":Reason: NEW_CLIENT. cV=5UZiVU3rCxFdalU2/AccTP}
{"logTime": "0608/145425", "correlationVector":"5UZiVU3rCxFdalU2/AccTP.1","action":"SyncServerConnectionManagerRequest", "result":"SYNC_SERVER_OK", "context":{"environment":"Prod_brazilsouth_prod-s01-034-sam-brazilsouth", "migrationStage":"NotStarted", "server":"akswtt10100000u"}}
{"logTime": "0608/145425", "correlationVector":"5UZiVU3rCxFdalU2/AccTP.2","action":"ProcessGetUpdates", "result":"Done", "context":{"dataType":"Sessions", "deleted":"0", "process_failed_to_decrypt":"0", "process_pending_decryption":"0", "process_success":"4", "total":"4"}}
{"logTime": "0608/145425", "correlationVector":"5UZiVU3rCxFdalU2/AccTP.3","action":"ProcessGetUpdates", "result":"Done", "context":{"dataType":"Edge Hub App Usage", "deleted":"0", "process_failed_to_decrypt":"0", "process_pending_decryption":"0", "process_success":"3", "total":"3"}}
{"logTime": "0608/145425", "correlationVector":"5UZiVU3rCxFdalU2/AccTP.4","action":"GetUpdates Response", "result":"Success", "context":Received 7 update(s). cV=5UZiVU3rCxFdalU2/AccTP.0;server=akswtt10100000u;cloudType=Consumer;environment=Prod_brazilsouth_prod-s01-034-sam-brazilsouth;migrationStage=NotStarted}
{"logTime": "0608/145426", "correlationVector":"N3cGh+85bsYvHnVIUjKa95","action":"SyncServerConnectionManagerRequest", "result":"SYNC_SERVER_ERROR", "context":{"environment":"", "error_type":"http_status_code", "error_value":"400", "migrationStage":"", "server":""}}
{"logTime": "0608/145426", "correlationVector":"N/VwXUzBVX551XQlJ+Vva0","action":"Initial GetUpdates", "result":"", "context":Reason: NEW_CLIENT. cV=N/VwXUzBVX551XQlJ+Vva0}
{"logTime": "0608/145426", "correlationVector":"N/VwXUzBVX551XQlJ+Vva0.1","action":"SyncServerConnectionManagerRequest", "result":"SYNC_SERVER_OK", "context":{"environment":"Prod_brazilsouth_prod-s01-034-sam-brazilsouth", "migrationStage":"NotStarted", "server":"akswtt10100000m"}}
{"logTime": "0608/145426", "correlationVector":"N/VwXUzBVX551XQlJ+Vva0.2","action":"ProcessGetUpdates", "result":"Done", "context":{"dataType":"History", "deleted":"0", "process_failed_to_decrypt":"0", "process_pending_decryption":"0", "process_success":"2", "total":"2"}}
{"logTime": "0608/145426", "correlationVector":"N/VwXUzBVX551XQlJ+Vva0.3","action":"GetUpdates Response", "result":"Success", "context":Received 2 update(s). cV=N/VwXUzBVX551XQlJ+Vva0.0;server=akswtt10100000m;cloudType=Consumer;environment=Prod_brazilsouth_prod-s01-034-sam-brazilsouth;migrationStage=NotStarted}
{"logTime": "0608/145427", "correlationVector":"","action":"SyncServerConnectionManagerRequest", "result":"CONNECTION_UNAVAILABLE", "context":{"error_type":"net_error_code", "error_value":"-3"}}
