2026-06-08 14:54:21.384: [INFO][Sync] Reset engine, reason: 8
2026-06-08 14:54:21.384: [INFO][Sync] Stopped: Bookmarks
2026-06-08 14:54:21.384: [INFO][Sync] Stopped: Preferences
2026-06-08 14:54:21.384: [INFO][Sync] Stopped: Passwords
2026-06-08 14:54:21.384: [INFO][Sync] Stopped: Autofill Profiles
2026-06-08 14:54:21.384: [INFO][Sync] Stopped: Autofill
2026-06-08 14:54:21.384: [INFO][Sync] Stopped: Extensions
2026-06-08 14:54:21.384: [INFO][Sync] Stopped: Sessions
2026-06-08 14:54:21.384: [INFO][Sync] Stopped: Extension settings
2026-06-08 14:54:21.384: [INFO][Sync] Stopped: History Delete Directives
2026-06-08 14:54:21.384: [INFO][Sync] Stopped: Device Info
2026-06-08 14:54:21.384: [INFO][Sync] Stopped: User Consents
2026-06-08 14:54:21.384: [INFO][Sync] Stopped: Send Tab To Self
2026-06-08 14:54:21.384: [INFO][Sync] Stopped: Web Apps
2026-06-08 14:54:21.384: [INFO][Sync] Stopped: History
2026-06-08 14:54:21.384: [INFO][Sync] Stopped: Saved Tab Group
2026-06-08 14:54:21.384: [INFO][Sync] Stopped: WebAuthn Credentials
2026-06-08 14:54:21.384: [INFO][Sync] Stopped: Edge E Drop
2026-06-08 14:54:21.384: [INFO][Sync] Stopped: Edge Hub App Usage
2026-06-08 14:54:21.384: [INFO][Sync] Stopped: Edge Journey
2026-06-08 14:54:21.384: [INFO][Sync] Stopped: Edge Wallet
2026-06-08 14:54:21.384: [INFO][Sync] Stopped: Edge Workspace
2026-06-08 14:54:21.384: [INFO][Sync] SyncState after authenticated was: NotSignedIn
2026-06-08 14:54:21.639: [INFO][Sync] Reset engine, reason: 8
2026-06-08 14:54:21.639: [INFO][Sync] Stopped: Bookmarks
2026-06-08 14:54:21.639: [INFO][Sync] Stopped: Preferences
2026-06-08 14:54:21.639: [INFO][Sync] Stopped: Passwords
2026-06-08 14:54:21.639: [INFO][Sync] Stopped: Autofill Profiles
2026-06-08 14:54:21.639: [INFO][Sync] Stopped: Autofill
2026-06-08 14:54:21.639: [INFO][Sync] Stopped: Extensions
2026-06-08 14:54:21.639: [INFO][Sync] Stopped: Sessions
2026-06-08 14:54:21.639: [INFO][Sync] Stopped: Extension settings
2026-06-08 14:54:21.639: [INFO][Sync] Stopped: History Delete Directives
2026-06-08 14:54:21.639: [INFO][Sync] Stopped: Device Info
2026-06-08 14:54:21.639: [INFO][Sync] Stopped: User Consents
2026-06-08 14:54:21.639: [INFO][Sync] Stopped: Send Tab To Self
2026-06-08 14:54:21.639: [INFO][Sync] Stopped: Web Apps
2026-06-08 14:54:21.639: [INFO][Sync] Stopped: History
2026-06-08 14:54:21.639: [INFO][Sync] Stopped: Saved Tab Group
2026-06-08 14:54:21.639: [INFO][Sync] Stopped: WebAuthn Credentials
2026-06-08 14:54:21.640: [INFO][Sync] Stopped: Edge E Drop
2026-06-08 14:54:21.640: [INFO][Sync] Stopped: Edge Hub App Usage
2026-06-08 14:54:21.640: [INFO][Sync] Stopped: Edge Journey
2026-06-08 14:54:21.640: [INFO][Sync] Stopped: Edge Wallet
2026-06-08 14:54:21.640: [INFO][Sync] Stopped: Edge Workspace
2026-06-08 14:54:22.533: [INFO][Sync] Try to start sync engine
2026-06-08 14:54:22.535: [INFO][SyncManagerImpl::NudgeForInitialDownload] Initial download nudge for Encryption Keys
2026-06-08 14:54:22.535: [INFO][SyncEngineBackend::LoadAndConnectNigoriController] Load and connect Nigori controller
2026-06-08 14:54:22.535: [INFO][SyncEngineBackend::DoInitialize] Control Types added: Encryption Keys
2026-06-08 14:54:22.535: [INFO][SyncManagerImpl::ConfigureSyncer] Types to download: Encryption Keys with reason: 3
2026-06-08 14:54:22.535: [INFO][SyncSchedulerImpl::DoConfigurationSyncCycleJob] Configure job was blocked
2026-06-08 14:54:22.567: [INFO][SyncAuthManager::SetLastAuthError] Current auth error: None
2026-06-08 14:54:22.567: [INFO][SyncAuthManager::EdgeLogTokenErrorState] Token error with: None for account type: MSA
2026-06-08 14:54:22.567: [INFO][Sync] Credentials changed for: EdgeSyncScopeNew
2026-06-08 14:54:22.631: [INFO][SyncAuthManager::SetLastAuthError] Current auth error: None
2026-06-08 14:54:22.631: [INFO][SyncAuthManager::EdgeLogTokenErrorState] Token error with: None for account type: MSA
2026-06-08 14:54:22.631: [INFO][Sync] Credentials changed for: EdgeSyncKeyDataScope
2026-06-08 14:54:22.631: [INFO][SyncEngineBackend::DoUpdateKeyDataCredentials] Update key data credentials
2026-06-08 14:54:22.631: [INFO][SyncEngineBackend::DoUpdateCredentials] Update credentials
2026-06-08 14:54:22.632: [INFO][SyncSchedulerImpl::DoConfigurationSyncCycleJob] Blocked types:  and types to download: Encryption Keys
2026-06-08 14:54:22.992: [INFO][Sync] Started DataTypeManager configuration, reason: 4
2026-06-08 14:54:22.993: [INFO][Sync] Configuring for: Bookmarks, Preferences, Passwords, Autofill Profiles, Autofill, Extensions, Sessions, Extension settings, History Delete Directives, Device Info, User Consents, Send Tab To Self, Web Apps, History, Saved Tab Group, WebAuthn Credentials, Edge E Drop, Edge Hub App Usage, Edge Wallet, Edge Workspace, Encryption Keys, reason: 3, current state: 0
2026-06-08 14:54:22.993: [WARN][Sync] Crypto error data types: Passwords, Autofill Profiles, Autofill
2026-06-08 14:54:22.995: [INFO][Sync] Configure, desired: Bookmarks, Preferences, Extensions, Sessions, Extension settings, History Delete Directives, Device Info, User Consents, Send Tab To Self, Web Apps, History, Saved Tab Group, WebAuthn Credentials, Edge E Drop, Edge Hub App Usage, Edge Wallet, Edge Workspace, Encryption Keys; Allow fail: Passwords, Autofill Profiles, Autofill
2026-06-08 14:54:22.995: [INFO][Sync] Loading: Bookmarks
2026-06-08 14:54:22.995: [INFO][Sync] Loading: Preferences
2026-06-08 14:54:22.995: [INFO][Sync] Loading: Extensions
2026-06-08 14:54:22.995: [INFO][Sync] Loading: Sessions
2026-06-08 14:54:22.995: [INFO][Sync] Loading: Extension settings
2026-06-08 14:54:22.995: [INFO][Sync] Loading: History Delete Directives
2026-06-08 14:54:22.995: [INFO][Sync] Loading: Device Info
2026-06-08 14:54:22.995: [INFO][Sync] Loading: User Consents
2026-06-08 14:54:22.995: [INFO][Sync] Loading: Send Tab To Self
2026-06-08 14:54:22.995: [INFO][Sync] Loading: Web Apps
2026-06-08 14:54:22.995: [INFO][Sync] Loading: History
2026-06-08 14:54:22.995: [INFO][Sync] Loading: Saved Tab Group
2026-06-08 14:54:22.995: [INFO][Sync] Loading: WebAuthn Credentials
2026-06-08 14:54:22.995: [INFO][Sync] Loading: Edge E Drop
2026-06-08 14:54:22.995: [INFO][Sync] Loading: Edge Hub App Usage
2026-06-08 14:54:22.995: [INFO][Sync] Loading: Edge Wallet
2026-06-08 14:54:22.995: [INFO][Sync] Loading: Edge Workspace
2026-06-08 14:54:22.997: [INFO][Sync] All data types are ready for configure.
2026-06-08 14:54:23.633: [INFO][Sync] Connection status changed to: 2
2026-06-08 14:54:23.633: [INFO][SyncEngineBackend::DoStartConfiguration] Start configuration
2026-06-08 14:54:23.633: [INFO][SyncManagerImpl::NudgeForInitialDownload] Initial download nudge for Bookmarks
2026-06-08 14:54:23.633: [INFO][SyncManagerImpl::NudgeForInitialDownload] Initial download nudge for Preferences
2026-06-08 14:54:23.633: [INFO][SyncManagerImpl::NudgeForInitialDownload] Initial download nudge for Extensions
2026-06-08 14:54:23.633: [INFO][SyncManagerImpl::NudgeForInitialDownload] Initial download nudge for Sessions
2026-06-08 14:54:23.633: [INFO][SyncManagerImpl::NudgeForInitialDownload] Initial download nudge for Extension settings
2026-06-08 14:54:23.633: [INFO][SyncManagerImpl::NudgeForInitialDownload] Initial download nudge for History Delete Directives
2026-06-08 14:54:23.633: [INFO][SyncManagerImpl::NudgeForInitialDownload] Initial download nudge for Device Info
2026-06-08 14:54:23.633: [INFO][SyncManagerImpl::NudgeForInitialDownload] Initial download nudge for Send Tab To Self
2026-06-08 14:54:23.633: [INFO][SyncManagerImpl::NudgeForInitialDownload] Initial download nudge for Web Apps
2026-06-08 14:54:23.633: [INFO][SyncManagerImpl::NudgeForInitialDownload] Initial download nudge for History
2026-06-08 14:54:23.633: [INFO][SyncManagerImpl::NudgeForInitialDownload] Initial download nudge for Saved Tab Group
2026-06-08 14:54:23.633: [INFO][SyncManagerImpl::NudgeForInitialDownload] Initial download nudge for WebAuthn Credentials
2026-06-08 14:54:23.633: [INFO][SyncManagerImpl::NudgeForInitialDownload] Initial download nudge for Edge E Drop
2026-06-08 14:54:23.633: [INFO][SyncManagerImpl::NudgeForInitialDownload] Initial download nudge for Edge Hub App Usage
2026-06-08 14:54:23.633: [INFO][SyncManagerImpl::NudgeForInitialDownload] Initial download nudge for Edge Wallet
2026-06-08 14:54:23.633: [INFO][SyncManagerImpl::NudgeForInitialDownload] Initial download nudge for Edge Workspace
2026-06-08 14:54:23.633: [INFO][SyncManagerImpl::ConfigureSyncer] Types to download:  with reason: 3
2026-06-08 14:54:23.633: [INFO][SyncEngineBackend::DoFinishConfigureDataTypes] Failed to download types:  and succeeded types: 
2026-06-08 14:54:23.637: [INFO][Sync] ConfigurationDone, failed: , succeeded: , remaining count: 4
2026-06-08 14:54:23.637: [INFO][Sync] Prepare to configure types: Preferences, Device Info, Send Tab To Self, Edge E Drop, Encryption Keys
2026-06-08 14:54:23.637: [INFO][SyncManagerImpl::ConfigureSyncer] Types to download: Preferences, Device Info, Send Tab To Self, Edge E Drop, Encryption Keys with reason: 3
2026-06-08 14:54:23.637: [INFO][SyncSchedulerImpl::DoConfigurationSyncCycleJob] Blocked types:  and types to download: Preferences, Device Info, Send Tab To Self, Edge E Drop, Encryption Keys
2026-06-08 14:54:23.731: [INFO][SyncAuthManager::SetLastAuthError] Current auth error: None
2026-06-08 14:54:23.731: [INFO][SyncAuthManager::EdgeLogTokenErrorState] Token error with: None for account type: MSA
2026-06-08 14:54:23.731: [INFO][Sync] Credentials changed for: EdgeSyncKeyDataScope
2026-06-08 14:54:24.020: [INFO][SyncEngineBackend::DoFinishConfigureDataTypes] Failed to download types:  and succeeded types: Preferences, Device Info, Send Tab To Self, Edge E Drop, Encryption Keys
2026-06-08 14:54:24.036: [INFO][Sync] ConfigurationDone, failed: , succeeded: Preferences, Device Info, Send Tab To Self, Edge E Drop, Encryption Keys, remaining count: 3
2026-06-08 14:54:24.036: [INFO][Sync] Prepare to configure types: Bookmarks, Encryption Keys
2026-06-08 14:54:24.372: [INFO][SyncAuthManager::SetLastAuthError] Current auth error: None
2026-06-08 14:54:24.372: [INFO][SyncAuthManager::EdgeLogTokenErrorState] Token error with: None for account type: MSA
2026-06-08 14:54:24.372: [INFO][Sync] Credentials changed for: EdgeSyncScopeNew
2026-06-08 14:54:24.647: [INFO][Sync] Connection status changed to: 2
2026-06-08 14:54:24.647: [INFO][SyncEngineBackend::DoUpdateKeyDataCredentials] Update key data credentials
2026-06-08 14:54:24.647: [INFO][SyncManagerImpl::ConfigureSyncer] Types to download: Bookmarks, Encryption Keys with reason: 3
2026-06-08 14:54:24.647: [INFO][SyncEngineBackend::DoUpdateCredentials] Update credentials
2026-06-08 14:54:24.647: [INFO][SyncEngineBackend::DoUpdateKeyDataCredentials] Update key data credentials
2026-06-08 14:54:24.647: [INFO][SyncSchedulerImpl::DoConfigurationSyncCycleJob] Blocked types:  and types to download: Bookmarks, Encryption Keys
2026-06-08 14:54:25.002: [INFO][SyncEngineBackend::DoFinishConfigureDataTypes] Failed to download types:  and succeeded types: Bookmarks, Encryption Keys
2026-06-08 14:54:25.045: [INFO][Sync] ConfigurationDone, failed: , succeeded: Bookmarks, Encryption Keys, remaining count: 2
2026-06-08 14:54:25.045: [INFO][Sync] Prepare to configure types: Extensions, Sessions, Extension settings, History Delete Directives, Web Apps, Saved Tab Group, WebAuthn Credentials, Edge Hub App Usage, Edge Wallet, Edge Workspace, Encryption Keys
2026-06-08 14:54:25.600: [INFO][SyncManagerImpl::ConfigureSyncer] Types to download: Extensions, Sessions, Extension settings, History Delete Directives, Web Apps, Saved Tab Group, WebAuthn Credentials, Edge Hub App Usage, Edge Wallet, Edge Workspace, Encryption Keys with reason: 3
2026-06-08 14:54:25.600: [INFO][Sync] Connection status changed to: 2
2026-06-08 14:54:25.600: [INFO][SyncSchedulerImpl::DoConfigurationSyncCycleJob] Blocked types:  and types to download: Extensions, Sessions, Extension settings, History Delete Directives, Web Apps, Saved Tab Group, WebAuthn Credentials, Edge Hub App Usage, Edge Wallet, Edge Workspace, Encryption Keys
2026-06-08 14:54:25.998: [INFO][SyncEngineBackend::DoFinishConfigureDataTypes] Failed to download types:  and succeeded types: Extensions, Sessions, Extension settings, History Delete Directives, Web Apps, Saved Tab Group, WebAuthn Credentials, Edge Hub App Usage, Edge Wallet, Edge Workspace, Encryption Keys
2026-06-08 14:54:25.999: [INFO][Sync] ConfigurationDone, failed: , succeeded: Extensions, Sessions, Extension settings, History Delete Directives, Web Apps, Saved Tab Group, WebAuthn Credentials, Edge Hub App Usage, Edge Wallet, Edge Workspace, Encryption Keys, remaining count: 1
2026-06-08 14:54:26.001: [INFO][Sync] Prepare to configure types: History, Encryption Keys
2026-06-08 14:54:26.323: [INFO][SyncManagerImpl::ConfigureSyncer] Types to download: History, Encryption Keys with reason: 3
2026-06-08 14:54:26.323: [INFO][SyncSchedulerImpl::DoConfigurationSyncCycleJob] Blocked types:  and types to download: History, Encryption Keys
2026-06-08 14:54:26.323: [INFO][Sync] Connection status changed to: 2
2026-06-08 14:54:26.544: [INFO][SyncAuthManager::SetLastAuthError] Current auth error: None
2026-06-08 14:54:26.544: [INFO][SyncAuthManager::EdgeLogTokenErrorState] Token error with: None for account type: MSA
2026-06-08 14:54:26.544: [INFO][Sync] Credentials changed for: EdgeSyncScopeNew
2026-06-08 14:54:26.559: [INFO][SyncAuthManager::SetLastAuthError] Current auth error: None
2026-06-08 14:54:26.559: [INFO][SyncAuthManager::EdgeLogTokenErrorState] Token error with: None for account type: MSA
2026-06-08 14:54:26.559: [INFO][Sync] Credentials changed for: EdgeSyncKeyDataScope
2026-06-08 14:54:26.613: [INFO][SyncEngineBackend::DoFinishConfigureDataTypes] Failed to download types:  and succeeded types: History, Encryption Keys
2026-06-08 14:54:26.616: [INFO][Sync] ConfigurationDone, failed: , succeeded: History, Encryption Keys, remaining count: 0
2026-06-08 14:54:26.617: [INFO][Sync]     Configuration completed, state: 3
2026-06-08 14:54:26.617: [INFO][Sync] Configured DataTypeManager: Ok
2026-06-08 14:54:27.196: [INFO][Sync] Reset engine, reason: 0
2026-06-08 14:54:27.196: [INFO][Sync] Reset engine with reason: 0
2026-06-08 14:54:27.196: [INFO][SyncEngineBackend::DoUpdateKeyDataCredentials] Update key data credentials
2026-06-08 14:54:27.196: [INFO][SyncEngineBackend::DoUpdateCredentials] Update credentials
2026-06-08 14:54:27.196: [INFO][SyncEngineBackend::DoStartSyncing] Start syncing
