{"logTime": "0608/145410", "correlationVector":"68Xoj2DjjdBgHPfA7nnGNj.1","action":"SyncServerConnectionManagerRequest", "result":"SYNC_SERVER_OK", "context":{"environment":"Prod_brazilsouth_prod-s01-034-sam-brazilsouth", "migrationStage":"NotStarted", "server":"akswtt101000003"}}
{"logTime": "0608/145410", "correlationVector":"68Xoj2DjjdBgHPfA7nnGNj.2","action":"ProcessGetUpdates", "result":"Done", "context":{"dataType":"Encryption Keys", "deleted":"0", "process_failed_to_decrypt":"0", "process_pending_decryption":"0", "process_success":"1", "total":"1"}}
{"logTime": "0608/145410", "correlationVector":"ZkAqXEuopHFF+tMV1fltkl","action":"SyncServerConnectionManagerRequest", "result":"SYNC_SERVER_ERROR", "context":{"environment":"", "error_type":"http_status_code", "error_value":"400", "migrationStage":"", "server":""}}
{"logTime": "0608/145410", "correlationVector":"68Xoj2DjjdBgHPfA7nnGNj","action":"Initial GetUpdates", "result":"", "context":Reason: NEW_CLIENT. cV=68Xoj2DjjdBgHPfA7nnGNj}
{"logTime": "0608/145410", "correlationVector":"68Xoj2DjjdBgHPfA7nnGNj.3","action":"GetUpdates Response", "result":"Success", "context":Received 1 update(s). cV=68Xoj2DjjdBgHPfA7nnGNj.0;server=akswtt101000003;cloudType=Consumer;environment=Prod_brazilsouth_prod-s01-034-sam-brazilsouth;migrationStage=NotStarted}
{"logTime": "0608/145410", "correlationVector":"ZLq5/MDCAWj57PNvCC9wvq","action":"Initial GetUpdates", "result":"", "context":Reason: NEW_CLIENT. cV=ZLq5/MDCAWj57PNvCC9wvq}
{"logTime": "0608/145411", "correlationVector":"ZLq5/MDCAWj57PNvCC9wvq.1","action":"SyncServerConnectionManagerRequest", "result":"SYNC_SERVER_OK", "context":{"environment":"Prod_brazilsouth_prod-s01-034-sam-brazilsouth", "migrationStage":"NotStarted", "server":"akswtt10100000v"}}
{"logTime": "0608/145411", "correlationVector":"ZLq5/MDCAWj57PNvCC9wvq.2","action":"ProcessGetUpdates", "result":"Done", "context":{"dataType":"Preferences", "deleted":"0", "process_failed_to_decrypt":"0", "process_pending_decryption":"0", "process_success":"72", "total":"72"}}
{"logTime": "0608/145411", "correlationVector":"ZLq5/MDCAWj57PNvCC9wvq.3","action":"ProcessGetUpdates", "result":"Done", "context":{"dataType":"Device Info", "deleted":"0", "process_failed_to_decrypt":"0", "process_pending_decryption":"0", "process_success":"12", "total":"12"}}
{"logTime": "0608/145411", "correlationVector":"ZLq5/MDCAWj57PNvCC9wvq.4","action":"GetUpdates Response", "result":"Success", "context":Received 84 update(s). cV=ZLq5/MDCAWj57PNvCC9wvq.0;server=akswtt10100000v;cloudType=Consumer;environment=Prod_brazilsouth_prod-s01-034-sam-brazilsouth;migrationStage=NotStarted}
{"logTime": "0608/145411", "correlationVector":"mqjOD1Bz9SZWshtw4kxR69","action":"SyncServerConnectionManagerRequest", "result":"SYNC_SERVER_ERROR", "context":{"environment":"", "error_type":"http_status_code", "error_value":"400", "migrationStage":"", "server":""}}
{"logTime": "0608/145411", "correlationVector":"Imjjy43Xpu99HVOabBzkVo","action":"Initial GetUpdates", "result":"", "context":Reason: NEW_CLIENT. cV=Imjjy43Xpu99HVOabBzkVo}
{"logTime": "0608/145411", "correlationVector":"Imjjy43Xpu99HVOabBzkVo.1","action":"SyncServerConnectionManagerRequest", "result":"SYNC_SERVER_OK", "context":{"environment":"Prod_brazilsouth_prod-s01-034-sam-brazilsouth", "migrationStage":"NotStarted", "server":"akswtt10100000v"}}
{"logTime": "0608/145411", "correlationVector":"Imjjy43Xpu99HVOabBzkVo.2","action":"ProcessGetUpdates", "result":"Done", "context":{"dataType":"Bookmarks", "deleted":"0", "process_failed_to_decrypt":"0", "process_pending_decryption":"0", "process_success":"54", "total":"54"}}
{"logTime": "0608/145411", "correlationVector":"Imjjy43Xpu99HVOabBzkVo.3","action":"GetUpdates Response", "result":"Success", "context":Received 54 update(s). cV=Imjjy43Xpu99HVOabBzkVo.0;server=akswtt10100000v;cloudType=Consumer;environment=Prod_brazilsouth_prod-s01-034-sam-brazilsouth;migrationStage=NotStarted}
{"logTime": "0608/145412", "correlationVector":"e1GWD2Rfz6kSDE/G3AIVnj","action":"SyncServerConnectionManagerRequest", "result":"SYNC_SERVER_ERROR", "context":{"environment":"", "error_type":"http_status_code", "error_value":"400", "migrationStage":"", "server":""}}
{"logTime": "0608/145412", "correlationVector":"xJzrDuqO8vU2XH0A2O0Pe8","action":"Initial GetUpdates", "result":"", "context":Reason: NEW_CLIENT. cV=xJzrDuqO8vU2XH0A2O0Pe8}
{"logTime": "0608/145412", "correlationVector":"xJzrDuqO8vU2XH0A2O0Pe8.1","action":"SyncServerConnectionManagerRequest", "result":"SYNC_SERVER_OK", "context":{"environment":"Prod_brazilsouth_prod-s01-034-sam-brazilsouth", "migrationStage":"NotStarted", "server":"akswtt10100000x"}}
{"logTime": "0608/145412", "correlationVector":"xJzrDuqO8vU2XH0A2O0Pe8.2","action":"ProcessGetUpdates", "result":"Done", "context":{"dataType":"Sessions", "deleted":"0", "process_failed_to_decrypt":"0", "process_pending_decryption":"0", "process_success":"2", "total":"2"}}
{"logTime": "0608/145412", "correlationVector":"xJzrDuqO8vU2XH0A2O0Pe8.3","action":"ProcessGetUpdates", "result":"Done", "context":{"dataType":"Edge Hub App Usage", "deleted":"0", "process_failed_to_decrypt":"0", "process_pending_decryption":"0", "process_success":"3", "total":"3"}}
{"logTime": "0608/145412", "correlationVector":"xJzrDuqO8vU2XH0A2O0Pe8.4","action":"GetUpdates Response", "result":"Success", "context":Received 5 update(s). cV=xJzrDuqO8vU2XH0A2O0Pe8.0;server=akswtt10100000x;cloudType=Consumer;environment=Prod_brazilsouth_prod-s01-034-sam-brazilsouth;migrationStage=NotStarted}
{"logTime": "0608/145412", "correlationVector":"XA4NggqD8w+aWoodBJidmh","action":"Initial GetUpdates", "result":"", "context":Reason: NEW_CLIENT. cV=XA4NggqD8w+aWoodBJidmh}
{"logTime": "0608/145413", "correlationVector":"XA4NggqD8w+aWoodBJidmh.1","action":"SyncServerConnectionManagerRequest", "result":"SYNC_SERVER_OK", "context":{"environment":"Prod_brazilsouth_prod-s01-034-sam-brazilsouth", "migrationStage":"NotStarted", "server":"akswtt10100000q"}}
{"logTime": "0608/145413", "correlationVector":"XA4NggqD8w+aWoodBJidmh.2","action":"ProcessGetUpdates", "result":"Done", "context":{"dataType":"History", "deleted":"0", "process_failed_to_decrypt":"0", "process_pending_decryption":"0", "process_success":"2", "total":"2"}}
{"logTime": "0608/145413", "correlationVector":"XA4NggqD8w+aWoodBJidmh.3","action":"GetUpdates Response", "result":"Success", "context":Received 2 update(s). cV=XA4NggqD8w+aWoodBJidmh.0;server=akswtt10100000q;cloudType=Consumer;environment=Prod_brazilsouth_prod-s01-034-sam-brazilsouth;migrationStage=NotStarted}
{"logTime": "0608/145413", "correlationVector":"7tIks2iB/vLkGIKkCSzKgM","action":"Normal GetUpdate request", "result":"", "context":cV=7tIks2iB/vLkGIKkCSzKgM
Nudged types: Sessions, Device Info, User Consents
Refresh requested types: Bookmarks, Preferences, Extensions, Sessions, Extension settings, History Delete Directives, Device Info, User Consents, Send Tab To Self, Web Apps, History, Saved Tab Group, WebAuthn Credentials, Edge E Drop, Edge Hub App Usage, Edge Wallet, Edge Workspace, Encryption Keys}
{"logTime": "0608/145413", "correlationVector":"7tIks2iB/vLkGIKkCSzKgM.1","action":"SyncServerConnectionManagerRequest", "result":"SYNC_SERVER_OK", "context":{"environment":"Prod_brazilsouth_prod-s01-034-sam-brazilsouth", "migrationStage":"NotStarted", "server":"akswtt101000008"}}
{"logTime": "0608/145413", "correlationVector":"7tIks2iB/vLkGIKkCSzKgM.2","action":"GetUpdates Response", "result":"Success", "context":Received 0 update(s). cV=7tIks2iB/vLkGIKkCSzKgM.0;server=akswtt101000008;cloudType=Consumer;environment=Prod_brazilsouth_prod-s01-034-sam-brazilsouth;migrationStage=NotStarted}
{"logTime": "0608/145413", "correlationVector":"KUkUcs5nvya373UN5pOJXn","action":"DoCompareDataConsistency requsted types: ", "result":"Bookmarks, Preferences, Extensions, Extension settings, History Delete Directives, Send Tab To Self, Web Apps, History, Saved Tab Group, WebAuthn Credentials, Edge E Drop, Edge Wallet, Edge Workspace, Encryption Keys"}
{"logTime": "0608/145413", "correlationVector":"KUkUcs5nvya373UN5pOJXn.0","action":"CompareDataConsistency result: ", "result":"Compare result: Encryption Keys is consistent. local entities count is: 1 local entities hash is: i8y/lJ8tlmA/TCCAddVtz7lHhX0="}
{"logTime": "0608/145413", "correlationVector":"KUkUcs5nvya373UN5pOJXn.1","action":"CompareDataConsistency result: ", "result":"Compare result: Bookmarks is consistent. local entities count is: 48 local entities hash is: TCVZYe/vXeXxdKpeHOTH6hatNAA="}
{"logTime": "0608/145413", "correlationVector":"KUkUcs5nvya373UN5pOJXn.2","action":"CompareDataConsistency result: ", "result":"Compare result: Preferences is consistent. local entities count is: 72 local entities hash is: 3GqjSH2r0TwPoRewXHuy6vy8ZHs="}
{"logTime": "0608/145413", "correlationVector":"KUkUcs5nvya373UN5pOJXn.3","action":"CompareDataConsistency result: ", "result":"Compare result: Extensions is consistent. local entities count is: 0 local entities hash is: "}
{"logTime": "0608/145413", "correlationVector":"KUkUcs5nvya373UN5pOJXn.4","action":"CompareDataConsistency result: ", "result":"Compare result: Extension settings is consistent. local entities count is: 0 local entities hash is: "}
{"logTime": "0608/145413", "correlationVector":"KUkUcs5nvya373UN5pOJXn.5","action":"CompareDataConsistency result: ", "result":"Compare result: History Delete Directives is consistent. local entities count is: 0 local entities hash is: "}
{"logTime": "0608/145413", "correlationVector":"KUkUcs5nvya373UN5pOJXn.6","action":"CompareDataConsistency result: ", "result":"Server did not send this Send Tab To Self local entities count is: 0 local entities hash is: "}
{"logTime": "0608/145413", "correlationVector":"KUkUcs5nvya373UN5pOJXn.7","action":"CompareDataConsistency result: ", "result":"Compare result: Web Apps is consistent. local entities count is: 0 local entities hash is: "}
{"logTime": "0608/145413", "correlationVector":"KUkUcs5nvya373UN5pOJXn.8","action":"CompareDataConsistency result: ", "result":"Server did not send this History local entities count is: 0 local entities hash is: "}
{"logTime": "0608/145413", "correlationVector":"KUkUcs5nvya373UN5pOJXn.9","action":"CompareDataConsistency result: ", "result":"Compare result: Saved Tab Group is consistent. local entities count is: 0 local entities hash is: "}
{"logTime": "0608/145413", "correlationVector":"KUkUcs5nvya373UN5pOJXn.10","action":"CompareDataConsistency result: ", "result":"Server did not send this WebAuthn Credentials local entities count is: 0 local entities hash is: "}
{"logTime": "0608/145413", "correlationVector":"KUkUcs5nvya373UN5pOJXn.11","action":"CompareDataConsistency result: ", "result":"Compare result: Edge E Drop is consistent. local entities count is: 0 local entities hash is: "}
{"logTime": "0608/145413", "correlationVector":"KUkUcs5nvya373UN5pOJXn.12","action":"CompareDataConsistency result: ", "result":"Compare result: Edge Wallet is consistent. local entities count is: 0 local entities hash is: "}
{"logTime": "0608/145413", "correlationVector":"KUkUcs5nvya373UN5pOJXn.13","action":"CompareDataConsistency result: ", "result":"Server did not send this Edge Workspace local entities count is: 0 local entities hash is: "}
{"logTime": "0608/145413", "correlationVector":"eniTjgZPkl1JL9JyPrFaJk","action":"Commit Request", "result":"", "context":Item count: 4
Contributing types: Sessions, Device Info, User Consents}
{"logTime": "0608/145414", "correlationVector":"eniTjgZPkl1JL9JyPrFaJk","action":"SyncServerConnectionManagerRequest", "result":"CONNECTION_UNAVAILABLE", "context":{"error_type":"net_error_code", "error_value":"-3"}}
