2026-06-08 14:54:08.287: [INFO][Sync] Reset engine, reason: 8
2026-06-08 14:54:08.287: [INFO][Sync] Stopped: Bookmarks
2026-06-08 14:54:08.287: [INFO][Sync] Stopped: Preferences
2026-06-08 14:54:08.287: [INFO][Sync] Stopped: Passwords
2026-06-08 14:54:08.287: [INFO][Sync] Stopped: Autofill Profiles
2026-06-08 14:54:08.287: [INFO][Sync] Stopped: Autofill
2026-06-08 14:54:08.287: [INFO][Sync] Stopped: Extensions
2026-06-08 14:54:08.287: [INFO][Sync] Stopped: Sessions
2026-06-08 14:54:08.287: [INFO][Sync] Stopped: Extension settings
2026-06-08 14:54:08.287: [INFO][Sync] Stopped: History Delete Directives
2026-06-08 14:54:08.287: [INFO][Sync] Stopped: Device Info
2026-06-08 14:54:08.287: [INFO][Sync] Stopped: User Consents
2026-06-08 14:54:08.287: [INFO][Sync] Stopped: Send Tab To Self
2026-06-08 14:54:08.287: [INFO][Sync] Stopped: Web Apps
2026-06-08 14:54:08.287: [INFO][Sync] Stopped: History
2026-06-08 14:54:08.287: [INFO][Sync] Stopped: Saved Tab Group
2026-06-08 14:54:08.287: [INFO][Sync] Stopped: WebAuthn Credentials
2026-06-08 14:54:08.287: [INFO][Sync] Stopped: Edge E Drop
2026-06-08 14:54:08.287: [INFO][Sync] Stopped: Edge Hub App Usage
2026-06-08 14:54:08.287: [INFO][Sync] Stopped: Edge Journey
2026-06-08 14:54:08.287: [INFO][Sync] Stopped: Edge Wallet
2026-06-08 14:54:08.287: [INFO][Sync] Stopped: Edge Workspace
2026-06-08 14:54:08.287: [INFO][Sync] SyncState after authenticated was: NotSignedIn
2026-06-08 14:54:08.623: [INFO][Sync] Reset engine, reason: 8
2026-06-08 14:54:08.623: [INFO][Sync] Stopped: Bookmarks
2026-06-08 14:54:08.623: [INFO][Sync] Stopped: Preferences
2026-06-08 14:54:08.623: [INFO][Sync] Stopped: Passwords
2026-06-08 14:54:08.623: [INFO][Sync] Stopped: Autofill Profiles
2026-06-08 14:54:08.623: [INFO][Sync] Stopped: Autofill
2026-06-08 14:54:08.623: [INFO][Sync] Stopped: Extensions
2026-06-08 14:54:08.623: [INFO][Sync] Stopped: Sessions
2026-06-08 14:54:08.623: [INFO][Sync] Stopped: Extension settings
2026-06-08 14:54:08.623: [INFO][Sync] Stopped: History Delete Directives
2026-06-08 14:54:08.623: [INFO][Sync] Stopped: Device Info
2026-06-08 14:54:08.623: [INFO][Sync] Stopped: User Consents
2026-06-08 14:54:08.623: [INFO][Sync] Stopped: Send Tab To Self
2026-06-08 14:54:08.623: [INFO][Sync] Stopped: Web Apps
2026-06-08 14:54:08.623: [INFO][Sync] Stopped: History
2026-06-08 14:54:08.623: [INFO][Sync] Stopped: Saved Tab Group
2026-06-08 14:54:08.623: [INFO][Sync] Stopped: WebAuthn Credentials
2026-06-08 14:54:08.623: [INFO][Sync] Stopped: Edge E Drop
2026-06-08 14:54:08.623: [INFO][Sync] Stopped: Edge Hub App Usage
2026-06-08 14:54:08.623: [INFO][Sync] Stopped: Edge Journey
2026-06-08 14:54:08.623: [INFO][Sync] Stopped: Edge Wallet
2026-06-08 14:54:08.623: [INFO][Sync] Stopped: Edge Workspace
2026-06-08 14:54:09.603: [INFO][Sync] Try to start sync engine
2026-06-08 14:54:09.618: [INFO][SyncManagerImpl::NudgeForInitialDownload] Initial download nudge for Encryption Keys
2026-06-08 14:54:09.618: [INFO][SyncEngineBackend::LoadAndConnectNigoriController] Load and connect Nigori controller
2026-06-08 14:54:09.618: [INFO][SyncEngineBackend::DoInitialize] Control Types added: Encryption Keys
2026-06-08 14:54:09.618: [INFO][SyncManagerImpl::ConfigureSyncer] Types to download: Encryption Keys with reason: 3
2026-06-08 14:54:09.619: [INFO][SyncSchedulerImpl::DoConfigurationSyncCycleJob] Configure job was blocked
2026-06-08 14:54:09.690: [INFO][SyncAuthManager::SetLastAuthError] Current auth error: None
2026-06-08 14:54:09.691: [INFO][SyncAuthManager::EdgeLogTokenErrorState] Token error with: None for account type: MSA
2026-06-08 14:54:09.691: [INFO][Sync] Credentials changed for: EdgeSyncScopeNew
2026-06-08 14:54:09.724: [INFO][SyncAuthManager::SetLastAuthError] Current auth error: None
2026-06-08 14:54:09.724: [INFO][SyncAuthManager::EdgeLogTokenErrorState] Token error with: None for account type: MSA
2026-06-08 14:54:09.724: [INFO][Sync] Credentials changed for: EdgeSyncKeyDataScope
2026-06-08 14:54:09.724: [INFO][SyncEngineBackend::DoUpdateKeyDataCredentials] Update key data credentials
2026-06-08 14:54:09.724: [INFO][SyncEngineBackend::DoUpdateCredentials] Update credentials
2026-06-08 14:54:09.724: [INFO][SyncSchedulerImpl::DoConfigurationSyncCycleJob] Blocked types:  and types to download: Encryption Keys
2026-06-08 14:54:10.111: [INFO][Sync] Started DataTypeManager configuration, reason: 4
2026-06-08 14:54:10.112: [INFO][Sync] Configuring for: Bookmarks, Preferences, Passwords, Autofill Profiles, Autofill, Extensions, Sessions, Extension settings, History Delete Directives, Device Info, User Consents, Send Tab To Self, Web Apps, History, Saved Tab Group, WebAuthn Credentials, Edge E Drop, Edge Hub App Usage, Edge Wallet, Edge Workspace, Encryption Keys, reason: 3, current state: 0
2026-06-08 14:54:10.112: [WARN][Sync] Crypto error data types: Passwords, Autofill Profiles, Autofill
2026-06-08 14:54:10.114: [INFO][Sync] Configure, desired: Bookmarks, Preferences, Extensions, Sessions, Extension settings, History Delete Directives, Device Info, User Consents, Send Tab To Self, Web Apps, History, Saved Tab Group, WebAuthn Credentials, Edge E Drop, Edge Hub App Usage, Edge Wallet, Edge Workspace, Encryption Keys; Allow fail: Passwords, Autofill Profiles, Autofill
2026-06-08 14:54:10.115: [INFO][Sync] Loading: Bookmarks
2026-06-08 14:54:10.115: [INFO][Sync] Loading: Preferences
2026-06-08 14:54:10.115: [INFO][Sync] Loading: Extensions
2026-06-08 14:54:10.115: [INFO][Sync] Loading: Sessions
2026-06-08 14:54:10.116: [INFO][Sync] Loading: Extension settings
2026-06-08 14:54:10.116: [INFO][Sync] Loading: History Delete Directives
2026-06-08 14:54:10.116: [INFO][Sync] Loading: Device Info
2026-06-08 14:54:10.117: [INFO][Sync] Loading: User Consents
2026-06-08 14:54:10.117: [INFO][Sync] Loading: Send Tab To Self
2026-06-08 14:54:10.117: [INFO][Sync] Loading: Web Apps
2026-06-08 14:54:10.117: [INFO][Sync] Loading: History
2026-06-08 14:54:10.117: [INFO][Sync] Loading: Saved Tab Group
2026-06-08 14:54:10.117: [INFO][Sync] Loading: WebAuthn Credentials
2026-06-08 14:54:10.118: [INFO][Sync] Loading: Edge E Drop
2026-06-08 14:54:10.118: [INFO][Sync] Loading: Edge Hub App Usage
2026-06-08 14:54:10.118: [INFO][Sync] Loading: Edge Wallet
2026-06-08 14:54:10.118: [INFO][Sync] Loading: Edge Workspace
2026-06-08 14:54:10.121: [INFO][Sync] All data types are ready for configure.
2026-06-08 14:54:10.774: [INFO][Sync] Connection status changed to: 2
2026-06-08 14:54:10.775: [INFO][SyncEngineBackend::DoStartConfiguration] Start configuration
2026-06-08 14:54:10.775: [INFO][SyncManagerImpl::NudgeForInitialDownload] Initial download nudge for Bookmarks
2026-06-08 14:54:10.775: [INFO][SyncManagerImpl::NudgeForInitialDownload] Initial download nudge for Preferences
2026-06-08 14:54:10.775: [INFO][SyncManagerImpl::NudgeForInitialDownload] Initial download nudge for Extensions
2026-06-08 14:54:10.775: [INFO][SyncManagerImpl::NudgeForInitialDownload] Initial download nudge for Sessions
2026-06-08 14:54:10.775: [INFO][SyncManagerImpl::NudgeForInitialDownload] Initial download nudge for Extension settings
2026-06-08 14:54:10.775: [INFO][SyncManagerImpl::NudgeForInitialDownload] Initial download nudge for History Delete Directives
2026-06-08 14:54:10.775: [INFO][SyncManagerImpl::NudgeForInitialDownload] Initial download nudge for Device Info
2026-06-08 14:54:10.775: [INFO][SyncManagerImpl::NudgeForInitialDownload] Initial download nudge for Send Tab To Self
2026-06-08 14:54:10.775: [INFO][SyncManagerImpl::NudgeForInitialDownload] Initial download nudge for Web Apps
2026-06-08 14:54:10.775: [INFO][SyncManagerImpl::NudgeForInitialDownload] Initial download nudge for History
2026-06-08 14:54:10.775: [INFO][SyncManagerImpl::NudgeForInitialDownload] Initial download nudge for Saved Tab Group
2026-06-08 14:54:10.775: [INFO][SyncManagerImpl::NudgeForInitialDownload] Initial download nudge for WebAuthn Credentials
2026-06-08 14:54:10.775: [INFO][SyncManagerImpl::NudgeForInitialDownload] Initial download nudge for Edge E Drop
2026-06-08 14:54:10.775: [INFO][SyncManagerImpl::NudgeForInitialDownload] Initial download nudge for Edge Hub App Usage
2026-06-08 14:54:10.775: [INFO][SyncManagerImpl::NudgeForInitialDownload] Initial download nudge for Edge Wallet
2026-06-08 14:54:10.775: [INFO][SyncManagerImpl::NudgeForInitialDownload] Initial download nudge for Edge Workspace
2026-06-08 14:54:10.775: [INFO][SyncManagerImpl::ConfigureSyncer] Types to download:  with reason: 3
2026-06-08 14:54:10.775: [INFO][SyncEngineBackend::DoFinishConfigureDataTypes] Failed to download types:  and succeeded types: 
2026-06-08 14:54:10.786: [INFO][Sync] ConfigurationDone, failed: , succeeded: , remaining count: 4
2026-06-08 14:54:10.786: [INFO][Sync] Prepare to configure types: Preferences, Device Info, Send Tab To Self, Edge E Drop, Encryption Keys
2026-06-08 14:54:10.787: [INFO][SyncManagerImpl::ConfigureSyncer] Types to download: Preferences, Device Info, Send Tab To Self, Edge E Drop, Encryption Keys with reason: 3
2026-06-08 14:54:10.787: [INFO][SyncSchedulerImpl::DoConfigurationSyncCycleJob] Blocked types:  and types to download: Preferences, Device Info, Send Tab To Self, Edge E Drop, Encryption Keys
2026-06-08 14:54:10.851: [INFO][SyncAuthManager::SetLastAuthError] Current auth error: None
2026-06-08 14:54:10.852: [INFO][SyncAuthManager::EdgeLogTokenErrorState] Token error with: None for account type: MSA
2026-06-08 14:54:10.852: [INFO][Sync] Credentials changed for: EdgeSyncKeyDataScope
2026-06-08 14:54:11.180: [INFO][SyncEngineBackend::DoFinishConfigureDataTypes] Failed to download types:  and succeeded types: Preferences, Device Info, Send Tab To Self, Edge E Drop, Encryption Keys
2026-06-08 14:54:11.220: [INFO][Sync] ConfigurationDone, failed: , succeeded: Preferences, Device Info, Send Tab To Self, Edge E Drop, Encryption Keys, remaining count: 3
2026-06-08 14:54:11.220: [INFO][Sync] Prepare to configure types: Bookmarks, Encryption Keys
2026-06-08 14:54:11.574: [INFO][SyncEngineBackend::DoUpdateKeyDataCredentials] Update key data credentials
2026-06-08 14:54:11.574: [INFO][SyncManagerImpl::ConfigureSyncer] Types to download: Bookmarks, Encryption Keys with reason: 3
2026-06-08 14:54:11.574: [INFO][SyncSchedulerImpl::DoConfigurationSyncCycleJob] Blocked types:  and types to download: Bookmarks, Encryption Keys
2026-06-08 14:54:11.574: [INFO][Sync] Connection status changed to: 2
2026-06-08 14:54:11.977: [INFO][SyncEngineBackend::DoFinishConfigureDataTypes] Failed to download types:  and succeeded types: Bookmarks, Encryption Keys
2026-06-08 14:54:12.024: [INFO][Sync] ConfigurationDone, failed: , succeeded: Bookmarks, Encryption Keys, remaining count: 2
2026-06-08 14:54:12.024: [INFO][Sync] Prepare to configure types: Extensions, Sessions, Extension settings, History Delete Directives, Web Apps, Saved Tab Group, WebAuthn Credentials, Edge Hub App Usage, Edge Wallet, Edge Workspace, Encryption Keys
2026-06-08 14:54:12.063: [INFO][SyncAuthManager::SetLastAuthError] Current auth error: None
2026-06-08 14:54:12.063: [INFO][SyncAuthManager::EdgeLogTokenErrorState] Token error with: None for account type: MSA
2026-06-08 14:54:12.063: [INFO][Sync] Credentials changed for: EdgeSyncScopeNew
2026-06-08 14:54:12.622: [INFO][SyncManagerImpl::ConfigureSyncer] Types to download: Extensions, Sessions, Extension settings, History Delete Directives, Web Apps, Saved Tab Group, WebAuthn Credentials, Edge Hub App Usage, Edge Wallet, Edge Workspace, Encryption Keys with reason: 3
2026-06-08 14:54:12.622: [INFO][Sync] Connection status changed to: 2
2026-06-08 14:54:12.622: [INFO][SyncSchedulerImpl::DoConfigurationSyncCycleJob] Blocked types:  and types to download: Extensions, Sessions, Extension settings, History Delete Directives, Web Apps, Saved Tab Group, WebAuthn Credentials, Edge Hub App Usage, Edge Wallet, Edge Workspace, Encryption Keys
2026-06-08 14:54:12.935: [INFO][SyncEngineBackend::DoFinishConfigureDataTypes] Failed to download types:  and succeeded types: Extensions, Sessions, Extension settings, History Delete Directives, Web Apps, Saved Tab Group, WebAuthn Credentials, Edge Hub App Usage, Edge Wallet, Edge Workspace, Encryption Keys
2026-06-08 14:54:12.937: [INFO][Sync] ConfigurationDone, failed: , succeeded: Extensions, Sessions, Extension settings, History Delete Directives, Web Apps, Saved Tab Group, WebAuthn Credentials, Edge Hub App Usage, Edge Wallet, Edge Workspace, Encryption Keys, remaining count: 1
2026-06-08 14:54:12.940: [INFO][Sync] Prepare to configure types: History, Encryption Keys
2026-06-08 14:54:12.940: [INFO][SyncManagerImpl::ConfigureSyncer] Types to download: History, Encryption Keys with reason: 3
2026-06-08 14:54:12.940: [INFO][SyncSchedulerImpl::DoConfigurationSyncCycleJob] Blocked types:  and types to download: History, Encryption Keys
2026-06-08 14:54:13.223: [INFO][SyncEngineBackend::DoFinishConfigureDataTypes] Failed to download types:  and succeeded types: History, Encryption Keys
2026-06-08 14:54:13.226: [INFO][Sync] ConfigurationDone, failed: , succeeded: History, Encryption Keys, remaining count: 0
2026-06-08 14:54:13.229: [INFO][Sync]     Configuration completed, state: 3
2026-06-08 14:54:13.229: [INFO][Sync] Configured DataTypeManager: Ok
2026-06-08 14:54:13.233: [INFO][SyncEngineBackend::DoStartSyncing] Start syncing
2026-06-08 14:54:13.434: [INFO][SyncAuthManager::SetLastAuthError] Current auth error: None
2026-06-08 14:54:13.434: [INFO][SyncAuthManager::EdgeLogTokenErrorState] Token error with: None for account type: MSA
2026-06-08 14:54:13.434: [INFO][Sync] Credentials changed for: EdgeSyncKeyDataScope
2026-06-08 14:54:14.298: [INFO][Sync] Reset engine, reason: 0
2026-06-08 14:54:14.298: [INFO][Sync] Reset engine with reason: 0
2026-06-08 14:54:14.299: [INFO][SyncSchedulerImpl::OnSyncNetworkError] Syncer error: Network error (ERR_ABORTED)
2026-06-08 14:54:14.299: [INFO][Commit::ReportFullCommitFailure] Commit Sessions, Device Info, User Consents failed with error: NetworkError
2026-06-08 14:54:14.299: [INFO][SyncSchedulerImpl::DoNudgeSyncCycleJob] Syncer error: Network error (ERR_ABORTED)
2026-06-08 14:54:14.299: [INFO][SyncEngineBackend::DoUpdateKeyDataCredentials] Update key data credentials
2026-06-08 14:54:14.299: [INFO][SyncEngineBackend::DoUpdateCredentials] Update credentials
