{"logTime": "0608/145451", "correlationVector":"r68poaoftZT3enGvWUvXum.1","action":"SyncServerConnectionManagerRequest", "result":"SYNC_SERVER_OK", "context":{"environment":"Prod_brazilsouth_prod-s01-034-sam-brazilsouth", "migrationStage":"NotStarted", "server":"akswtt10100000x"}}
{"logTime": "0608/145451", "correlationVector":"r68poaoftZT3enGvWUvXum.2","action":"ProcessGetUpdates", "result":"Done", "context":{"dataType":"Encryption Keys", "deleted":"0", "process_failed_to_decrypt":"0", "process_pending_decryption":"0", "process_success":"1", "total":"1"}}
{"logTime": "0608/145453", "correlationVector":"SDF80EKWS/KVtfe5vjqe6i","action":"SyncServerConnectionManagerRequest", "result":"SYNC_SERVER_OK", "context":{"environment":"", "migrationStage":"", "server":""}}
{"logTime": "0608/145453", "correlationVector":"SDF80EKWS/KVtfe5vjqe6i.0","action":"EncryptionKeysFetcher.DownloadKeys:", "result":"Success", "context":Key count: 9, Last key timestamp: 2026-01-13T01:02:39Z}
{"logTime": "0608/145453", "correlationVector":"SDF80EKWS/KVtfe5vjqe6i.1","action":"EncryptionKeysManager::SetEncryptionKeys:", "result":"Success", "context":Key names[9]:[sXZOF0YXUBMS3Q7aC2XdR9MkseRkZ6TZPfUoIOR8AVq5DSuO644o4rBajSpTEoYCC9+0QwWb4cTfMq/KSi2WvQ==][7LfXeVoUoCOn65I6qtzBh7sw8DSTfbPRLNTHzhDLHL2U51gcTR4XZ25kVL9mM/XTKz+6okpLmd7fZBdjxOD/Xg==][sLE+qxoviNwxp6HN/l7K/EDiKDT58Wt35fpjpsUhhUeURCWDdhOcJQ0snxBSLzDciNdQX6QMcD1b0I9U/8IYdA==][w6rPscZoktBM6yDmjuH3wbxhuIuLs4Yjw7gHuwWECtmPurVTujknCIvmI04gyaUhNfp3A7wrcnJJzBdzwWRfqw==][EY1GXdTQqfddqNDWPGiqzFbnDEmTSMsKghX2ljx0cLSkpoQJTYsn/4+OHZBjXEjZo9o7xS0mzfTxcJTgDI4QKQ==][CBIRhkziLil9EOR3fg4m181m/OvEhlkaAZ99KX55M3u3Xw+hAoQ9tm89OYXoF4LIov8xjvVXcaCkuwz+Kn9NWw==][nWEIkxXHogTrB+AmmEbxOr2eKGyl9iLv3eCaSJqPwbIwIKKTBWUxS6UPMG5gxPXc/20/bFEEf0Htdu5N6A7MaQ==][A7AkVEpVljx5jEsbAist/mZgufXtJQRzRkQJuCaUprkkCtmr2pCdUwpMdDYKc3YPN9jvxtBQSCDPdTr+Tizuvw==][rTZbJaCFsaIXlINo9nXF8Kl+vlrTDNA7rYpASIsF457OXdkW94BhBO/yrER182v0S4zLKou96fgu28ImpZ/DZw==]}
{"logTime": "0608/145453", "correlationVector":"SDF80EKWS/KVtfe5vjqe6i.2","action":"EncryptionKeysManager::SetEncryptionKeysWithTimestamps:", "result":"Success", "context":Key timestamps[9]:[2022-01-03T20:25:40Z][2022-07-19T22:11:41Z][2023-01-24T16:33:01Z][2023-07-10T14:29:02Z][2024-01-13T05:36:02Z][2024-07-12T14:23:30Z][2025-01-08T15:15:01Z][2025-07-08T14:04:14Z][2026-01-13T01:02:39Z]}
{"logTime": "0608/145453", "correlationVector":"r68poaoftZT3enGvWUvXum","action":"Initial GetUpdates", "result":"", "context":Reason: NEW_CLIENT. cV=r68poaoftZT3enGvWUvXum}
{"logTime": "0608/145453", "correlationVector":"r68poaoftZT3enGvWUvXum.3","action":"GetUpdates Response", "result":"Success", "context":Received 1 update(s). cV=r68poaoftZT3enGvWUvXum.0;server=akswtt10100000x;cloudType=Consumer;environment=Prod_brazilsouth_prod-s01-034-sam-brazilsouth;migrationStage=NotStarted}
{"logTime": "0608/145453", "correlationVector":"zBvGEkTNek0bshASpaNBj4","action":"Initial GetUpdates", "result":"", "context":Reason: NEWLY_SUPPORTED_DATATYPE. cV=zBvGEkTNek0bshASpaNBj4}
{"logTime": "0608/145453", "correlationVector":"zBvGEkTNek0bshASpaNBj4.1","action":"SyncServerConnectionManagerRequest", "result":"SYNC_SERVER_OK", "context":{"environment":"Prod_brazilsouth_prod-s01-034-sam-brazilsouth", "migrationStage":"NotStarted", "server":"akswtt101000008"}}
{"logTime": "0608/145453", "correlationVector":"zBvGEkTNek0bshASpaNBj4.2","action":"ProcessGetUpdates", "result":"Done", "context":{"dataType":"Preferences", "deleted":"0", "process_failed_to_decrypt":"0", "process_pending_decryption":"0", "process_success":"64", "total":"64"}}
{"logTime": "0608/145453", "correlationVector":"zBvGEkTNek0bshASpaNBj4.3","action":"ProcessGetUpdates", "result":"Done", "context":{"dataType":"Passwords", "deleted":"0", "process_failed_to_decrypt":"0", "process_pending_decryption":"0", "process_success":"176", "total":"176"}}
{"logTime": "0608/145453", "correlationVector":"zBvGEkTNek0bshASpaNBj4.4","action":"ProcessGetUpdates", "result":"Done", "context":{"dataType":"Device Info", "deleted":"0", "process_failed_to_decrypt":"0", "process_pending_decryption":"0", "process_success":"10", "total":"10"}}
{"logTime": "0608/145453", "correlationVector":"zBvGEkTNek0bshASpaNBj4.5","action":"GetUpdates Response", "result":"Success", "context":Received 250 update(s). cV=zBvGEkTNek0bshASpaNBj4.0;server=akswtt101000008;cloudType=Consumer;environment=Prod_brazilsouth_prod-s01-034-sam-brazilsouth;migrationStage=NotStarted Some updates remain.}
{"logTime": "0608/145453", "correlationVector":"iOu75O4CBODbonktcHFbVW","action":"Initial GetUpdates", "result":"", "context":Reason: NEWLY_SUPPORTED_DATATYPE. cV=iOu75O4CBODbonktcHFbVW}
{"logTime": "0608/145454", "correlationVector":"iOu75O4CBODbonktcHFbVW.1","action":"SyncServerConnectionManagerRequest", "result":"SYNC_SERVER_OK", "context":{"environment":"Prod_brazilsouth_prod-s01-034-sam-brazilsouth", "migrationStage":"NotStarted", "server":"akswtt10100000x"}}
{"logTime": "0608/145454", "correlationVector":"iOu75O4CBODbonktcHFbVW.2","action":"ProcessGetUpdates", "result":"Done", "context":{"dataType":"Preferences", "deleted":"0", "process_failed_to_decrypt":"0", "process_pending_decryption":"0", "process_success":"8", "total":"8"}}
{"logTime": "0608/145454", "correlationVector":"iOu75O4CBODbonktcHFbVW.3","action":"ProcessGetUpdates", "result":"Done", "context":{"dataType":"Passwords", "deleted":"0", "process_failed_to_decrypt":"0", "process_pending_decryption":"0", "process_success":"86", "total":"86"}}
{"logTime": "0608/145454", "correlationVector":"iOu75O4CBODbonktcHFbVW.4","action":"ProcessGetUpdates", "result":"Done", "context":{"dataType":"Device Info", "deleted":"0", "process_failed_to_decrypt":"0", "process_pending_decryption":"0", "process_success":"4", "total":"4"}}
{"logTime": "0608/145454", "correlationVector":"iOu75O4CBODbonktcHFbVW.5","action":"GetUpdates Response", "result":"Success", "context":Received 98 update(s). cV=iOu75O4CBODbonktcHFbVW.0;server=akswtt10100000x;cloudType=Consumer;environment=Prod_brazilsouth_prod-s01-034-sam-brazilsouth;migrationStage=NotStarted}
{"logTime": "0608/145454", "correlationVector":"X16wj0v0L0FiTwl2CK6pgP","action":"Initial GetUpdates", "result":"", "context":Reason: NEWLY_SUPPORTED_DATATYPE. cV=X16wj0v0L0FiTwl2CK6pgP}
{"logTime": "0608/145454", "correlationVector":"X16wj0v0L0FiTwl2CK6pgP.1","action":"SyncServerConnectionManagerRequest", "result":"SYNC_SERVER_OK", "context":{"environment":"Prod_brazilsouth_prod-s01-034-sam-brazilsouth", "migrationStage":"NotStarted", "server":"akswtt10100000q"}}
{"logTime": "0608/145454", "correlationVector":"X16wj0v0L0FiTwl2CK6pgP.2","action":"ProcessGetUpdates", "result":"Done", "context":{"dataType":"Bookmarks", "deleted":"0", "process_failed_to_decrypt":"0", "process_pending_decryption":"0", "process_success":"54", "total":"54"}}
