{"logTime": "0608/145443", "correlationVector":"KFe/sdjLMHE2N/vEdJOgMD.1","action":"SyncServerConnectionManagerRequest", "result":"SYNC_SERVER_OK", "context":{"environment":"Prod_brazilsouth_prod-s01-034-sam-brazilsouth", "migrationStage":"NotStarted", "server":"akswtt10100000a"}}
{"logTime": "0608/145443", "correlationVector":"KFe/sdjLMHE2N/vEdJOgMD.2","action":"ProcessGetUpdates", "result":"Done", "context":{"dataType":"Encryption Keys", "deleted":"0", "process_failed_to_decrypt":"0", "process_pending_decryption":"0", "process_success":"1", "total":"1"}}
{"logTime": "0608/145443", "correlationVector":"HwM5i6kxbBW/cJB9kOyNes","action":"SyncServerConnectionManagerRequest", "result":"SYNC_SERVER_ERROR", "context":{"environment":"", "error_type":"http_status_code", "error_value":"400", "migrationStage":"", "server":""}}
{"logTime": "0608/145443", "correlationVector":"KFe/sdjLMHE2N/vEdJOgMD","action":"Initial GetUpdates", "result":"", "context":Reason: NEW_CLIENT. cV=KFe/sdjLMHE2N/vEdJOgMD}
{"logTime": "0608/145443", "correlationVector":"KFe/sdjLMHE2N/vEdJOgMD.3","action":"GetUpdates Response", "result":"Success", "context":Received 1 update(s). cV=KFe/sdjLMHE2N/vEdJOgMD.0;server=akswtt10100000a;cloudType=Consumer;environment=Prod_brazilsouth_prod-s01-034-sam-brazilsouth;migrationStage=NotStarted}
{"logTime": "0608/145443", "correlationVector":"01eRWH4AOy+vHDvQAs9J5j","action":"Initial GetUpdates", "result":"", "context":Reason: NEW_CLIENT. cV=01eRWH4AOy+vHDvQAs9J5j}
{"logTime": "0608/145444", "correlationVector":"01eRWH4AOy+vHDvQAs9J5j.1","action":"SyncServerConnectionManagerRequest", "result":"SYNC_SERVER_OK", "context":{"environment":"Prod_brazilsouth_prod-s01-034-sam-brazilsouth", "migrationStage":"NotStarted", "server":"akswtt10100000q"}}
{"logTime": "0608/145444", "correlationVector":"01eRWH4AOy+vHDvQAs9J5j.2","action":"ProcessGetUpdates", "result":"Done", "context":{"dataType":"Preferences", "deleted":"0", "process_failed_to_decrypt":"0", "process_pending_decryption":"0", "process_success":"72", "total":"72"}}
{"logTime": "0608/145444", "correlationVector":"01eRWH4AOy+vHDvQAs9J5j.3","action":"ProcessGetUpdates", "result":"Done", "context":{"dataType":"Device Info", "deleted":"0", "process_failed_to_decrypt":"0", "process_pending_decryption":"0", "process_success":"14", "total":"14"}}
{"logTime": "0608/145444", "correlationVector":"01eRWH4AOy+vHDvQAs9J5j.4","action":"GetUpdates Response", "result":"Success", "context":Received 86 update(s). cV=01eRWH4AOy+vHDvQAs9J5j.0;server=akswtt10100000q;cloudType=Consumer;environment=Prod_brazilsouth_prod-s01-034-sam-brazilsouth;migrationStage=NotStarted}
{"logTime": "0608/145444", "correlationVector":"Gtwk0TLbrZOWhLJYiHBael","action":"SyncServerConnectionManagerRequest", "result":"SYNC_SERVER_ERROR", "context":{"environment":"", "error_type":"http_status_code", "error_value":"400", "migrationStage":"", "server":""}}
{"logTime": "0608/145444", "correlationVector":"IwV7U6kcdPjlcuaQfqa5lY","action":"Initial GetUpdates", "result":"", "context":Reason: NEW_CLIENT. cV=IwV7U6kcdPjlcuaQfqa5lY}
{"logTime": "0608/145445", "correlationVector":"IwV7U6kcdPjlcuaQfqa5lY.1","action":"SyncServerConnectionManagerRequest", "result":"SYNC_SERVER_OK", "context":{"environment":"Prod_brazilsouth_prod-s01-034-sam-brazilsouth", "migrationStage":"NotStarted", "server":"akswtt10100000s"}}
{"logTime": "0608/145445", "correlationVector":"IwV7U6kcdPjlcuaQfqa5lY.2","action":"ProcessGetUpdates", "result":"Done", "context":{"dataType":"Bookmarks", "deleted":"0", "process_failed_to_decrypt":"0", "process_pending_decryption":"0", "process_success":"54", "total":"54"}}
{"logTime": "0608/145445", "correlationVector":"IwV7U6kcdPjlcuaQfqa5lY.3","action":"GetUpdates Response", "result":"Success", "context":Received 54 update(s). cV=IwV7U6kcdPjlcuaQfqa5lY.0;server=akswtt10100000s;cloudType=Consumer;environment=Prod_brazilsouth_prod-s01-034-sam-brazilsouth;migrationStage=NotStarted}
{"logTime": "0608/145446", "correlationVector":"jKaS8Dys61sDDrGsufutD1","action":"SyncServerConnectionManagerRequest", "result":"SYNC_SERVER_ERROR", "context":{"environment":"", "error_type":"http_status_code", "error_value":"400", "migrationStage":"", "server":""}}
{"logTime": "0608/145446", "correlationVector":"3oziVuPEK08SNRQM9PQJFN","action":"Initial GetUpdates", "result":"", "context":Reason: NEW_CLIENT. cV=3oziVuPEK08SNRQM9PQJFN}
{"logTime": "0608/145446", "correlationVector":"3oziVuPEK08SNRQM9PQJFN.1","action":"SyncServerConnectionManagerRequest", "result":"SYNC_SERVER_OK", "context":{"environment":"Prod_brazilsouth_prod-s01-034-sam-brazilsouth", "migrationStage":"NotStarted", "server":"akswtt10100000x"}}
{"logTime": "0608/145446", "correlationVector":"3oziVuPEK08SNRQM9PQJFN.2","action":"ProcessGetUpdates", "result":"Done", "context":{"dataType":"Sessions", "deleted":"0", "process_failed_to_decrypt":"0", "process_pending_decryption":"0", "process_success":"6", "total":"6"}}
{"logTime": "0608/145446", "correlationVector":"3oziVuPEK08SNRQM9PQJFN.3","action":"ProcessGetUpdates", "result":"Done", "context":{"dataType":"Edge Hub App Usage", "deleted":"0", "process_failed_to_decrypt":"0", "process_pending_decryption":"0", "process_success":"3", "total":"3"}}
{"logTime": "0608/145446", "correlationVector":"3oziVuPEK08SNRQM9PQJFN.4","action":"GetUpdates Response", "result":"Success", "context":Received 9 update(s). cV=3oziVuPEK08SNRQM9PQJFN.0;server=akswtt10100000x;cloudType=Consumer;environment=Prod_brazilsouth_prod-s01-034-sam-brazilsouth;migrationStage=NotStarted}
{"logTime": "0608/145446", "correlationVector":"cLSwHdHIQlqMnEaTX2rJdg","action":"SyncServerConnectionManagerRequest", "result":"SYNC_SERVER_ERROR", "context":{"environment":"", "error_type":"http_status_code", "error_value":"400", "migrationStage":"", "server":""}}
{"logTime": "0608/145446", "correlationVector":"WyINt4qYx4PNFcZLJO2kfX","action":"Initial GetUpdates", "result":"", "context":Reason: NEW_CLIENT. cV=WyINt4qYx4PNFcZLJO2kfX}
{"logTime": "0608/145447", "correlationVector":"WyINt4qYx4PNFcZLJO2kfX.1","action":"SyncServerConnectionManagerRequest", "result":"SYNC_SERVER_OK", "context":{"environment":"Prod_brazilsouth_prod-s01-034-sam-brazilsouth", "migrationStage":"NotStarted", "server":"akswtt10100000w"}}
{"logTime": "0608/145447", "correlationVector":"WyINt4qYx4PNFcZLJO2kfX.2","action":"ProcessGetUpdates", "result":"Done", "context":{"dataType":"History", "deleted":"0", "process_failed_to_decrypt":"0", "process_pending_decryption":"0", "process_success":"2", "total":"2"}}
{"logTime": "0608/145447", "correlationVector":"WyINt4qYx4PNFcZLJO2kfX.3","action":"GetUpdates Response", "result":"Success", "context":Received 2 update(s). cV=WyINt4qYx4PNFcZLJO2kfX.0;server=akswtt10100000w;cloudType=Consumer;environment=Prod_brazilsouth_prod-s01-034-sam-brazilsouth;migrationStage=NotStarted}
{"logTime": "0608/145447", "correlationVector":"CPY6fFgJNjdKneNS8LA6SP","action":"SyncServerConnectionManagerRequest", "result":"SYNC_SERVER_ERROR", "context":{"environment":"", "error_type":"http_status_code", "error_value":"400", "migrationStage":"", "server":""}}
{"logTime": "0608/145447", "correlationVector":"W5EI74NQEASbMzvdPNT7Xl","action":"Normal GetUpdate request", "result":"", "context":cV=W5EI74NQEASbMzvdPNT7Xl
Nudged types: Sessions, Device Info, User Consents
Refresh requested types: Bookmarks, Preferences, Extensions, Sessions, Extension settings, History Delete Directives, Device Info, User Consents, Send Tab To Self, Web Apps, History, Saved Tab Group, WebAuthn Credentials, Edge E Drop, Edge Hub App Usage, Edge Wallet, Edge Workspace, Encryption Keys}
{"logTime": "0608/145448", "correlationVector":"W5EI74NQEASbMzvdPNT7Xl.1","action":"SyncServerConnectionManagerRequest", "result":"SYNC_SERVER_OK", "context":{"environment":"Prod_brazilsouth_prod-s01-034-sam-brazilsouth", "migrationStage":"NotStarted", "server":"akswtt10100000q"}}
{"logTime": "0608/145448", "correlationVector":"W5EI74NQEASbMzvdPNT7Xl.2","action":"GetUpdates Response", "result":"Success", "context":Received 0 update(s). cV=W5EI74NQEASbMzvdPNT7Xl.0;server=akswtt10100000q;cloudType=Consumer;environment=Prod_brazilsouth_prod-s01-034-sam-brazilsouth;migrationStage=NotStarted}
{"logTime": "0608/145448", "correlationVector":"KDo5jdPEeA2W1+60x5tqv+","action":"DoCompareDataConsistency requsted types: ", "result":"Bookmarks, Preferences, Extensions, Extension settings, History Delete Directives, Send Tab To Self, Web Apps, History, Saved Tab Group, WebAuthn Credentials, Edge E Drop, Edge Wallet, Edge Workspace, Encryption Keys"}
{"logTime": "0608/145448", "correlationVector":"KDo5jdPEeA2W1+60x5tqv+.0","action":"CompareDataConsistency result: ", "result":"Compare result: Encryption Keys is consistent. local entities count is: 1 local entities hash is: i8y/lJ8tlmA/TCCAddVtz7lHhX0="}
{"logTime": "0608/145448", "correlationVector":"KDo5jdPEeA2W1+60x5tqv+.1","action":"CompareDataConsistency result: ", "result":"Compare result: Bookmarks is consistent. local entities count is: 48 local entities hash is: TCVZYe/vXeXxdKpeHOTH6hatNAA="}
{"logTime": "0608/145448", "correlationVector":"KDo5jdPEeA2W1+60x5tqv+.2","action":"CompareDataConsistency result: ", "result":"Compare result: Preferences is consistent. local entities count is: 72 local entities hash is: 3GqjSH2r0TwPoRewXHuy6vy8ZHs="}
{"logTime": "0608/145448", "correlationVector":"KDo5jdPEeA2W1+60x5tqv+.3","action":"CompareDataConsistency result: ", "result":"Compare result: Extensions is consistent. local entities count is: 0 local entities hash is: "}
{"logTime": "0608/145448", "correlationVector":"KDo5jdPEeA2W1+60x5tqv+.4","action":"CompareDataConsistency result: ", "result":"Compare result: Extension settings is consistent. local entities count is: 0 local entities hash is: "}
{"logTime": "0608/145448", "correlationVector":"KDo5jdPEeA2W1+60x5tqv+.5","action":"CompareDataConsistency result: ", "result":"Compare result: History Delete Directives is consistent. local entities count is: 0 local entities hash is: "}
{"logTime": "0608/145448", "correlationVector":"KDo5jdPEeA2W1+60x5tqv+.6","action":"CompareDataConsistency result: ", "result":"Server did not send this Send Tab To Self local entities count is: 0 local entities hash is: "}
{"logTime": "0608/145448", "correlationVector":"KDo5jdPEeA2W1+60x5tqv+.7","action":"CompareDataConsistency result: ", "result":"Compare result: Web Apps is consistent. local entities count is: 0 local entities hash is: "}
{"logTime": "0608/145448", "correlationVector":"KDo5jdPEeA2W1+60x5tqv+.8","action":"CompareDataConsistency result: ", "result":"Server did not send this History local entities count is: 0 local entities hash is: "}
{"logTime": "0608/145448", "correlationVector":"KDo5jdPEeA2W1+60x5tqv+.9","action":"CompareDataConsistency result: ", "result":"Compare result: Saved Tab Group is consistent. local entities count is: 0 local entities hash is: "}
{"logTime": "0608/145448", "correlationVector":"KDo5jdPEeA2W1+60x5tqv+.10","action":"CompareDataConsistency result: ", "result":"Server did not send this WebAuthn Credentials local entities count is: 0 local entities hash is: "}
{"logTime": "0608/145448", "correlationVector":"KDo5jdPEeA2W1+60x5tqv+.11","action":"CompareDataConsistency result: ", "result":"Compare result: Edge E Drop is consistent. local entities count is: 0 local entities hash is: "}
{"logTime": "0608/145448", "correlationVector":"KDo5jdPEeA2W1+60x5tqv+.12","action":"CompareDataConsistency result: ", "result":"Compare result: Edge Wallet is consistent. local entities count is: 0 local entities hash is: "}
{"logTime": "0608/145448", "correlationVector":"KDo5jdPEeA2W1+60x5tqv+.13","action":"CompareDataConsistency result: ", "result":"Server did not send this Edge Workspace local entities count is: 0 local entities hash is: "}
