2026-06-08 14:54:41.383: [INFO][Sync] Reset engine, reason: 8
2026-06-08 14:54:41.383: [INFO][Sync] Stopped: Bookmarks
2026-06-08 14:54:41.383: [INFO][Sync] Stopped: Preferences
2026-06-08 14:54:41.383: [INFO][Sync] Stopped: Passwords
2026-06-08 14:54:41.383: [INFO][Sync] Stopped: Autofill Profiles
2026-06-08 14:54:41.383: [INFO][Sync] Stopped: Autofill
2026-06-08 14:54:41.383: [INFO][Sync] Stopped: Extensions
2026-06-08 14:54:41.383: [INFO][Sync] Stopped: Sessions
2026-06-08 14:54:41.383: [INFO][Sync] Stopped: Extension settings
2026-06-08 14:54:41.383: [INFO][Sync] Stopped: History Delete Directives
2026-06-08 14:54:41.383: [INFO][Sync] Stopped: Device Info
2026-06-08 14:54:41.383: [INFO][Sync] Stopped: User Consents
2026-06-08 14:54:41.383: [INFO][Sync] Stopped: Send Tab To Self
2026-06-08 14:54:41.383: [INFO][Sync] Stopped: Web Apps
2026-06-08 14:54:41.383: [INFO][Sync] Stopped: History
2026-06-08 14:54:41.383: [INFO][Sync] Stopped: Saved Tab Group
2026-06-08 14:54:41.383: [INFO][Sync] Stopped: WebAuthn Credentials
2026-06-08 14:54:41.383: [INFO][Sync] Stopped: Edge E Drop
2026-06-08 14:54:41.383: [INFO][Sync] Stopped: Edge Hub App Usage
2026-06-08 14:54:41.383: [INFO][Sync] Stopped: Edge Journey
2026-06-08 14:54:41.383: [INFO][Sync] Stopped: Edge Wallet
2026-06-08 14:54:41.383: [INFO][Sync] Stopped: Edge Workspace
2026-06-08 14:54:41.383: [INFO][Sync] SyncState after authenticated was: NotSignedIn
2026-06-08 14:54:41.640: [INFO][Sync] Reset engine, reason: 8
2026-06-08 14:54:41.640: [INFO][Sync] Stopped: Bookmarks
2026-06-08 14:54:41.640: [INFO][Sync] Stopped: Preferences
2026-06-08 14:54:41.640: [INFO][Sync] Stopped: Passwords
2026-06-08 14:54:41.640: [INFO][Sync] Stopped: Autofill Profiles
2026-06-08 14:54:41.640: [INFO][Sync] Stopped: Autofill
2026-06-08 14:54:41.640: [INFO][Sync] Stopped: Extensions
2026-06-08 14:54:41.640: [INFO][Sync] Stopped: Sessions
2026-06-08 14:54:41.640: [INFO][Sync] Stopped: Extension settings
2026-06-08 14:54:41.640: [INFO][Sync] Stopped: History Delete Directives
2026-06-08 14:54:41.640: [INFO][Sync] Stopped: Device Info
2026-06-08 14:54:41.640: [INFO][Sync] Stopped: User Consents
2026-06-08 14:54:41.640: [INFO][Sync] Stopped: Send Tab To Self
2026-06-08 14:54:41.640: [INFO][Sync] Stopped: Web Apps
2026-06-08 14:54:41.640: [INFO][Sync] Stopped: History
2026-06-08 14:54:41.640: [INFO][Sync] Stopped: Saved Tab Group
2026-06-08 14:54:41.640: [INFO][Sync] Stopped: WebAuthn Credentials
2026-06-08 14:54:41.640: [INFO][Sync] Stopped: Edge E Drop
2026-06-08 14:54:41.640: [INFO][Sync] Stopped: Edge Hub App Usage
2026-06-08 14:54:41.640: [INFO][Sync] Stopped: Edge Journey
2026-06-08 14:54:41.640: [INFO][Sync] Stopped: Edge Wallet
2026-06-08 14:54:41.640: [INFO][Sync] Stopped: Edge Workspace
2026-06-08 14:54:42.486: [INFO][Sync] Try to start sync engine
2026-06-08 14:54:42.488: [INFO][SyncManagerImpl::NudgeForInitialDownload] Initial download nudge for Encryption Keys
2026-06-08 14:54:42.488: [INFO][SyncEngineBackend::LoadAndConnectNigoriController] Load and connect Nigori controller
2026-06-08 14:54:42.488: [INFO][SyncEngineBackend::DoInitialize] Control Types added: Encryption Keys
2026-06-08 14:54:42.488: [INFO][SyncManagerImpl::ConfigureSyncer] Types to download: Encryption Keys with reason: 3
2026-06-08 14:54:42.488: [INFO][SyncSchedulerImpl::DoConfigurationSyncCycleJob] Configure job was blocked
2026-06-08 14:54:42.537: [INFO][SyncAuthManager::SetLastAuthError] Current auth error: None
2026-06-08 14:54:42.537: [INFO][SyncAuthManager::EdgeLogTokenErrorState] Token error with: None for account type: MSA
2026-06-08 14:54:42.537: [INFO][Sync] Credentials changed for: EdgeSyncScopeNew
2026-06-08 14:54:42.629: [INFO][SyncAuthManager::SetLastAuthError] Current auth error: None
2026-06-08 14:54:42.629: [INFO][SyncAuthManager::EdgeLogTokenErrorState] Token error with: None for account type: MSA
2026-06-08 14:54:42.629: [INFO][Sync] Credentials changed for: EdgeSyncKeyDataScope
2026-06-08 14:54:42.629: [INFO][SyncEngineBackend::DoUpdateKeyDataCredentials] Update key data credentials
2026-06-08 14:54:42.629: [INFO][SyncEngineBackend::DoUpdateCredentials] Update credentials
2026-06-08 14:54:42.629: [INFO][SyncSchedulerImpl::DoConfigurationSyncCycleJob] Blocked types:  and types to download: Encryption Keys
2026-06-08 14:54:43.111: [INFO][Sync] Started DataTypeManager configuration, reason: 4
2026-06-08 14:54:43.111: [INFO][Sync] Configuring for: Bookmarks, Preferences, Passwords, Autofill Profiles, Autofill, Extensions, Sessions, Extension settings, History Delete Directives, Device Info, User Consents, Send Tab To Self, Web Apps, History, Saved Tab Group, WebAuthn Credentials, Edge E Drop, Edge Hub App Usage, Edge Wallet, Edge Workspace, Encryption Keys, reason: 3, current state: 0
2026-06-08 14:54:43.111: [WARN][Sync] Crypto error data types: Passwords, Autofill Profiles, Autofill
2026-06-08 14:54:43.112: [INFO][Sync] Configure, desired: Bookmarks, Preferences, Extensions, Sessions, Extension settings, History Delete Directives, Device Info, User Consents, Send Tab To Self, Web Apps, History, Saved Tab Group, WebAuthn Credentials, Edge E Drop, Edge Hub App Usage, Edge Wallet, Edge Workspace, Encryption Keys; Allow fail: Passwords, Autofill Profiles, Autofill
2026-06-08 14:54:43.112: [INFO][Sync] Loading: Bookmarks
2026-06-08 14:54:43.112: [INFO][Sync] Loading: Preferences
2026-06-08 14:54:43.112: [INFO][Sync] Loading: Extensions
2026-06-08 14:54:43.112: [INFO][Sync] Loading: Sessions
2026-06-08 14:54:43.112: [INFO][Sync] Loading: Extension settings
2026-06-08 14:54:43.112: [INFO][Sync] Loading: History Delete Directives
2026-06-08 14:54:43.112: [INFO][Sync] Loading: Device Info
2026-06-08 14:54:43.112: [INFO][Sync] Loading: User Consents
2026-06-08 14:54:43.112: [INFO][Sync] Loading: Send Tab To Self
2026-06-08 14:54:43.112: [INFO][Sync] Loading: Web Apps
2026-06-08 14:54:43.112: [INFO][Sync] Loading: History
2026-06-08 14:54:43.112: [INFO][Sync] Loading: Saved Tab Group
2026-06-08 14:54:43.112: [INFO][Sync] Loading: WebAuthn Credentials
2026-06-08 14:54:43.112: [INFO][Sync] Loading: Edge E Drop
2026-06-08 14:54:43.112: [INFO][Sync] Loading: Edge Hub App Usage
2026-06-08 14:54:43.112: [INFO][Sync] Loading: Edge Wallet
2026-06-08 14:54:43.112: [INFO][Sync] Loading: Edge Workspace
2026-06-08 14:54:43.115: [INFO][Sync] All data types are ready for configure.
2026-06-08 14:54:43.673: [INFO][Sync] Connection status changed to: 2
2026-06-08 14:54:43.673: [INFO][SyncEngineBackend::DoStartConfiguration] Start configuration
2026-06-08 14:54:43.674: [INFO][SyncManagerImpl::NudgeForInitialDownload] Initial download nudge for Bookmarks
2026-06-08 14:54:43.674: [INFO][SyncManagerImpl::NudgeForInitialDownload] Initial download nudge for Preferences
2026-06-08 14:54:43.674: [INFO][SyncManagerImpl::NudgeForInitialDownload] Initial download nudge for Extensions
2026-06-08 14:54:43.674: [INFO][SyncManagerImpl::NudgeForInitialDownload] Initial download nudge for Sessions
2026-06-08 14:54:43.674: [INFO][SyncManagerImpl::NudgeForInitialDownload] Initial download nudge for Extension settings
2026-06-08 14:54:43.674: [INFO][SyncManagerImpl::NudgeForInitialDownload] Initial download nudge for History Delete Directives
2026-06-08 14:54:43.674: [INFO][SyncManagerImpl::NudgeForInitialDownload] Initial download nudge for Device Info
2026-06-08 14:54:43.674: [INFO][SyncManagerImpl::NudgeForInitialDownload] Initial download nudge for Send Tab To Self
2026-06-08 14:54:43.674: [INFO][SyncManagerImpl::NudgeForInitialDownload] Initial download nudge for Web Apps
2026-06-08 14:54:43.674: [INFO][SyncManagerImpl::NudgeForInitialDownload] Initial download nudge for History
2026-06-08 14:54:43.674: [INFO][SyncManagerImpl::NudgeForInitialDownload] Initial download nudge for Saved Tab Group
2026-06-08 14:54:43.674: [INFO][SyncManagerImpl::NudgeForInitialDownload] Initial download nudge for WebAuthn Credentials
2026-06-08 14:54:43.674: [INFO][SyncManagerImpl::NudgeForInitialDownload] Initial download nudge for Edge E Drop
2026-06-08 14:54:43.674: [INFO][SyncManagerImpl::NudgeForInitialDownload] Initial download nudge for Edge Hub App Usage
2026-06-08 14:54:43.674: [INFO][SyncManagerImpl::NudgeForInitialDownload] Initial download nudge for Edge Wallet
2026-06-08 14:54:43.674: [INFO][SyncManagerImpl::NudgeForInitialDownload] Initial download nudge for Edge Workspace
2026-06-08 14:54:43.674: [INFO][SyncManagerImpl::ConfigureSyncer] Types to download:  with reason: 3
2026-06-08 14:54:43.674: [INFO][SyncEngineBackend::DoFinishConfigureDataTypes] Failed to download types:  and succeeded types: 
2026-06-08 14:54:43.676: [INFO][Sync] ConfigurationDone, failed: , succeeded: , remaining count: 4
2026-06-08 14:54:43.676: [INFO][Sync] Prepare to configure types: Preferences, Device Info, Send Tab To Self, Edge E Drop, Encryption Keys
2026-06-08 14:54:43.677: [INFO][SyncManagerImpl::ConfigureSyncer] Types to download: Preferences, Device Info, Send Tab To Self, Edge E Drop, Encryption Keys with reason: 3
2026-06-08 14:54:43.677: [INFO][SyncSchedulerImpl::DoConfigurationSyncCycleJob] Blocked types:  and types to download: Preferences, Device Info, Send Tab To Self, Edge E Drop, Encryption Keys
2026-06-08 14:54:43.756: [INFO][SyncAuthManager::SetLastAuthError] Current auth error: None
2026-06-08 14:54:43.756: [INFO][SyncAuthManager::EdgeLogTokenErrorState] Token error with: None for account type: MSA
2026-06-08 14:54:43.756: [INFO][Sync] Credentials changed for: EdgeSyncKeyDataScope
2026-06-08 14:54:44.237: [INFO][SyncEngineBackend::DoFinishConfigureDataTypes] Failed to download types:  and succeeded types: Preferences, Device Info, Send Tab To Self, Edge E Drop, Encryption Keys
2026-06-08 14:54:44.252: [INFO][Sync] ConfigurationDone, failed: , succeeded: Preferences, Device Info, Send Tab To Self, Edge E Drop, Encryption Keys, remaining count: 3
2026-06-08 14:54:44.252: [INFO][Sync] Prepare to configure types: Bookmarks, Encryption Keys
2026-06-08 14:54:44.516: [INFO][SyncAuthManager::SetLastAuthError] Current auth error: None
2026-06-08 14:54:44.516: [INFO][SyncAuthManager::EdgeLogTokenErrorState] Token error with: None for account type: MSA
2026-06-08 14:54:44.516: [INFO][Sync] Credentials changed for: EdgeSyncScopeNew
2026-06-08 14:54:44.848: [INFO][SyncEngineBackend::DoUpdateKeyDataCredentials] Update key data credentials
2026-06-08 14:54:44.848: [INFO][Sync] Connection status changed to: 2
2026-06-08 14:54:44.848: [INFO][SyncManagerImpl::ConfigureSyncer] Types to download: Bookmarks, Encryption Keys with reason: 3
2026-06-08 14:54:44.848: [INFO][SyncEngineBackend::DoUpdateCredentials] Update credentials
2026-06-08 14:54:44.848: [INFO][SyncEngineBackend::DoUpdateKeyDataCredentials] Update key data credentials
2026-06-08 14:54:44.848: [INFO][SyncSchedulerImpl::DoConfigurationSyncCycleJob] Blocked types:  and types to download: Bookmarks, Encryption Keys
2026-06-08 14:54:45.672: [INFO][SyncEngineBackend::DoFinishConfigureDataTypes] Failed to download types:  and succeeded types: Bookmarks, Encryption Keys
2026-06-08 14:54:45.695: [INFO][Sync] ConfigurationDone, failed: , succeeded: Bookmarks, Encryption Keys, remaining count: 2
2026-06-08 14:54:45.695: [INFO][Sync] Prepare to configure types: Extensions, Sessions, Extension settings, History Delete Directives, Web Apps, Saved Tab Group, WebAuthn Credentials, Edge Hub App Usage, Edge Wallet, Edge Workspace, Encryption Keys
2026-06-08 14:54:46.185: [INFO][SyncManagerImpl::ConfigureSyncer] Types to download: Extensions, Sessions, Extension settings, History Delete Directives, Web Apps, Saved Tab Group, WebAuthn Credentials, Edge Hub App Usage, Edge Wallet, Edge Workspace, Encryption Keys with reason: 3
2026-06-08 14:54:46.185: [INFO][SyncSchedulerImpl::DoConfigurationSyncCycleJob] Blocked types:  and types to download: Extensions, Sessions, Extension settings, History Delete Directives, Web Apps, Saved Tab Group, WebAuthn Credentials, Edge Hub App Usage, Edge Wallet, Edge Workspace, Encryption Keys
2026-06-08 14:54:46.185: [INFO][Sync] Connection status changed to: 2
2026-06-08 14:54:46.523: [INFO][SyncEngineBackend::DoFinishConfigureDataTypes] Failed to download types:  and succeeded types: Extensions, Sessions, Extension settings, History Delete Directives, Web Apps, Saved Tab Group, WebAuthn Credentials, Edge Hub App Usage, Edge Wallet, Edge Workspace, Encryption Keys
2026-06-08 14:54:46.526: [INFO][Sync] ConfigurationDone, failed: , succeeded: Extensions, Sessions, Extension settings, History Delete Directives, Web Apps, Saved Tab Group, WebAuthn Credentials, Edge Hub App Usage, Edge Wallet, Edge Workspace, Encryption Keys, remaining count: 1
2026-06-08 14:54:46.529: [INFO][Sync] Prepare to configure types: History, Encryption Keys
2026-06-08 14:54:46.660: [INFO][SyncAuthManager::SetLastAuthError] Current auth error: None
2026-06-08 14:54:46.660: [INFO][SyncAuthManager::EdgeLogTokenErrorState] Token error with: None for account type: MSA
2026-06-08 14:54:46.660: [INFO][Sync] Credentials changed for: EdgeSyncKeyDataScope
2026-06-08 14:54:46.759: [INFO][SyncAuthManager::SetLastAuthError] Current auth error: None
2026-06-08 14:54:46.759: [INFO][SyncAuthManager::EdgeLogTokenErrorState] Token error with: None for account type: MSA
2026-06-08 14:54:46.759: [INFO][Sync] Credentials changed for: EdgeSyncScopeNew
2026-06-08 14:54:46.844: [INFO][SyncManagerImpl::ConfigureSyncer] Types to download: History, Encryption Keys with reason: 3
2026-06-08 14:54:46.844: [INFO][SyncEngineBackend::DoUpdateKeyDataCredentials] Update key data credentials
2026-06-08 14:54:46.844: [INFO][SyncEngineBackend::DoUpdateCredentials] Update credentials
2026-06-08 14:54:46.844: [INFO][Sync] Connection status changed to: 2
2026-06-08 14:54:46.844: [INFO][SyncEngineBackend::DoUpdateKeyDataCredentials] Update key data credentials
2026-06-08 14:54:46.844: [INFO][SyncSchedulerImpl::DoConfigurationSyncCycleJob] Blocked types:  and types to download: History, Encryption Keys
2026-06-08 14:54:47.152: [INFO][SyncEngineBackend::DoFinishConfigureDataTypes] Failed to download types:  and succeeded types: History, Encryption Keys
2026-06-08 14:54:47.155: [INFO][Sync] ConfigurationDone, failed: , succeeded: History, Encryption Keys, remaining count: 0
2026-06-08 14:54:47.157: [INFO][Sync]     Configuration completed, state: 3
2026-06-08 14:54:47.157: [INFO][Sync] Configured DataTypeManager: Ok
2026-06-08 14:54:47.476: [INFO][Sync] Connection status changed to: 2
2026-06-08 14:54:47.476: [INFO][SyncEngineBackend::DoStartSyncing] Start syncing
2026-06-08 14:54:48.223: [INFO][Sync] Reset engine, reason: 0
2026-06-08 14:54:48.224: [INFO][Sync] Reset engine with reason: 0
2026-06-08 14:54:48.224: [INFO][SyncSchedulerImpl::OnSyncNetworkError] Syncer error: Network error (ERR_IO_PENDING)
2026-06-08 14:54:48.224: [INFO][Commit::ReportFullCommitFailure] Commit Device Info failed with error: NetworkError
2026-06-08 14:54:48.224: [INFO][SyncSchedulerImpl::DoNudgeSyncCycleJob] Syncer error: Network error (ERR_IO_PENDING)
