{"logTime": "0608/145429", "correlationVector":"HKvZuP2cLi6n/oHPTqsD0Y.1","action":"SyncServerConnectionManagerRequest", "result":"SYNC_SERVER_OK", "context":{"environment":"Prod_brazilsouth_prod-s01-001-sam-brazilsouth", "migrationStage":"NotStarted", "server":"akswtt005000013"}}
{"logTime": "0608/145429", "correlationVector":"HKvZuP2cLi6n/oHPTqsD0Y.2","action":"ProcessGetUpdates", "result":"Done", "context":{"dataType":"Encryption Keys", "deleted":"0", "process_failed_to_decrypt":"0", "process_pending_decryption":"0", "process_success":"1", "total":"1"}}
{"logTime": "0608/145430", "correlationVector":"8JI2rHJ19n2UlJ/CU8LDQn","action":"SyncServerConnectionManagerRequest", "result":"SYNC_SERVER_ERROR", "context":{"environment":"", "error_type":"http_status_code", "error_value":"400", "migrationStage":"", "server":""}}
{"logTime": "0608/145430", "correlationVector":"HKvZuP2cLi6n/oHPTqsD0Y","action":"Initial GetUpdates", "result":"", "context":Reason: NEW_CLIENT. cV=HKvZuP2cLi6n/oHPTqsD0Y}
{"logTime": "0608/145430", "correlationVector":"HKvZuP2cLi6n/oHPTqsD0Y.3","action":"GetUpdates Response", "result":"Success", "context":Received 1 update(s). cV=HKvZuP2cLi6n/oHPTqsD0Y.0;server=akswtt005000013;cloudType=Consumer;environment=Prod_brazilsouth_prod-s01-001-sam-brazilsouth;migrationStage=NotStarted}
{"logTime": "0608/145430", "correlationVector":"xsHJFAmU40gNNtXH+rBkGH","action":"Initial GetUpdates", "result":"", "context":Reason: NEW_CLIENT. cV=xsHJFAmU40gNNtXH+rBkGH}
{"logTime": "0608/145430", "correlationVector":"xsHJFAmU40gNNtXH+rBkGH.1","action":"SyncServerConnectionManagerRequest", "result":"SYNC_SERVER_OK", "context":{"environment":"Prod_brazilsouth_prod-s01-001-sam-brazilsouth", "migrationStage":"NotStarted", "server":"akswtt005000012"}}
{"logTime": "0608/145430", "correlationVector":"xsHJFAmU40gNNtXH+rBkGH.2","action":"ProcessGetUpdates", "result":"Done", "context":{"dataType":"Preferences", "deleted":"0", "process_failed_to_decrypt":"0", "process_pending_decryption":"0", "process_success":"72", "total":"72"}}
{"logTime": "0608/145430", "correlationVector":"xsHJFAmU40gNNtXH+rBkGH.3","action":"ProcessGetUpdates", "result":"Done", "context":{"dataType":"Device Info", "deleted":"0", "process_failed_to_decrypt":"0", "process_pending_decryption":"0", "process_success":"13", "total":"13"}}
{"logTime": "0608/145430", "correlationVector":"xsHJFAmU40gNNtXH+rBkGH.4","action":"GetUpdates Response", "result":"Success", "context":Received 85 update(s). cV=xsHJFAmU40gNNtXH+rBkGH.0;server=akswtt005000012;cloudType=Consumer;environment=Prod_brazilsouth_prod-s01-001-sam-brazilsouth;migrationStage=NotStarted}
{"logTime": "0608/145431", "correlationVector":"N1ToW2jGoDlJn3g+V9TCVv","action":"SyncServerConnectionManagerRequest", "result":"SYNC_SERVER_ERROR", "context":{"environment":"", "error_type":"http_status_code", "error_value":"400", "migrationStage":"", "server":""}}
{"logTime": "0608/145431", "correlationVector":"DJaUvJOmm57NJ/k4Whw0Ta","action":"Initial GetUpdates", "result":"", "context":Reason: NEW_CLIENT. cV=DJaUvJOmm57NJ/k4Whw0Ta}
{"logTime": "0608/145431", "correlationVector":"DJaUvJOmm57NJ/k4Whw0Ta.1","action":"SyncServerConnectionManagerRequest", "result":"SYNC_SERVER_OK", "context":{"environment":"Prod_brazilsouth_prod-s01-034-sam-brazilsouth", "migrationStage":"NotStarted", "server":"akswtt10100000m"}}
{"logTime": "0608/145431", "correlationVector":"DJaUvJOmm57NJ/k4Whw0Ta.2","action":"ProcessGetUpdates", "result":"Done", "context":{"dataType":"Bookmarks", "deleted":"0", "process_failed_to_decrypt":"0", "process_pending_decryption":"0", "process_success":"54", "total":"54"}}
{"logTime": "0608/145431", "correlationVector":"DJaUvJOmm57NJ/k4Whw0Ta.3","action":"GetUpdates Response", "result":"Success", "context":Received 54 update(s). cV=DJaUvJOmm57NJ/k4Whw0Ta.0;server=akswtt10100000m;cloudType=Consumer;environment=Prod_brazilsouth_prod-s01-034-sam-brazilsouth;migrationStage=NotStarted}
{"logTime": "0608/145432", "correlationVector":"7ME3/3wvrTFPuVjPSFspuN","action":"SyncServerConnectionManagerRequest", "result":"SYNC_SERVER_ERROR", "context":{"environment":"", "error_type":"http_status_code", "error_value":"400", "migrationStage":"", "server":""}}
{"logTime": "0608/145432", "correlationVector":"oLYrCpqs45QTjM9iXg2A67","action":"Initial GetUpdates", "result":"", "context":Reason: NEW_CLIENT. cV=oLYrCpqs45QTjM9iXg2A67}
{"logTime": "0608/145432", "correlationVector":"oLYrCpqs45QTjM9iXg2A67.1","action":"SyncServerConnectionManagerRequest", "result":"SYNC_SERVER_OK", "context":{"environment":"Prod_brazilsouth_prod-s01-034-sam-brazilsouth", "migrationStage":"NotStarted", "server":"akswtt10100000x"}}
{"logTime": "0608/145432", "correlationVector":"oLYrCpqs45QTjM9iXg2A67.2","action":"ProcessGetUpdates", "result":"Done", "context":{"dataType":"Sessions", "deleted":"0", "process_failed_to_decrypt":"0", "process_pending_decryption":"0", "process_success":"4", "total":"4"}}
{"logTime": "0608/145432", "correlationVector":"oLYrCpqs45QTjM9iXg2A67.3","action":"ProcessGetUpdates", "result":"Done", "context":{"dataType":"Edge Hub App Usage", "deleted":"0", "process_failed_to_decrypt":"0", "process_pending_decryption":"0", "process_success":"3", "total":"3"}}
{"logTime": "0608/145432", "correlationVector":"oLYrCpqs45QTjM9iXg2A67.4","action":"GetUpdates Response", "result":"Success", "context":Received 7 update(s). cV=oLYrCpqs45QTjM9iXg2A67.0;server=akswtt10100000x;cloudType=Consumer;environment=Prod_brazilsouth_prod-s01-034-sam-brazilsouth;migrationStage=NotStarted}
{"logTime": "0608/145432", "correlationVector":"MBk6Rn1p184rJA1YIHireI","action":"SyncServerConnectionManagerRequest", "result":"SYNC_SERVER_ERROR", "context":{"environment":"", "error_type":"http_status_code", "error_value":"400", "migrationStage":"", "server":""}}
{"logTime": "0608/145432", "correlationVector":"92Jm3XayGM17ENlwY+w1sy","action":"Initial GetUpdates", "result":"", "context":Reason: NEW_CLIENT. cV=92Jm3XayGM17ENlwY+w1sy}
{"logTime": "0608/145433", "correlationVector":"92Jm3XayGM17ENlwY+w1sy.1","action":"SyncServerConnectionManagerRequest", "result":"SYNC_SERVER_OK", "context":{"environment":"Prod_brazilsouth_prod-s01-034-sam-brazilsouth", "migrationStage":"NotStarted", "server":"akswtt101000003"}}
{"logTime": "0608/145433", "correlationVector":"92Jm3XayGM17ENlwY+w1sy.2","action":"ProcessGetUpdates", "result":"Done", "context":{"dataType":"History", "deleted":"0", "process_failed_to_decrypt":"0", "process_pending_decryption":"0", "process_success":"2", "total":"2"}}
{"logTime": "0608/145433", "correlationVector":"92Jm3XayGM17ENlwY+w1sy.3","action":"GetUpdates Response", "result":"Success", "context":Received 2 update(s). cV=92Jm3XayGM17ENlwY+w1sy.0;server=akswtt101000003;cloudType=Consumer;environment=Prod_brazilsouth_prod-s01-034-sam-brazilsouth;migrationStage=NotStarted}
{"logTime": "0608/145433", "correlationVector":"RYyIvCwCXmzYV+pwjfP5np","action":"Normal GetUpdate request", "result":"", "context":cV=RYyIvCwCXmzYV+pwjfP5np
Nudged types: Sessions, Device Info, User Consents
Refresh requested types: Bookmarks, Preferences, Extensions, Sessions, Extension settings, History Delete Directives, Device Info, User Consents, Send Tab To Self, Web Apps, History, Saved Tab Group, WebAuthn Credentials, Edge E Drop, Edge Hub App Usage, Edge Wallet, Edge Workspace, Encryption Keys}
{"logTime": "0608/145433", "correlationVector":"RYyIvCwCXmzYV+pwjfP5np","action":"SyncServerConnectionManagerRequest", "result":"CONNECTION_UNAVAILABLE", "context":{"error_type":"net_error_code", "error_value":"-3"}}
