2026-06-08 14:54:27.710: [INFO][Sync] Reset engine, reason: 8
2026-06-08 14:54:27.710: [INFO][Sync] Stopped: Bookmarks
2026-06-08 14:54:27.710: [INFO][Sync] Stopped: Preferences
2026-06-08 14:54:27.710: [INFO][Sync] Stopped: Passwords
2026-06-08 14:54:27.710: [INFO][Sync] Stopped: Autofill Profiles
2026-06-08 14:54:27.710: [INFO][Sync] Stopped: Autofill
2026-06-08 14:54:27.710: [INFO][Sync] Stopped: Extensions
2026-06-08 14:54:27.710: [INFO][Sync] Stopped: Sessions
2026-06-08 14:54:27.710: [INFO][Sync] Stopped: Extension settings
2026-06-08 14:54:27.710: [INFO][Sync] Stopped: History Delete Directives
2026-06-08 14:54:27.710: [INFO][Sync] Stopped: Device Info
2026-06-08 14:54:27.710: [INFO][Sync] Stopped: User Consents
2026-06-08 14:54:27.710: [INFO][Sync] Stopped: Send Tab To Self
2026-06-08 14:54:27.710: [INFO][Sync] Stopped: Web Apps
2026-06-08 14:54:27.710: [INFO][Sync] Stopped: History
2026-06-08 14:54:27.710: [INFO][Sync] Stopped: Saved Tab Group
2026-06-08 14:54:27.710: [INFO][Sync] Stopped: WebAuthn Credentials
2026-06-08 14:54:27.710: [INFO][Sync] Stopped: Edge E Drop
2026-06-08 14:54:27.710: [INFO][Sync] Stopped: Edge Hub App Usage
2026-06-08 14:54:27.710: [INFO][Sync] Stopped: Edge Journey
2026-06-08 14:54:27.710: [INFO][Sync] Stopped: Edge Wallet
2026-06-08 14:54:27.710: [INFO][Sync] Stopped: Edge Workspace
2026-06-08 14:54:27.710: [INFO][Sync] SyncState after authenticated was: NotSignedIn
2026-06-08 14:54:28.020: [INFO][Sync] Reset engine, reason: 8
2026-06-08 14:54:28.020: [INFO][Sync] Stopped: Bookmarks
2026-06-08 14:54:28.020: [INFO][Sync] Stopped: Preferences
2026-06-08 14:54:28.020: [INFO][Sync] Stopped: Passwords
2026-06-08 14:54:28.020: [INFO][Sync] Stopped: Autofill Profiles
2026-06-08 14:54:28.020: [INFO][Sync] Stopped: Autofill
2026-06-08 14:54:28.020: [INFO][Sync] Stopped: Extensions
2026-06-08 14:54:28.020: [INFO][Sync] Stopped: Sessions
2026-06-08 14:54:28.020: [INFO][Sync] Stopped: Extension settings
2026-06-08 14:54:28.020: [INFO][Sync] Stopped: History Delete Directives
2026-06-08 14:54:28.020: [INFO][Sync] Stopped: Device Info
2026-06-08 14:54:28.020: [INFO][Sync] Stopped: User Consents
2026-06-08 14:54:28.020: [INFO][Sync] Stopped: Send Tab To Self
2026-06-08 14:54:28.020: [INFO][Sync] Stopped: Web Apps
2026-06-08 14:54:28.020: [INFO][Sync] Stopped: History
2026-06-08 14:54:28.020: [INFO][Sync] Stopped: Saved Tab Group
2026-06-08 14:54:28.020: [INFO][Sync] Stopped: WebAuthn Credentials
2026-06-08 14:54:28.020: [INFO][Sync] Stopped: Edge E Drop
2026-06-08 14:54:28.020: [INFO][Sync] Stopped: Edge Hub App Usage
2026-06-08 14:54:28.020: [INFO][Sync] Stopped: Edge Journey
2026-06-08 14:54:28.020: [INFO][Sync] Stopped: Edge Wallet
2026-06-08 14:54:28.020: [INFO][Sync] Stopped: Edge Workspace
2026-06-08 14:54:29.119: [INFO][Sync] Try to start sync engine
2026-06-08 14:54:29.120: [INFO][SyncManagerImpl::NudgeForInitialDownload] Initial download nudge for Encryption Keys
2026-06-08 14:54:29.120: [INFO][SyncEngineBackend::LoadAndConnectNigoriController] Load and connect Nigori controller
2026-06-08 14:54:29.120: [INFO][SyncEngineBackend::DoInitialize] Control Types added: Encryption Keys
2026-06-08 14:54:29.120: [INFO][SyncManagerImpl::ConfigureSyncer] Types to download: Encryption Keys with reason: 3
2026-06-08 14:54:29.120: [INFO][SyncSchedulerImpl::DoConfigurationSyncCycleJob] Configure job was blocked
2026-06-08 14:54:29.159: [INFO][SyncAuthManager::SetLastAuthError] Current auth error: None
2026-06-08 14:54:29.159: [INFO][SyncAuthManager::EdgeLogTokenErrorState] Token error with: None for account type: MSA
2026-06-08 14:54:29.159: [INFO][Sync] Credentials changed for: EdgeSyncScopeNew
2026-06-08 14:54:29.220: [INFO][SyncAuthManager::SetLastAuthError] Current auth error: None
2026-06-08 14:54:29.220: [INFO][SyncAuthManager::EdgeLogTokenErrorState] Token error with: None for account type: MSA
2026-06-08 14:54:29.220: [INFO][Sync] Credentials changed for: EdgeSyncKeyDataScope
2026-06-08 14:54:29.220: [INFO][SyncEngineBackend::DoUpdateKeyDataCredentials] Update key data credentials
2026-06-08 14:54:29.220: [INFO][SyncEngineBackend::DoUpdateCredentials] Update credentials
2026-06-08 14:54:29.220: [INFO][SyncSchedulerImpl::DoConfigurationSyncCycleJob] Blocked types:  and types to download: Encryption Keys
2026-06-08 14:54:29.726: [INFO][Sync] Started DataTypeManager configuration, reason: 4
2026-06-08 14:54:29.726: [INFO][Sync] Configuring for: Bookmarks, Preferences, Passwords, Autofill Profiles, Autofill, Extensions, Sessions, Extension settings, History Delete Directives, Device Info, User Consents, Send Tab To Self, Web Apps, History, Saved Tab Group, WebAuthn Credentials, Edge E Drop, Edge Hub App Usage, Edge Wallet, Edge Workspace, Encryption Keys, reason: 3, current state: 0
2026-06-08 14:54:29.726: [WARN][Sync] Crypto error data types: Passwords, Autofill Profiles, Autofill
2026-06-08 14:54:29.728: [INFO][Sync] Configure, desired: Bookmarks, Preferences, Extensions, Sessions, Extension settings, History Delete Directives, Device Info, User Consents, Send Tab To Self, Web Apps, History, Saved Tab Group, WebAuthn Credentials, Edge E Drop, Edge Hub App Usage, Edge Wallet, Edge Workspace, Encryption Keys; Allow fail: Passwords, Autofill Profiles, Autofill
2026-06-08 14:54:29.728: [INFO][Sync] Loading: Bookmarks
2026-06-08 14:54:29.728: [INFO][Sync] Loading: Preferences
2026-06-08 14:54:29.728: [INFO][Sync] Loading: Extensions
2026-06-08 14:54:29.728: [INFO][Sync] Loading: Sessions
2026-06-08 14:54:29.728: [INFO][Sync] Loading: Extension settings
2026-06-08 14:54:29.728: [INFO][Sync] Loading: History Delete Directives
2026-06-08 14:54:29.728: [INFO][Sync] Loading: Device Info
2026-06-08 14:54:29.728: [INFO][Sync] Loading: User Consents
2026-06-08 14:54:29.728: [INFO][Sync] Loading: Send Tab To Self
2026-06-08 14:54:29.728: [INFO][Sync] Loading: Web Apps
2026-06-08 14:54:29.728: [INFO][Sync] Loading: History
2026-06-08 14:54:29.728: [INFO][Sync] Loading: Saved Tab Group
2026-06-08 14:54:29.728: [INFO][Sync] Loading: WebAuthn Credentials
2026-06-08 14:54:29.728: [INFO][Sync] Loading: Edge E Drop
2026-06-08 14:54:29.728: [INFO][Sync] Loading: Edge Hub App Usage
2026-06-08 14:54:29.728: [INFO][Sync] Loading: Edge Wallet
2026-06-08 14:54:29.728: [INFO][Sync] Loading: Edge Workspace
2026-06-08 14:54:29.731: [INFO][Sync] All data types are ready for configure.
2026-06-08 14:54:30.315: [INFO][Sync] Connection status changed to: 2
2026-06-08 14:54:30.315: [INFO][SyncEngineBackend::DoStartConfiguration] Start configuration
2026-06-08 14:54:30.315: [INFO][SyncManagerImpl::NudgeForInitialDownload] Initial download nudge for Bookmarks
2026-06-08 14:54:30.315: [INFO][SyncManagerImpl::NudgeForInitialDownload] Initial download nudge for Preferences
2026-06-08 14:54:30.315: [INFO][SyncManagerImpl::NudgeForInitialDownload] Initial download nudge for Extensions
2026-06-08 14:54:30.315: [INFO][SyncManagerImpl::NudgeForInitialDownload] Initial download nudge for Sessions
2026-06-08 14:54:30.315: [INFO][SyncManagerImpl::NudgeForInitialDownload] Initial download nudge for Extension settings
2026-06-08 14:54:30.315: [INFO][SyncManagerImpl::NudgeForInitialDownload] Initial download nudge for History Delete Directives
2026-06-08 14:54:30.315: [INFO][SyncManagerImpl::NudgeForInitialDownload] Initial download nudge for Device Info
2026-06-08 14:54:30.315: [INFO][SyncManagerImpl::NudgeForInitialDownload] Initial download nudge for Send Tab To Self
2026-06-08 14:54:30.315: [INFO][SyncManagerImpl::NudgeForInitialDownload] Initial download nudge for Web Apps
2026-06-08 14:54:30.315: [INFO][SyncManagerImpl::NudgeForInitialDownload] Initial download nudge for History
2026-06-08 14:54:30.315: [INFO][SyncManagerImpl::NudgeForInitialDownload] Initial download nudge for Saved Tab Group
2026-06-08 14:54:30.315: [INFO][SyncManagerImpl::NudgeForInitialDownload] Initial download nudge for WebAuthn Credentials
2026-06-08 14:54:30.315: [INFO][SyncManagerImpl::NudgeForInitialDownload] Initial download nudge for Edge E Drop
2026-06-08 14:54:30.315: [INFO][SyncManagerImpl::NudgeForInitialDownload] Initial download nudge for Edge Hub App Usage
2026-06-08 14:54:30.315: [INFO][SyncManagerImpl::NudgeForInitialDownload] Initial download nudge for Edge Wallet
2026-06-08 14:54:30.315: [INFO][SyncManagerImpl::NudgeForInitialDownload] Initial download nudge for Edge Workspace
2026-06-08 14:54:30.315: [INFO][SyncManagerImpl::ConfigureSyncer] Types to download:  with reason: 3
2026-06-08 14:54:30.315: [INFO][SyncEngineBackend::DoFinishConfigureDataTypes] Failed to download types:  and succeeded types: 
2026-06-08 14:54:30.318: [INFO][Sync] ConfigurationDone, failed: , succeeded: , remaining count: 4
2026-06-08 14:54:30.318: [INFO][Sync] Prepare to configure types: Preferences, Device Info, Send Tab To Self, Edge E Drop, Encryption Keys
2026-06-08 14:54:30.318: [INFO][SyncManagerImpl::ConfigureSyncer] Types to download: Preferences, Device Info, Send Tab To Self, Edge E Drop, Encryption Keys with reason: 3
2026-06-08 14:54:30.318: [INFO][SyncSchedulerImpl::DoConfigurationSyncCycleJob] Blocked types:  and types to download: Preferences, Device Info, Send Tab To Self, Edge E Drop, Encryption Keys
2026-06-08 14:54:30.407: [INFO][SyncAuthManager::SetLastAuthError] Current auth error: None
2026-06-08 14:54:30.407: [INFO][SyncAuthManager::EdgeLogTokenErrorState] Token error with: None for account type: MSA
2026-06-08 14:54:30.407: [INFO][Sync] Credentials changed for: EdgeSyncKeyDataScope
2026-06-08 14:54:30.818: [INFO][SyncEngineBackend::DoFinishConfigureDataTypes] Failed to download types:  and succeeded types: Preferences, Device Info, Send Tab To Self, Edge E Drop, Encryption Keys
2026-06-08 14:54:30.836: [INFO][Sync] ConfigurationDone, failed: , succeeded: Preferences, Device Info, Send Tab To Self, Edge E Drop, Encryption Keys, remaining count: 3
2026-06-08 14:54:30.836: [INFO][Sync] Prepare to configure types: Bookmarks, Encryption Keys
2026-06-08 14:54:31.194: [INFO][SyncAuthManager::SetLastAuthError] Current auth error: None
2026-06-08 14:54:31.194: [INFO][SyncAuthManager::EdgeLogTokenErrorState] Token error with: None for account type: MSA
2026-06-08 14:54:31.194: [INFO][Sync] Credentials changed for: EdgeSyncScopeNew
2026-06-08 14:54:31.246: [INFO][SyncEngineBackend::DoUpdateKeyDataCredentials] Update key data credentials
2026-06-08 14:54:31.246: [INFO][Sync] Connection status changed to: 2
2026-06-08 14:54:31.246: [INFO][SyncManagerImpl::ConfigureSyncer] Types to download: Bookmarks, Encryption Keys with reason: 3
2026-06-08 14:54:31.246: [INFO][SyncEngineBackend::DoUpdateCredentials] Update credentials
2026-06-08 14:54:31.246: [INFO][SyncEngineBackend::DoUpdateKeyDataCredentials] Update key data credentials
2026-06-08 14:54:31.246: [INFO][SyncSchedulerImpl::DoConfigurationSyncCycleJob] Blocked types:  and types to download: Bookmarks, Encryption Keys
2026-06-08 14:54:31.627: [INFO][SyncEngineBackend::DoFinishConfigureDataTypes] Failed to download types:  and succeeded types: Bookmarks, Encryption Keys
2026-06-08 14:54:31.687: [INFO][Sync] ConfigurationDone, failed: , succeeded: Bookmarks, Encryption Keys, remaining count: 2
2026-06-08 14:54:31.688: [INFO][Sync] Prepare to configure types: Extensions, Sessions, Extension settings, History Delete Directives, Web Apps, Saved Tab Group, WebAuthn Credentials, Edge Hub App Usage, Edge Wallet, Edge Workspace, Encryption Keys
2026-06-08 14:54:32.195: [INFO][SyncManagerImpl::ConfigureSyncer] Types to download: Extensions, Sessions, Extension settings, History Delete Directives, Web Apps, Saved Tab Group, WebAuthn Credentials, Edge Hub App Usage, Edge Wallet, Edge Workspace, Encryption Keys with reason: 3
2026-06-08 14:54:32.195: [INFO][Sync] Connection status changed to: 2
2026-06-08 14:54:32.195: [INFO][SyncSchedulerImpl::DoConfigurationSyncCycleJob] Blocked types:  and types to download: Extensions, Sessions, Extension settings, History Delete Directives, Web Apps, Saved Tab Group, WebAuthn Credentials, Edge Hub App Usage, Edge Wallet, Edge Workspace, Encryption Keys
2026-06-08 14:54:32.482: [INFO][SyncEngineBackend::DoFinishConfigureDataTypes] Failed to download types:  and succeeded types: Extensions, Sessions, Extension settings, History Delete Directives, Web Apps, Saved Tab Group, WebAuthn Credentials, Edge Hub App Usage, Edge Wallet, Edge Workspace, Encryption Keys
2026-06-08 14:54:32.484: [INFO][Sync] ConfigurationDone, failed: , succeeded: Extensions, Sessions, Extension settings, History Delete Directives, Web Apps, Saved Tab Group, WebAuthn Credentials, Edge Hub App Usage, Edge Wallet, Edge Workspace, Encryption Keys, remaining count: 1
2026-06-08 14:54:32.487: [INFO][Sync] Prepare to configure types: History, Encryption Keys
2026-06-08 14:54:32.879: [INFO][SyncAuthManager::SetLastAuthError] Current auth error: None
2026-06-08 14:54:32.879: [INFO][SyncAuthManager::EdgeLogTokenErrorState] Token error with: None for account type: MSA
2026-06-08 14:54:32.879: [INFO][Sync] Credentials changed for: EdgeSyncScopeNew
2026-06-08 14:54:32.908: [INFO][SyncManagerImpl::ConfigureSyncer] Types to download: History, Encryption Keys with reason: 3
2026-06-08 14:54:32.908: [INFO][Sync] Connection status changed to: 2
2026-06-08 14:54:32.908: [INFO][SyncSchedulerImpl::DoConfigurationSyncCycleJob] Blocked types:  and types to download: History, Encryption Keys
2026-06-08 14:54:32.968: [INFO][SyncAuthManager::SetLastAuthError] Current auth error: None
2026-06-08 14:54:32.968: [INFO][SyncAuthManager::EdgeLogTokenErrorState] Token error with: None for account type: MSA
2026-06-08 14:54:32.968: [INFO][Sync] Credentials changed for: EdgeSyncKeyDataScope
2026-06-08 14:54:33.201: [INFO][SyncEngineBackend::DoFinishConfigureDataTypes] Failed to download types:  and succeeded types: History, Encryption Keys
2026-06-08 14:54:33.202: [INFO][SyncEngineBackend::DoUpdateKeyDataCredentials] Update key data credentials
2026-06-08 14:54:33.202: [INFO][SyncEngineBackend::DoUpdateCredentials] Update credentials
2026-06-08 14:54:33.206: [INFO][Sync] ConfigurationDone, failed: , succeeded: History, Encryption Keys, remaining count: 0
2026-06-08 14:54:33.212: [INFO][Sync]     Configuration completed, state: 3
2026-06-08 14:54:33.213: [INFO][Sync] Configured DataTypeManager: Ok
2026-06-08 14:54:33.217: [INFO][SyncEngineBackend::DoStartSyncing] Start syncing
2026-06-08 14:54:33.659: [INFO][Sync] Reset engine, reason: 0
2026-06-08 14:54:33.659: [INFO][Sync] Reset engine with reason: 0
2026-06-08 14:54:33.660: [INFO][SyncSchedulerImpl::OnSyncNetworkError] Syncer error: Network error (ERR_ABORTED)
2026-06-08 14:54:33.660: [INFO][SyncSchedulerImpl::DoNudgeSyncCycleJob] Syncer error: Success
