{"logTime": "0608/145416", "correlationVector":"C1Q+U2+wu15tZaGg/+yfYr.1","action":"SyncServerConnectionManagerRequest", "result":"SYNC_SERVER_OK", "context":{"environment":"Prod_brazilsouth_prod-s01-001-sam-brazilsouth", "migrationStage":"NotStarted", "server":"akswtt00500000q"}}
{"logTime": "0608/145416", "correlationVector":"C1Q+U2+wu15tZaGg/+yfYr.2","action":"ProcessGetUpdates", "result":"Done", "context":{"dataType":"Encryption Keys", "deleted":"0", "process_failed_to_decrypt":"0", "process_pending_decryption":"0", "process_success":"1", "total":"1"}}
{"logTime": "0608/145417", "correlationVector":"FasC9gCgjDAI8On40ocBPT","action":"SyncServerConnectionManagerRequest", "result":"SYNC_SERVER_ERROR", "context":{"environment":"", "error_type":"http_status_code", "error_value":"400", "migrationStage":"", "server":""}}
{"logTime": "0608/145417", "correlationVector":"C1Q+U2+wu15tZaGg/+yfYr","action":"Initial GetUpdates", "result":"", "context":Reason: NEW_CLIENT. cV=C1Q+U2+wu15tZaGg/+yfYr}
{"logTime": "0608/145417", "correlationVector":"C1Q+U2+wu15tZaGg/+yfYr.3","action":"GetUpdates Response", "result":"Success", "context":Received 1 update(s). cV=C1Q+U2+wu15tZaGg/+yfYr.0;server=akswtt00500000q;cloudType=Consumer;environment=Prod_brazilsouth_prod-s01-001-sam-brazilsouth;migrationStage=NotStarted}
{"logTime": "0608/145417", "correlationVector":"VNl2ddBHDHcDCJ2Of3KcK5","action":"Initial GetUpdates", "result":"", "context":Reason: NEW_CLIENT. cV=VNl2ddBHDHcDCJ2Of3KcK5}
{"logTime": "0608/145417", "correlationVector":"VNl2ddBHDHcDCJ2Of3KcK5.1","action":"SyncServerConnectionManagerRequest", "result":"SYNC_SERVER_OK", "context":{"environment":"Prod_brazilsouth_prod-s01-001-sam-brazilsouth", "migrationStage":"NotStarted", "server":"akswtt00500001c"}}
{"logTime": "0608/145417", "correlationVector":"VNl2ddBHDHcDCJ2Of3KcK5.2","action":"ProcessGetUpdates", "result":"Done", "context":{"dataType":"Preferences", "deleted":"0", "process_failed_to_decrypt":"0", "process_pending_decryption":"0", "process_success":"72", "total":"72"}}
{"logTime": "0608/145417", "correlationVector":"VNl2ddBHDHcDCJ2Of3KcK5.3","action":"ProcessGetUpdates", "result":"Done", "context":{"dataType":"Device Info", "deleted":"0", "process_failed_to_decrypt":"0", "process_pending_decryption":"0", "process_success":"13", "total":"13"}}
{"logTime": "0608/145417", "correlationVector":"VNl2ddBHDHcDCJ2Of3KcK5.4","action":"GetUpdates Response", "result":"Success", "context":Received 85 update(s). cV=VNl2ddBHDHcDCJ2Of3KcK5.0;server=akswtt00500001c;cloudType=Consumer;environment=Prod_brazilsouth_prod-s01-001-sam-brazilsouth;migrationStage=NotStarted}
{"logTime": "0608/145418", "correlationVector":"24zz4Nfel/4PoD3ZVt+Cb/","action":"SyncServerConnectionManagerRequest", "result":"SYNC_SERVER_ERROR", "context":{"environment":"", "error_type":"http_status_code", "error_value":"400", "migrationStage":"", "server":""}}
{"logTime": "0608/145418", "correlationVector":"iMjlCCYK4KPdI+fTEpEJos","action":"Initial GetUpdates", "result":"", "context":Reason: NEW_CLIENT. cV=iMjlCCYK4KPdI+fTEpEJos}
{"logTime": "0608/145418", "correlationVector":"iMjlCCYK4KPdI+fTEpEJos.1","action":"SyncServerConnectionManagerRequest", "result":"SYNC_SERVER_OK", "context":{"environment":"Prod_brazilsouth_prod-s01-034-sam-brazilsouth", "migrationStage":"NotStarted", "server":"akswtt10100000v"}}
{"logTime": "0608/145418", "correlationVector":"iMjlCCYK4KPdI+fTEpEJos.2","action":"ProcessGetUpdates", "result":"Done", "context":{"dataType":"Bookmarks", "deleted":"0", "process_failed_to_decrypt":"0", "process_pending_decryption":"0", "process_success":"54", "total":"54"}}
{"logTime": "0608/145418", "correlationVector":"iMjlCCYK4KPdI+fTEpEJos.3","action":"GetUpdates Response", "result":"Success", "context":Received 54 update(s). cV=iMjlCCYK4KPdI+fTEpEJos.0;server=akswtt10100000v;cloudType=Consumer;environment=Prod_brazilsouth_prod-s01-034-sam-brazilsouth;migrationStage=NotStarted}
{"logTime": "0608/145419", "correlationVector":"QVKOS+WaieEj1Zdod1iH8V","action":"SyncServerConnectionManagerRequest", "result":"SYNC_SERVER_ERROR", "context":{"environment":"", "error_type":"http_status_code", "error_value":"400", "migrationStage":"", "server":""}}
{"logTime": "0608/145419", "correlationVector":"NQn7/CG8jeu0PAls5Zt2Cb","action":"Initial GetUpdates", "result":"", "context":Reason: NEW_CLIENT. cV=NQn7/CG8jeu0PAls5Zt2Cb}
{"logTime": "0608/145419", "correlationVector":"NQn7/CG8jeu0PAls5Zt2Cb.1","action":"SyncServerConnectionManagerRequest", "result":"SYNC_SERVER_OK", "context":{"environment":"Prod_brazilsouth_prod-s01-034-sam-brazilsouth", "migrationStage":"NotStarted", "server":"akswtt10100000u"}}
{"logTime": "0608/145419", "correlationVector":"NQn7/CG8jeu0PAls5Zt2Cb.2","action":"ProcessGetUpdates", "result":"Done", "context":{"dataType":"Sessions", "deleted":"0", "process_failed_to_decrypt":"0", "process_pending_decryption":"0", "process_success":"4", "total":"4"}}
{"logTime": "0608/145419", "correlationVector":"NQn7/CG8jeu0PAls5Zt2Cb.3","action":"ProcessGetUpdates", "result":"Done", "context":{"dataType":"Edge Hub App Usage", "deleted":"0", "process_failed_to_decrypt":"0", "process_pending_decryption":"0", "process_success":"3", "total":"3"}}
{"logTime": "0608/145419", "correlationVector":"NQn7/CG8jeu0PAls5Zt2Cb.4","action":"GetUpdates Response", "result":"Success", "context":Received 7 update(s). cV=NQn7/CG8jeu0PAls5Zt2Cb.0;server=akswtt10100000u;cloudType=Consumer;environment=Prod_brazilsouth_prod-s01-034-sam-brazilsouth;migrationStage=NotStarted}
{"logTime": "0608/145420", "correlationVector":"MJVjggOI1OLyeLBXhZ529u","action":"SyncServerConnectionManagerRequest", "result":"SYNC_SERVER_ERROR", "context":{"environment":"", "error_type":"http_status_code", "error_value":"400", "migrationStage":"", "server":""}}
{"logTime": "0608/145420", "correlationVector":"7xNXlmKT3McRdiT4EpKoum","action":"Initial GetUpdates", "result":"", "context":Reason: NEW_CLIENT. cV=7xNXlmKT3McRdiT4EpKoum}
{"logTime": "0608/145420", "correlationVector":"7xNXlmKT3McRdiT4EpKoum.1","action":"SyncServerConnectionManagerRequest", "result":"SYNC_SERVER_OK", "context":{"environment":"Prod_brazilsouth_prod-s01-034-sam-brazilsouth", "migrationStage":"NotStarted", "server":"akswtt10100000s"}}
{"logTime": "0608/145420", "correlationVector":"7xNXlmKT3McRdiT4EpKoum.2","action":"ProcessGetUpdates", "result":"Done", "context":{"dataType":"History", "deleted":"0", "process_failed_to_decrypt":"0", "process_pending_decryption":"0", "process_success":"2", "total":"2"}}
{"logTime": "0608/145420", "correlationVector":"7xNXlmKT3McRdiT4EpKoum.3","action":"GetUpdates Response", "result":"Success", "context":Received 2 update(s). cV=7xNXlmKT3McRdiT4EpKoum.0;server=akswtt10100000s;cloudType=Consumer;environment=Prod_brazilsouth_prod-s01-034-sam-brazilsouth;migrationStage=NotStarted}
{"logTime": "0608/145420", "correlationVector":"","action":"SyncServerConnectionManagerRequest", "result":"CONNECTION_UNAVAILABLE", "context":{"error_type":"net_error_code", "error_value":"-3"}}
