2026-06-08 14:54:14.965: [INFO][Sync] Reset engine, reason: 8
2026-06-08 14:54:14.966: [INFO][Sync] Stopped: Bookmarks
2026-06-08 14:54:14.966: [INFO][Sync] Stopped: Preferences
2026-06-08 14:54:14.966: [INFO][Sync] Stopped: Passwords
2026-06-08 14:54:14.966: [INFO][Sync] Stopped: Autofill Profiles
2026-06-08 14:54:14.966: [INFO][Sync] Stopped: Autofill
2026-06-08 14:54:14.966: [INFO][Sync] Stopped: Extensions
2026-06-08 14:54:14.966: [INFO][Sync] Stopped: Sessions
2026-06-08 14:54:14.966: [INFO][Sync] Stopped: Extension settings
2026-06-08 14:54:14.966: [INFO][Sync] Stopped: History Delete Directives
2026-06-08 14:54:14.966: [INFO][Sync] Stopped: Device Info
2026-06-08 14:54:14.966: [INFO][Sync] Stopped: User Consents
2026-06-08 14:54:14.966: [INFO][Sync] Stopped: Send Tab To Self
2026-06-08 14:54:14.966: [INFO][Sync] Stopped: Web Apps
2026-06-08 14:54:14.966: [INFO][Sync] Stopped: History
2026-06-08 14:54:14.966: [INFO][Sync] Stopped: Saved Tab Group
2026-06-08 14:54:14.966: [INFO][Sync] Stopped: WebAuthn Credentials
2026-06-08 14:54:14.966: [INFO][Sync] Stopped: Edge E Drop
2026-06-08 14:54:14.966: [INFO][Sync] Stopped: Edge Hub App Usage
2026-06-08 14:54:14.966: [INFO][Sync] Stopped: Edge Journey
2026-06-08 14:54:14.966: [INFO][Sync] Stopped: Edge Wallet
2026-06-08 14:54:14.966: [INFO][Sync] Stopped: Edge Workspace
2026-06-08 14:54:14.966: [INFO][Sync] SyncState after authenticated was: NotSignedIn
2026-06-08 14:54:15.255: [INFO][Sync] Reset engine, reason: 8
2026-06-08 14:54:15.255: [INFO][Sync] Stopped: Bookmarks
2026-06-08 14:54:15.255: [INFO][Sync] Stopped: Preferences
2026-06-08 14:54:15.255: [INFO][Sync] Stopped: Passwords
2026-06-08 14:54:15.255: [INFO][Sync] Stopped: Autofill Profiles
2026-06-08 14:54:15.255: [INFO][Sync] Stopped: Autofill
2026-06-08 14:54:15.255: [INFO][Sync] Stopped: Extensions
2026-06-08 14:54:15.255: [INFO][Sync] Stopped: Sessions
2026-06-08 14:54:15.255: [INFO][Sync] Stopped: Extension settings
2026-06-08 14:54:15.255: [INFO][Sync] Stopped: History Delete Directives
2026-06-08 14:54:15.255: [INFO][Sync] Stopped: Device Info
2026-06-08 14:54:15.255: [INFO][Sync] Stopped: User Consents
2026-06-08 14:54:15.255: [INFO][Sync] Stopped: Send Tab To Self
2026-06-08 14:54:15.255: [INFO][Sync] Stopped: Web Apps
2026-06-08 14:54:15.255: [INFO][Sync] Stopped: History
2026-06-08 14:54:15.255: [INFO][Sync] Stopped: Saved Tab Group
2026-06-08 14:54:15.255: [INFO][Sync] Stopped: WebAuthn Credentials
2026-06-08 14:54:15.255: [INFO][Sync] Stopped: Edge E Drop
2026-06-08 14:54:15.255: [INFO][Sync] Stopped: Edge Hub App Usage
2026-06-08 14:54:15.255: [INFO][Sync] Stopped: Edge Journey
2026-06-08 14:54:15.255: [INFO][Sync] Stopped: Edge Wallet
2026-06-08 14:54:15.255: [INFO][Sync] Stopped: Edge Workspace
2026-06-08 14:54:16.139: [INFO][Sync] Try to start sync engine
2026-06-08 14:54:16.140: [INFO][SyncManagerImpl::NudgeForInitialDownload] Initial download nudge for Encryption Keys
2026-06-08 14:54:16.140: [INFO][SyncEngineBackend::LoadAndConnectNigoriController] Load and connect Nigori controller
2026-06-08 14:54:16.140: [INFO][SyncEngineBackend::DoInitialize] Control Types added: Encryption Keys
2026-06-08 14:54:16.140: [INFO][SyncManagerImpl::ConfigureSyncer] Types to download: Encryption Keys with reason: 3
2026-06-08 14:54:16.140: [INFO][SyncSchedulerImpl::DoConfigurationSyncCycleJob] Configure job was blocked
2026-06-08 14:54:16.198: [INFO][SyncAuthManager::SetLastAuthError] Current auth error: None
2026-06-08 14:54:16.198: [INFO][SyncAuthManager::EdgeLogTokenErrorState] Token error with: None for account type: MSA
2026-06-08 14:54:16.198: [INFO][Sync] Credentials changed for: EdgeSyncScopeNew
2026-06-08 14:54:16.271: [INFO][SyncAuthManager::SetLastAuthError] Current auth error: None
2026-06-08 14:54:16.271: [INFO][SyncAuthManager::EdgeLogTokenErrorState] Token error with: None for account type: MSA
2026-06-08 14:54:16.271: [INFO][Sync] Credentials changed for: EdgeSyncKeyDataScope
2026-06-08 14:54:16.271: [INFO][SyncEngineBackend::DoUpdateKeyDataCredentials] Update key data credentials
2026-06-08 14:54:16.271: [INFO][SyncEngineBackend::DoUpdateCredentials] Update credentials
2026-06-08 14:54:16.271: [INFO][SyncSchedulerImpl::DoConfigurationSyncCycleJob] Blocked types:  and types to download: Encryption Keys
2026-06-08 14:54:16.639: [INFO][Sync] Started DataTypeManager configuration, reason: 4
2026-06-08 14:54:16.639: [INFO][Sync] Configuring for: Bookmarks, Preferences, Passwords, Autofill Profiles, Autofill, Extensions, Sessions, Extension settings, History Delete Directives, Device Info, User Consents, Send Tab To Self, Web Apps, History, Saved Tab Group, WebAuthn Credentials, Edge E Drop, Edge Hub App Usage, Edge Wallet, Edge Workspace, Encryption Keys, reason: 3, current state: 0
2026-06-08 14:54:16.639: [WARN][Sync] Crypto error data types: Passwords, Autofill Profiles, Autofill
2026-06-08 14:54:16.642: [INFO][Sync] Configure, desired: Bookmarks, Preferences, Extensions, Sessions, Extension settings, History Delete Directives, Device Info, User Consents, Send Tab To Self, Web Apps, History, Saved Tab Group, WebAuthn Credentials, Edge E Drop, Edge Hub App Usage, Edge Wallet, Edge Workspace, Encryption Keys; Allow fail: Passwords, Autofill Profiles, Autofill
2026-06-08 14:54:16.642: [INFO][Sync] Loading: Bookmarks
2026-06-08 14:54:16.642: [INFO][Sync] Loading: Preferences
2026-06-08 14:54:16.643: [INFO][Sync] Loading: Extensions
2026-06-08 14:54:16.643: [INFO][Sync] Loading: Sessions
2026-06-08 14:54:16.643: [INFO][Sync] Loading: Extension settings
2026-06-08 14:54:16.643: [INFO][Sync] Loading: History Delete Directives
2026-06-08 14:54:16.643: [INFO][Sync] Loading: Device Info
2026-06-08 14:54:16.643: [INFO][Sync] Loading: User Consents
2026-06-08 14:54:16.643: [INFO][Sync] Loading: Send Tab To Self
2026-06-08 14:54:16.643: [INFO][Sync] Loading: Web Apps
2026-06-08 14:54:16.643: [INFO][Sync] Loading: History
2026-06-08 14:54:16.643: [INFO][Sync] Loading: Saved Tab Group
2026-06-08 14:54:16.643: [INFO][Sync] Loading: WebAuthn Credentials
2026-06-08 14:54:16.643: [INFO][Sync] Loading: Edge E Drop
2026-06-08 14:54:16.643: [INFO][Sync] Loading: Edge Hub App Usage
2026-06-08 14:54:16.643: [INFO][Sync] Loading: Edge Wallet
2026-06-08 14:54:16.643: [INFO][Sync] Loading: Edge Workspace
2026-06-08 14:54:16.651: [INFO][Sync] All data types are ready for configure.
2026-06-08 14:54:17.356: [INFO][Sync] Connection status changed to: 2
2026-06-08 14:54:17.356: [INFO][SyncEngineBackend::DoStartConfiguration] Start configuration
2026-06-08 14:54:17.356: [INFO][SyncManagerImpl::NudgeForInitialDownload] Initial download nudge for Bookmarks
2026-06-08 14:54:17.356: [INFO][SyncManagerImpl::NudgeForInitialDownload] Initial download nudge for Preferences
2026-06-08 14:54:17.356: [INFO][SyncManagerImpl::NudgeForInitialDownload] Initial download nudge for Extensions
2026-06-08 14:54:17.356: [INFO][SyncManagerImpl::NudgeForInitialDownload] Initial download nudge for Sessions
2026-06-08 14:54:17.356: [INFO][SyncManagerImpl::NudgeForInitialDownload] Initial download nudge for Extension settings
2026-06-08 14:54:17.356: [INFO][SyncManagerImpl::NudgeForInitialDownload] Initial download nudge for History Delete Directives
2026-06-08 14:54:17.356: [INFO][SyncManagerImpl::NudgeForInitialDownload] Initial download nudge for Device Info
2026-06-08 14:54:17.356: [INFO][SyncManagerImpl::NudgeForInitialDownload] Initial download nudge for Send Tab To Self
2026-06-08 14:54:17.356: [INFO][SyncManagerImpl::NudgeForInitialDownload] Initial download nudge for Web Apps
2026-06-08 14:54:17.356: [INFO][SyncManagerImpl::NudgeForInitialDownload] Initial download nudge for History
2026-06-08 14:54:17.356: [INFO][SyncManagerImpl::NudgeForInitialDownload] Initial download nudge for Saved Tab Group
2026-06-08 14:54:17.356: [INFO][SyncManagerImpl::NudgeForInitialDownload] Initial download nudge for WebAuthn Credentials
2026-06-08 14:54:17.356: [INFO][SyncManagerImpl::NudgeForInitialDownload] Initial download nudge for Edge E Drop
2026-06-08 14:54:17.356: [INFO][SyncManagerImpl::NudgeForInitialDownload] Initial download nudge for Edge Hub App Usage
2026-06-08 14:54:17.356: [INFO][SyncManagerImpl::NudgeForInitialDownload] Initial download nudge for Edge Wallet
2026-06-08 14:54:17.356: [INFO][SyncManagerImpl::NudgeForInitialDownload] Initial download nudge for Edge Workspace
2026-06-08 14:54:17.356: [INFO][SyncManagerImpl::ConfigureSyncer] Types to download:  with reason: 3
2026-06-08 14:54:17.356: [INFO][SyncEngineBackend::DoFinishConfigureDataTypes] Failed to download types:  and succeeded types: 
2026-06-08 14:54:17.360: [INFO][Sync] ConfigurationDone, failed: , succeeded: , remaining count: 4
2026-06-08 14:54:17.360: [INFO][Sync] Prepare to configure types: Preferences, Device Info, Send Tab To Self, Edge E Drop, Encryption Keys
2026-06-08 14:54:17.360: [INFO][SyncManagerImpl::ConfigureSyncer] Types to download: Preferences, Device Info, Send Tab To Self, Edge E Drop, Encryption Keys with reason: 3
2026-06-08 14:54:17.360: [INFO][SyncSchedulerImpl::DoConfigurationSyncCycleJob] Blocked types:  and types to download: Preferences, Device Info, Send Tab To Self, Edge E Drop, Encryption Keys
2026-06-08 14:54:17.439: [INFO][SyncAuthManager::SetLastAuthError] Current auth error: None
2026-06-08 14:54:17.439: [INFO][SyncAuthManager::EdgeLogTokenErrorState] Token error with: None for account type: MSA
2026-06-08 14:54:17.439: [INFO][Sync] Credentials changed for: EdgeSyncKeyDataScope
2026-06-08 14:54:17.717: [INFO][SyncEngineBackend::DoFinishConfigureDataTypes] Failed to download types:  and succeeded types: Preferences, Device Info, Send Tab To Self, Edge E Drop, Encryption Keys
2026-06-08 14:54:17.727: [INFO][Sync] ConfigurationDone, failed: , succeeded: Preferences, Device Info, Send Tab To Self, Edge E Drop, Encryption Keys, remaining count: 3
2026-06-08 14:54:17.727: [INFO][Sync] Prepare to configure types: Bookmarks, Encryption Keys
2026-06-08 14:54:18.130: [INFO][SyncAuthManager::SetLastAuthError] Current auth error: None
2026-06-08 14:54:18.130: [INFO][SyncAuthManager::EdgeLogTokenErrorState] Token error with: None for account type: MSA
2026-06-08 14:54:18.130: [INFO][Sync] Credentials changed for: EdgeSyncScopeNew
2026-06-08 14:54:18.152: [INFO][SyncEngineBackend::DoUpdateKeyDataCredentials] Update key data credentials
2026-06-08 14:54:18.152: [INFO][SyncManagerImpl::ConfigureSyncer] Types to download: Bookmarks, Encryption Keys with reason: 3
2026-06-08 14:54:18.152: [INFO][SyncEngineBackend::DoUpdateCredentials] Update credentials
2026-06-08 14:54:18.152: [INFO][SyncEngineBackend::DoUpdateKeyDataCredentials] Update key data credentials
2026-06-08 14:54:18.152: [INFO][SyncSchedulerImpl::DoConfigurationSyncCycleJob] Blocked types:  and types to download: Bookmarks, Encryption Keys
2026-06-08 14:54:18.152: [INFO][Sync] Connection status changed to: 2
2026-06-08 14:54:18.553: [INFO][SyncEngineBackend::DoFinishConfigureDataTypes] Failed to download types:  and succeeded types: Bookmarks, Encryption Keys
2026-06-08 14:54:18.588: [INFO][Sync] ConfigurationDone, failed: , succeeded: Bookmarks, Encryption Keys, remaining count: 2
2026-06-08 14:54:18.588: [INFO][Sync] Prepare to configure types: Extensions, Sessions, Extension settings, History Delete Directives, Web Apps, Saved Tab Group, WebAuthn Credentials, Edge Hub App Usage, Edge Wallet, Edge Workspace, Encryption Keys
2026-06-08 14:54:19.213: [INFO][Sync] Connection status changed to: 2
2026-06-08 14:54:19.213: [INFO][SyncManagerImpl::ConfigureSyncer] Types to download: Extensions, Sessions, Extension settings, History Delete Directives, Web Apps, Saved Tab Group, WebAuthn Credentials, Edge Hub App Usage, Edge Wallet, Edge Workspace, Encryption Keys with reason: 3
2026-06-08 14:54:19.213: [INFO][SyncSchedulerImpl::DoConfigurationSyncCycleJob] Blocked types:  and types to download: Extensions, Sessions, Extension settings, History Delete Directives, Web Apps, Saved Tab Group, WebAuthn Credentials, Edge Hub App Usage, Edge Wallet, Edge Workspace, Encryption Keys
2026-06-08 14:54:19.608: [INFO][SyncEngineBackend::DoFinishConfigureDataTypes] Failed to download types:  and succeeded types: Extensions, Sessions, Extension settings, History Delete Directives, Web Apps, Saved Tab Group, WebAuthn Credentials, Edge Hub App Usage, Edge Wallet, Edge Workspace, Encryption Keys
2026-06-08 14:54:19.611: [INFO][Sync] ConfigurationDone, failed: , succeeded: Extensions, Sessions, Extension settings, History Delete Directives, Web Apps, Saved Tab Group, WebAuthn Credentials, Edge Hub App Usage, Edge Wallet, Edge Workspace, Encryption Keys, remaining count: 1
2026-06-08 14:54:19.614: [INFO][Sync] Prepare to configure types: History, Encryption Keys
2026-06-08 14:54:19.975: [INFO][SyncAuthManager::SetLastAuthError] Current auth error: None
2026-06-08 14:54:19.975: [INFO][SyncAuthManager::EdgeLogTokenErrorState] Token error with: None for account type: MSA
2026-06-08 14:54:19.975: [INFO][Sync] Credentials changed for: EdgeSyncKeyDataScope
2026-06-08 14:54:20.048: [INFO][SyncManagerImpl::ConfigureSyncer] Types to download: History, Encryption Keys with reason: 3
2026-06-08 14:54:20.048: [INFO][Sync] Connection status changed to: 2
2026-06-08 14:54:20.048: [INFO][SyncEngineBackend::DoUpdateKeyDataCredentials] Update key data credentials
2026-06-08 14:54:20.048: [INFO][SyncSchedulerImpl::DoConfigurationSyncCycleJob] Blocked types:  and types to download: History, Encryption Keys
2026-06-08 14:54:20.090: [INFO][SyncAuthManager::SetLastAuthError] Current auth error: None
2026-06-08 14:54:20.090: [INFO][SyncAuthManager::EdgeLogTokenErrorState] Token error with: None for account type: MSA
2026-06-08 14:54:20.090: [INFO][Sync] Credentials changed for: EdgeSyncScopeNew
2026-06-08 14:54:20.347: [INFO][SyncEngineBackend::DoFinishConfigureDataTypes] Failed to download types:  and succeeded types: History, Encryption Keys
2026-06-08 14:54:20.349: [INFO][Sync] ConfigurationDone, failed: , succeeded: History, Encryption Keys, remaining count: 0
2026-06-08 14:54:20.351: [INFO][Sync]     Configuration completed, state: 3
2026-06-08 14:54:20.351: [INFO][Sync] Configured DataTypeManager: Ok
2026-06-08 14:54:20.864: [INFO][Sync] Reset engine, reason: 0
2026-06-08 14:54:20.864: [INFO][Sync] Reset engine with reason: 0
2026-06-08 14:54:20.864: [INFO][SyncEngineBackend::DoStartSyncing] Start syncing
