{"logTime": "0608/145503", "correlationVector":"SDyPmHN5lxljJ+OhevArD0.1","action":"SyncServerConnectionManagerRequest", "result":"SYNC_SERVER_OK", "context":{"environment":"Prod_brazilsouth_prod-s01-034-sam-brazilsouth", "migrationStage":"NotStarted", "server":"akswtt10100000q"}}
{"logTime": "0608/145503", "correlationVector":"SDyPmHN5lxljJ+OhevArD0.2","action":"ProcessGetUpdates", "result":"Done", "context":{"dataType":"Encryption Keys", "deleted":"0", "process_failed_to_decrypt":"0", "process_pending_decryption":"0", "process_success":"1", "total":"1"}}
{"logTime": "0608/145504", "correlationVector":"dA2y68uxBYk2by7b2Dcl15","action":"SyncServerConnectionManagerRequest", "result":"SYNC_SERVER_OK", "context":{"environment":"", "migrationStage":"", "server":""}}
{"logTime": "0608/145504", "correlationVector":"dA2y68uxBYk2by7b2Dcl15.0","action":"EncryptionKeysFetcher.DownloadKeys:", "result":"Success", "context":Key count: 9, Last key timestamp: 2026-01-13T01:02:39Z}
{"logTime": "0608/145504", "correlationVector":"dA2y68uxBYk2by7b2Dcl15.1","action":"EncryptionKeysManager::SetEncryptionKeys:", "result":"Success", "context":Key names[9]:[sXZOF0YXUBMS3Q7aC2XdR9MkseRkZ6TZPfUoIOR8AVq5DSuO644o4rBajSpTEoYCC9+0QwWb4cTfMq/KSi2WvQ==][7LfXeVoUoCOn65I6qtzBh7sw8DSTfbPRLNTHzhDLHL2U51gcTR4XZ25kVL9mM/XTKz+6okpLmd7fZBdjxOD/Xg==][sLE+qxoviNwxp6HN/l7K/EDiKDT58Wt35fpjpsUhhUeURCWDdhOcJQ0snxBSLzDciNdQX6QMcD1b0I9U/8IYdA==][w6rPscZoktBM6yDmjuH3wbxhuIuLs4Yjw7gHuwWECtmPurVTujknCIvmI04gyaUhNfp3A7wrcnJJzBdzwWRfqw==][EY1GXdTQqfddqNDWPGiqzFbnDEmTSMsKghX2ljx0cLSkpoQJTYsn/4+OHZBjXEjZo9o7xS0mzfTxcJTgDI4QKQ==][CBIRhkziLil9EOR3fg4m181m/OvEhlkaAZ99KX55M3u3Xw+hAoQ9tm89OYXoF4LIov8xjvVXcaCkuwz+Kn9NWw==][nWEIkxXHogTrB+AmmEbxOr2eKGyl9iLv3eCaSJqPwbIwIKKTBWUxS6UPMG5gxPXc/20/bFEEf0Htdu5N6A7MaQ==][A7AkVEpVljx5jEsbAist/mZgufXtJQRzRkQJuCaUprkkCtmr2pCdUwpMdDYKc3YPN9jvxtBQSCDPdTr+Tizuvw==][rTZbJaCFsaIXlINo9nXF8Kl+vlrTDNA7rYpASIsF457OXdkW94BhBO/yrER182v0S4zLKou96fgu28ImpZ/DZw==]}
{"logTime": "0608/145504", "correlationVector":"dA2y68uxBYk2by7b2Dcl15.2","action":"EncryptionKeysManager::SetEncryptionKeysWithTimestamps:", "result":"Success", "context":Key timestamps[9]:[2022-01-03T20:25:40Z][2022-07-19T22:11:41Z][2023-01-24T16:33:01Z][2023-07-10T14:29:02Z][2024-01-13T05:36:02Z][2024-07-12T14:23:30Z][2025-01-08T15:15:01Z][2025-07-08T14:04:14Z][2026-01-13T01:02:39Z]}
{"logTime": "0608/145504", "correlationVector":"SDyPmHN5lxljJ+OhevArD0","action":"Initial GetUpdates", "result":"", "context":Reason: NEW_CLIENT. cV=SDyPmHN5lxljJ+OhevArD0}
{"logTime": "0608/145504", "correlationVector":"SDyPmHN5lxljJ+OhevArD0.3","action":"GetUpdates Response", "result":"Success", "context":Received 1 update(s). cV=SDyPmHN5lxljJ+OhevArD0.0;server=akswtt10100000q;cloudType=Consumer;environment=Prod_brazilsouth_prod-s01-034-sam-brazilsouth;migrationStage=NotStarted}
{"logTime": "0608/145504", "correlationVector":"vikcXUbWYfmIOvxKmpLOu7","action":"Initial GetUpdates", "result":"", "context":Reason: NEWLY_SUPPORTED_DATATYPE. cV=vikcXUbWYfmIOvxKmpLOu7}
{"logTime": "0608/145505", "correlationVector":"vikcXUbWYfmIOvxKmpLOu7.1","action":"SyncServerConnectionManagerRequest", "result":"SYNC_SERVER_OK", "context":{"environment":"Prod_brazilsouth_prod-s01-034-sam-brazilsouth", "migrationStage":"NotStarted", "server":"akswtt10100000x"}}
{"logTime": "0608/145505", "correlationVector":"vikcXUbWYfmIOvxKmpLOu7.2","action":"ProcessGetUpdates", "result":"Done", "context":{"dataType":"Preferences", "deleted":"0", "process_failed_to_decrypt":"0", "process_pending_decryption":"0", "process_success":"64", "total":"64"}}
{"logTime": "0608/145505", "correlationVector":"vikcXUbWYfmIOvxKmpLOu7.3","action":"ProcessGetUpdates", "result":"Done", "context":{"dataType":"Passwords", "deleted":"0", "process_failed_to_decrypt":"0", "process_pending_decryption":"0", "process_success":"176", "total":"176"}}
{"logTime": "0608/145505", "correlationVector":"vikcXUbWYfmIOvxKmpLOu7.4","action":"ProcessGetUpdates", "result":"Done", "context":{"dataType":"Device Info", "deleted":"0", "process_failed_to_decrypt":"0", "process_pending_decryption":"0", "process_success":"10", "total":"10"}}
{"logTime": "0608/145505", "correlationVector":"vikcXUbWYfmIOvxKmpLOu7.5","action":"GetUpdates Response", "result":"Success", "context":Received 250 update(s). cV=vikcXUbWYfmIOvxKmpLOu7.0;server=akswtt10100000x;cloudType=Consumer;environment=Prod_brazilsouth_prod-s01-034-sam-brazilsouth;migrationStage=NotStarted Some updates remain.}
{"logTime": "0608/145505", "correlationVector":"snsmUfAz1+fe9z/Nd1XI8j","action":"Initial GetUpdates", "result":"", "context":Reason: NEWLY_SUPPORTED_DATATYPE. cV=snsmUfAz1+fe9z/Nd1XI8j}
{"logTime": "0608/145506", "correlationVector":"snsmUfAz1+fe9z/Nd1XI8j.1","action":"SyncServerConnectionManagerRequest", "result":"SYNC_SERVER_OK", "context":{"environment":"Prod_brazilsouth_prod-s01-034-sam-brazilsouth", "migrationStage":"NotStarted", "server":"akswtt101000003"}}
{"logTime": "0608/145506", "correlationVector":"snsmUfAz1+fe9z/Nd1XI8j.2","action":"ProcessGetUpdates", "result":"Done", "context":{"dataType":"Preferences", "deleted":"0", "process_failed_to_decrypt":"0", "process_pending_decryption":"0", "process_success":"8", "total":"8"}}
{"logTime": "0608/145506", "correlationVector":"snsmUfAz1+fe9z/Nd1XI8j.3","action":"ProcessGetUpdates", "result":"Done", "context":{"dataType":"Passwords", "deleted":"0", "process_failed_to_decrypt":"0", "process_pending_decryption":"0", "process_success":"86", "total":"86"}}
{"logTime": "0608/145506", "correlationVector":"snsmUfAz1+fe9z/Nd1XI8j.4","action":"ProcessGetUpdates", "result":"Done", "context":{"dataType":"Device Info", "deleted":"0", "process_failed_to_decrypt":"0", "process_pending_decryption":"0", "process_success":"5", "total":"5"}}
{"logTime": "0608/145506", "correlationVector":"snsmUfAz1+fe9z/Nd1XI8j.5","action":"GetUpdates Response", "result":"Success", "context":Received 99 update(s). cV=snsmUfAz1+fe9z/Nd1XI8j.0;server=akswtt101000003;cloudType=Consumer;environment=Prod_brazilsouth_prod-s01-034-sam-brazilsouth;migrationStage=NotStarted}
{"logTime": "0608/145506", "correlationVector":"WnCHBrdSbXbXmTr2CXVC3t","action":"Initial GetUpdates", "result":"", "context":Reason: NEWLY_SUPPORTED_DATATYPE. cV=WnCHBrdSbXbXmTr2CXVC3t}
{"logTime": "0608/145506", "correlationVector":"WnCHBrdSbXbXmTr2CXVC3t.1","action":"SyncServerConnectionManagerRequest", "result":"SYNC_SERVER_OK", "context":{"environment":"Prod_brazilsouth_prod-s01-034-sam-brazilsouth", "migrationStage":"NotStarted", "server":"akswtt10100000u"}}
{"logTime": "0608/145506", "correlationVector":"WnCHBrdSbXbXmTr2CXVC3t.2","action":"ProcessGetUpdates", "result":"Done", "context":{"dataType":"Bookmarks", "deleted":"0", "process_failed_to_decrypt":"0", "process_pending_decryption":"0", "process_success":"54", "total":"54"}}
{"logTime": "0608/145506", "correlationVector":"WnCHBrdSbXbXmTr2CXVC3t.3","action":"GetUpdates Response", "result":"Success", "context":Received 54 update(s). cV=WnCHBrdSbXbXmTr2CXVC3t.0;server=akswtt10100000u;cloudType=Consumer;environment=Prod_brazilsouth_prod-s01-034-sam-brazilsouth;migrationStage=NotStarted}
{"logTime": "0608/145506", "correlationVector":"GZVNmTDcgL62sq1bdn017H","action":"Initial GetUpdates", "result":"", "context":Reason: NEWLY_SUPPORTED_DATATYPE. cV=GZVNmTDcgL62sq1bdn017H}
{"logTime": "0608/145507", "correlationVector":"GZVNmTDcgL62sq1bdn017H.1","action":"SyncServerConnectionManagerRequest", "result":"SYNC_SERVER_OK", "context":{"environment":"Prod_brazilsouth_prod-s01-034-sam-brazilsouth", "migrationStage":"NotStarted", "server":"akswtt10100000u"}}
{"logTime": "0608/145507", "correlationVector":"GZVNmTDcgL62sq1bdn017H.2","action":"ProcessGetUpdates", "result":"Done", "context":{"dataType":"Autofill", "deleted":"0", "process_failed_to_decrypt":"0", "process_pending_decryption":"0", "process_success":"1", "total":"1"}}
{"logTime": "0608/145507", "correlationVector":"GZVNmTDcgL62sq1bdn017H.3","action":"ProcessGetUpdates", "result":"Done", "context":{"dataType":"Sessions", "deleted":"2", "process_failed_to_decrypt":"0", "process_pending_decryption":"0", "process_success":"10", "total":"10"}}
{"logTime": "0608/145507", "correlationVector":"GZVNmTDcgL62sq1bdn017H.4","action":"ProcessGetUpdates", "result":"Done", "context":{"dataType":"Edge Hub App Usage", "deleted":"1", "process_failed_to_decrypt":"0", "process_pending_decryption":"0", "process_success":"4", "total":"4"}}
{"logTime": "0608/145507", "correlationVector":"GZVNmTDcgL62sq1bdn017H.5","action":"GetUpdates Response", "result":"Success", "context":Received 15 update(s). cV=GZVNmTDcgL62sq1bdn017H.0;server=akswtt10100000u;cloudType=Consumer;environment=Prod_brazilsouth_prod-s01-034-sam-brazilsouth;migrationStage=NotStarted}
{"logTime": "0608/145507", "correlationVector":"8zMa66ioiYg3gahjLwi4Hz","action":"Initial GetUpdates", "result":"", "context":Reason: NEWLY_SUPPORTED_DATATYPE. cV=8zMa66ioiYg3gahjLwi4Hz}
{"logTime": "0608/145507", "correlationVector":"8zMa66ioiYg3gahjLwi4Hz.1","action":"SyncServerConnectionManagerRequest", "result":"SYNC_SERVER_OK", "context":{"environment":"Prod_brazilsouth_prod-s01-034-sam-brazilsouth", "migrationStage":"NotStarted", "server":"akswtt10100000v"}}
{"logTime": "0608/145507", "correlationVector":"8zMa66ioiYg3gahjLwi4Hz.2","action":"ProcessGetUpdates", "result":"Done", "context":{"dataType":"History", "deleted":"0", "process_failed_to_decrypt":"0", "process_pending_decryption":"0", "process_success":"2", "total":"2"}}
{"logTime": "0608/145507", "correlationVector":"8zMa66ioiYg3gahjLwi4Hz.3","action":"GetUpdates Response", "result":"Success", "context":Received 2 update(s). cV=8zMa66ioiYg3gahjLwi4Hz.0;server=akswtt10100000v;cloudType=Consumer;environment=Prod_brazilsouth_prod-s01-034-sam-brazilsouth;migrationStage=NotStarted}
{"logTime": "0608/145507", "correlationVector":"VtloeACZhKXmU7XAkRqrZK","action":"Normal GetUpdate request", "result":"", "context":cV=VtloeACZhKXmU7XAkRqrZK
Nudged types: Sessions, Device Info, User Consents
Refresh requested types: Bookmarks, Preferences, Passwords, Autofill Profiles, Autofill, Extensions, Sessions, Extension settings, History Delete Directives, Device Info, User Consents, Send Tab To Self, Web Apps, History, Saved Tab Group, WebAuthn Credentials, Edge E Drop, Edge Hub App Usage, Edge Wallet, Edge Workspace, Encryption Keys}
{"logTime": "0608/145509", "correlationVector":"VtloeACZhKXmU7XAkRqrZK","action":"SyncServerConnectionManagerRequest", "result":"CONNECTION_UNAVAILABLE", "context":{"error_type":"net_error_code", "error_value":"-3"}}
